TN:
SF:components\modules\analytics\services\analyticsDataService.ts
FN:103,(anonymous_0)
FN:108,(anonymous_1)
FN:131,(anonymous_2)
FN:177,(anonymous_3)
FN:225,(anonymous_4)
FN:258,(anonymous_5)
FN:291,(anonymous_6)
FN:323,(anonymous_7)
FN:353,(anonymous_8)
FN:370,(anonymous_9)
FN:393,(anonymous_10)
FN:419,(anonymous_11)
FN:442,(anonymous_12)
FNF:13
FNH:0
FNDA:0,(anonymous_0)
FNDA:0,(anonymous_1)
FNDA:0,(anonymous_2)
FNDA:0,(anonymous_3)
FNDA:0,(anonymous_4)
FNDA:0,(anonymous_5)
FNDA:0,(anonymous_6)
FNDA:0,(anonymous_7)
FNDA:0,(anonymous_8)
FNDA:0,(anonymous_9)
FNDA:0,(anonymous_10)
FNDA:0,(anonymous_11)
FNDA:0,(anonymous_12)
DA:104,0
DA:105,0
DA:106,0
DA:109,0
DA:110,0
DA:112,0
DA:113,0
DA:116,0
DA:117,0
DA:118,0
DA:119,0
DA:122,0
DA:123,0
DA:124,0
DA:126,0
DA:127,0
DA:132,0
DA:133,0
DA:136,0
DA:139,0
DA:140,0
DA:141,0
DA:142,0
DA:143,0
DA:150,0
DA:157,0
DA:165,0
DA:173,0
DA:178,0
DA:179,0
DA:181,0
DA:212,0
DA:219,0
DA:221,0
DA:226,0
DA:227,0
DA:229,0
DA:231,0
DA:238,0
DA:244,0
DA:252,0
DA:254,0
DA:259,0
DA:260,0
DA:262,0
DA:274,0
DA:285,0
DA:287,0
DA:292,0
DA:293,0
DA:295,0
DA:302,0
DA:309,0
DA:316,0
DA:318,0
DA:324,0
DA:325,0
DA:326,0
DA:327,0
DA:328,0
DA:329,0
DA:335,0
DA:354,0
DA:371,0
DA:394,0
DA:420,0
DA:443,0
DA:447,0
LF:68
LH:0
BRDA:112,0,0,0
BRDA:112,0,1,0
BRDA:112,1,0,0
BRDA:112,1,1,0
BRDA:118,2,0,0
BRDA:118,2,1,0
BRDA:136,3,0,0
BRDA:136,3,1,0
BRDA:184,4,0,0
BRDA:184,4,1,0
BRDA:185,5,0,0
BRDA:185,5,1,0
BRDA:191,6,0,0
BRDA:191,6,1,0
BRDA:192,7,0,0
BRDA:192,7,1,0
BRDA:198,8,0,0
BRDA:198,8,1,0
BRDA:199,9,0,0
BRDA:199,9,1,0
BRDA:205,10,0,0
BRDA:205,10,1,0
BRDA:206,11,0,0
BRDA:206,11,1,0
BRDA:229,12,0,0
BRDA:229,12,1,0
BRF:26
BRH:0
end_of_record
TN:
SF:components\modules\analytics\services\__tests__\analyticsDataService.test.ts
FN:11,(anonymous_0)
FN:12,(anonymous_1)
FN:17,(anonymous_2)
FN:18,(anonymous_3)
FN:28,(anonymous_4)
FN:41,(anonymous_5)
FN:52,(anonymous_6)
FN:61,(anonymous_7)
FN:74,(anonymous_8)
FN:75,(anonymous_9)
FN:84,(anonymous_10)
FN:95,(anonymous_11)
FN:106,(anonymous_12)
FN:107,(anonymous_13)
FN:117,(anonymous_14)
FN:129,(anonymous_15)
FN:130,(anonymous_16)
FN:133,(anonymous_17)
FN:146,(anonymous_18)
FN:147,(anonymous_19)
FN:150,(anonymous_20)
FN:162,(anonymous_21)
FN:163,(anonymous_22)
FN:176,(anonymous_23)
FN:186,(anonymous_24)
FN:187,(anonymous_25)
FN:196,(anonymous_26)
FN:209,(anonymous_27)
FN:218,(anonymous_28)
FN:234,(anonymous_29)
FN:235,(anonymous_30)
FN:244,(anonymous_31)
FN:249,(anonymous_32)
FN:253,(anonymous_33)
FN:262,(anonymous_34)
FN:268,(anonymous_35)
FN:276,(anonymous_36)
FN:277,(anonymous_37)
FN:288,(anonymous_38)
FN:292,(anonymous_39)
FNF:40
FNH:0
FNDA:0,(anonymous_0)
FNDA:0,(anonymous_1)
FNDA:0,(anonymous_2)
FNDA:0,(anonymous_3)
FNDA:0,(anonymous_4)
FNDA:0,(anonymous_5)
FNDA:0,(anonymous_6)
FNDA:0,(anonymous_7)
FNDA:0,(anonymous_8)
FNDA:0,(anonymous_9)
FNDA:0,(anonymous_10)
FNDA:0,(anonymous_11)
FNDA:0,(anonymous_12)
FNDA:0,(anonymous_13)
FNDA:0,(anonymous_14)
FNDA:0,(anonymous_15)
FNDA:0,(anonymous_16)
FNDA:0,(anonymous_17)
FNDA:0,(anonymous_18)
FNDA:0,(anonymous_19)
FNDA:0,(anonymous_20)
FNDA:0,(anonymous_21)
FNDA:0,(anonymous_22)
FNDA:0,(anonymous_23)
FNDA:0,(anonymous_24)
FNDA:0,(anonymous_25)
FNDA:0,(anonymous_26)
FNDA:0,(anonymous_27)
FNDA:0,(anonymous_28)
FNDA:0,(anonymous_29)
FNDA:0,(anonymous_30)
FNDA:0,(anonymous_31)
FNDA:0,(anonymous_32)
FNDA:0,(anonymous_33)
FNDA:0,(anonymous_34)
FNDA:0,(anonymous_35)
FNDA:0,(anonymous_36)
FNDA:0,(anonymous_37)
FNDA:0,(anonymous_38)
FNDA:0,(anonymous_39)
DA:6,0
DA:9,0
DA:11,0
DA:12,0
DA:13,0
DA:14,0
DA:17,0
DA:18,0
DA:19,0
DA:26,0
DA:28,0
DA:31,0
DA:33,0
DA:34,0
DA:35,0
DA:36,0
DA:37,0
DA:38,0
DA:41,0
DA:42,0
DA:44,0
DA:46,0
DA:47,0
DA:48,0
DA:49,0
DA:52,0
DA:53,0
DA:59,0
DA:61,0
DA:65,0
DA:68,0
DA:70,0
DA:74,0
DA:75,0
DA:76,0
DA:82,0
DA:84,0
DA:87,0
DA:89,0
DA:90,0
DA:91,0
DA:92,0
DA:95,0
DA:96,0
DA:98,0
DA:100,0
DA:101,0
DA:102,0
DA:106,0
DA:107,0
DA:108,0
DA:115,0
DA:117,0
DA:120,0
DA:122,0
DA:123,0
DA:124,0
DA:125,0
DA:129,0
DA:130,0
DA:131,0
DA:133,0
DA:136,0
DA:138,0
DA:139,0
DA:140,0
DA:141,0
DA:142,0
DA:146,0
DA:147,0
DA:148,0
DA:150,0
DA:153,0
DA:155,0
DA:156,0
DA:157,0
DA:158,0
DA:162,0
DA:163,0
DA:164,0
DA:170,0
DA:173,0
DA:176,0
DA:177,0
DA:179,0
DA:182,0
DA:186,0
DA:187,0
DA:188,0
DA:194,0
DA:196,0
DA:200,0
DA:203,0
DA:205,0
DA:206,0
DA:209,0
DA:210,0
DA:216,0
DA:218,0
DA:222,0
DA:225,0
DA:228,0
DA:230,0
DA:234,0
DA:235,0
DA:236,0
DA:242,0
DA:244,0
DA:247,0
DA:249,0
DA:250,0
DA:253,0
DA:254,0
DA:260,0
DA:262,0
DA:265,0
DA:268,0
DA:269,0
DA:270,0
DA:271,0
DA:276,0
DA:277,0
DA:278,0
DA:281,0
DA:285,0
DA:288,0
DA:292,0
DA:295,0
DA:298,0
DA:300,0
DA:302,0
DA:303,0
LF:132
LH:0
BRF:0
BRH:0
end_of_record
TN:
SF:src\App.tsx
FN:12,(anonymous_0)
FN:15,(anonymous_1)
FN:36,(anonymous_2)
FN:36,(anonymous_3)
FN:37,(anonymous_4)
FN:63,(anonymous_5)
FN:64,(anonymous_6)
FN:72,(anonymous_7)
FNF:8
FNH:0
FNDA:0,(anonymous_0)
FNDA:0,(anonymous_1)
FNDA:0,(anonymous_2)
FNDA:0,(anonymous_3)
FNDA:0,(anonymous_4)
FNDA:0,(anonymous_5)
FNDA:0,(anonymous_6)
FNDA:0,(anonymous_7)
DA:1,0
DA:2,0
DA:3,0
DA:4,0
DA:5,0
DA:6,0
DA:7,0
DA:8,0
DA:9,0
DA:10,0
DA:12,0
DA:13,0
DA:15,0
DA:16,0
DA:17,0
DA:18,0
DA:19,0
DA:21,0
DA:22,0
DA:25,0
DA:26,0
DA:27,0
DA:28,0
DA:30,0
DA:31,0
DA:36,0
DA:37,0
DA:39,0
DA:63,0
DA:64,0
DA:72,0
DA:73,0
DA:84,0
LF:33
LH:0
BRDA:17,0,0,0
BRDA:17,0,1,0
BRDA:26,1,0,0
BRDA:26,1,1,0
BRDA:36,2,0,0
BRDA:36,2,1,0
BRDA:37,3,0,0
BRDA:37,3,1,0
BRDA:40,4,0,0
BRDA:40,4,1,0
BRDA:46,5,0,0
BRDA:46,5,1,0
BRDA:61,6,0,0
BRDA:61,6,1,0
BRDA:61,6,2,0
BRDA:67,7,0,0
BRDA:67,7,1,0
BRF:17
BRH:0
end_of_record
TN:
SF:src\constants.tsx
FN:35,(anonymous_0)
FN:36,(anonymous_1)
FNF:2
FNH:0
FNDA:0,(anonymous_0)
FNDA:0,(anonymous_1)
DA:2,0
DA:3,0
DA:4,0
DA:5,0
DA:6,0
DA:7,0
DA:8,0
DA:9,0
DA:10,0
DA:11,0
DA:12,0
DA:13,0
DA:14,0
DA:15,0
DA:16,0
DA:17,0
DA:18,0
DA:20,0
DA:32,0
DA:35,0
DA:36,0
LF:21
LH:0
BRF:0
BRH:0
end_of_record
TN:
SF:src\types.ts
FN:3,(anonymous_0)
FN:15,(anonymous_1)
FNF:2
FNH:0
FNDA:0,(anonymous_0)
FNDA:0,(anonymous_1)
DA:3,0
DA:4,0
DA:5,0
DA:6,0
DA:7,0
DA:8,0
DA:9,0
DA:10,0
DA:11,0
DA:12,0
DA:15,0
DA:16,0
DA:17,0
DA:18,0
DA:19,0
DA:20,0
DA:21,0
LF:17
LH:0
BRDA:3,0,0,0
BRDA:3,0,1,0
BRDA:15,1,0,0
BRDA:15,1,1,0
BRF:4
BRH:0
end_of_record
TN:
SF:src\components\icons.tsx
FN:2,(anonymous_0)
FNF:1
FNH:1
FNDA:3742,(anonymous_0)
DA:2,3758
LF:1
LH:1
BRF:0
BRH:0
end_of_record
TN:
SF:src\components\admin\MonitoringDashboard.tsx
FN:30,(anonymous_0)
FN:35,(anonymous_1)
FN:45,(anonymous_2)
FN:49,(anonymous_3)
FN:52,(anonymous_4)
FN:56,(anonymous_5)
FN:64,(anonymous_6)
FN:106,(anonymous_7)
FN:112,(anonymous_8)
FN:139,(anonymous_9)
FN:151,(anonymous_10)
FN:178,(anonymous_11)
FN:201,(anonymous_12)
FN:214,(anonymous_13)
FNF:14
FNH:0
FNDA:0,(anonymous_0)
FNDA:0,(anonymous_1)
FNDA:0,(anonymous_2)
FNDA:0,(anonymous_3)
FNDA:0,(anonymous_4)
FNDA:0,(anonymous_5)
FNDA:0,(anonymous_6)
FNDA:0,(anonymous_7)
FNDA:0,(anonymous_8)
FNDA:0,(anonymous_9)
FNDA:0,(anonymous_10)
FNDA:0,(anonymous_11)
FNDA:0,(anonymous_12)
FNDA:0,(anonymous_13)
DA:6,0
DA:7,0
DA:8,0
DA:30,0
DA:31,0
DA:32,0
DA:33,0
DA:35,0
DA:36,0
DA:37,0
DA:39,0
DA:45,0
DA:46,0
DA:49,0
DA:50,0
DA:51,0
DA:52,0
DA:56,0
DA:57,0
DA:58,0
DA:59,0
DA:60,0
DA:64,0
DA:65,0
DA:66,0
DA:68,0
DA:74,0
DA:78,0
DA:79,0
DA:80,0
DA:81,0
DA:82,0
DA:83,0
DA:84,0
DA:85,0
DA:88,0
DA:89,0
DA:97,0
DA:106,0
DA:112,0
DA:140,0
DA:152,0
DA:179,0
DA:202,0
DA:215,0
LF:45
LH:0
BRDA:50,0,0,0
BRDA:50,0,1,0
BRDA:57,1,0,0
BRDA:57,1,1,0
BRDA:88,2,0,0
BRDA:88,2,1,0
BRDA:226,3,0,0
BRDA:226,3,1,0
BRF:8
BRH:0
end_of_record
TN:
SF:src\components\agentic\AIAgentTools.tsx
FN:8,(anonymous_0)
FN:136,(anonymous_1)
FN:140,(anonymous_2)
FN:165,(anonymous_3)
FN:198,(anonymous_4)
FN:205,(anonymous_5)
FN:213,(anonymous_6)
FN:232,(anonymous_7)
FN:241,(anonymous_8)
FN:254,(anonymous_9)
FN:270,(anonymous_10)
FN:273,(anonymous_11)
FN:302,(anonymous_12)
FN:317,(anonymous_13)
FN:329,(anonymous_14)
FN:351,(anonymous_15)
FN:372,(anonymous_16)
FN:392,(anonymous_17)
FN:415,(anonymous_18)
FN:432,(anonymous_19)
FN:445,(anonymous_20)
FN:454,(anonymous_21)
FN:464,(anonymous_22)
FN:487,(anonymous_23)
FNF:24
FNH:0
FNDA:0,(anonymous_0)
FNDA:0,(anonymous_1)
FNDA:0,(anonymous_2)
FNDA:0,(anonymous_3)
FNDA:0,(anonymous_4)
FNDA:0,(anonymous_5)
FNDA:0,(anonymous_6)
FNDA:0,(anonymous_7)
FNDA:0,(anonymous_8)
FNDA:0,(anonymous_9)
FNDA:0,(anonymous_10)
FNDA:0,(anonymous_11)
FNDA:0,(anonymous_12)
FNDA:0,(anonymous_13)
FNDA:0,(anonymous_14)
FNDA:0,(anonymous_15)
FNDA:0,(anonymous_16)
FNDA:0,(anonymous_17)
FNDA:0,(anonymous_18)
FNDA:0,(anonymous_19)
FNDA:0,(anonymous_20)
FNDA:0,(anonymous_21)
FNDA:0,(anonymous_22)
FNDA:0,(anonymous_23)
DA:1,0
DA:2,0
DA:8,0
DA:9,0
DA:10,0
DA:11,0
DA:12,0
DA:13,0
DA:14,0
DA:15,0
DA:18,0
DA:60,0
DA:84,0
DA:111,0
DA:136,0
DA:137,0
DA:140,0
DA:141,0
DA:142,0
DA:144,0
DA:146,0
DA:147,0
DA:149,0
DA:150,0
DA:152,0
DA:153,0
DA:155,0
DA:156,0
DA:159,0
DA:161,0
DA:165,0
DA:166,0
DA:167,0
DA:168,0
DA:170,0
DA:174,0
DA:175,0
DA:177,0
DA:181,0
DA:182,0
DA:184,0
DA:188,0
DA:189,0
DA:192,0
DA:194,0
DA:198,0
DA:199,0
DA:200,0
DA:201,0
DA:205,0
DA:207,0
DA:209,0
DA:213,0
DA:214,0
DA:216,0
DA:217,0
DA:218,0
DA:223,0
DA:226,0
DA:228,0
DA:232,0
DA:233,0
DA:234,0
DA:235,0
DA:236,0
DA:237,0
DA:241,0
DA:242,0
DA:243,0
DA:244,0
DA:247,0
DA:254,0
DA:271,0
DA:273,0
DA:303,0
DA:317,0
DA:330,0
DA:352,0
DA:373,0
DA:393,0
DA:416,0
DA:433,0
DA:446,0
DA:455,0
DA:465,0
DA:487,0
DA:514,0
LF:87
LH:0
BRDA:8,0,0,0
BRDA:144,1,0,0
BRDA:144,1,1,0
BRDA:144,1,2,0
BRDA:144,1,3,0
BRDA:168,2,0,0
BRDA:168,2,1,0
BRDA:168,2,2,0
BRDA:214,3,0,0
BRDA:214,3,1,0
BRDA:233,4,0,0
BRDA:233,4,1,0
BRDA:233,4,2,0
BRDA:233,4,3,0
BRDA:242,5,0,0
BRDA:242,5,1,0
BRDA:243,6,0,0
BRDA:243,6,1,0
BRDA:258,7,0,0
BRDA:258,7,1,0
BRDA:275,8,0,0
BRDA:275,8,1,0
BRDA:281,9,0,0
BRDA:281,9,1,0
BRDA:293,10,0,0
BRDA:293,10,1,0
BRDA:338,11,0,0
BRDA:338,11,1,0
BRDA:338,11,2,0
BRDA:347,12,0,0
BRDA:347,12,1,0
BRDA:358,13,0,0
BRDA:358,13,1,0
BRDA:368,14,0,0
BRDA:368,14,1,0
BRDA:388,15,0,0
BRDA:388,15,1,0
BRDA:428,16,0,0
BRDA:428,16,1,0
BRDA:476,17,0,0
BRDA:476,17,1,0
BRDA:500,18,0,0
BRDA:500,18,1,0
BRDA:503,19,0,0
BRDA:503,19,1,0
BRF:45
BRH:0
end_of_record
TN:
SF:src\components\agentic\AgentMemorySystem.tsx
FN:8,(anonymous_0)
FN:90,(anonymous_1)
FN:91,(anonymous_2)
FN:107,(anonymous_3)
FN:110,(anonymous_4)
FN:114,(anonymous_5)
FN:123,(anonymous_6)
FN:126,(anonymous_7)
FN:138,(anonymous_8)
FN:151,(anonymous_9)
FN:159,(anonymous_10)
FN:171,(anonymous_11)
FN:197,(anonymous_12)
FN:200,(anonymous_13)
FN:227,(anonymous_14)
FN:230,(anonymous_15)
FN:232,(anonymous_16)
FN:240,(anonymous_17)
FN:260,(anonymous_18)
FN:279,(anonymous_19)
FN:280,(anonymous_20)
FN:299,(anonymous_21)
FN:323,(anonymous_22)
FN:323,(anonymous_23)
FN:333,(anonymous_24)
FN:333,(anonymous_25)
FN:337,(anonymous_26)
FN:339,(anonymous_27)
FN:349,(anonymous_28)
FN:349,(anonymous_29)
FN:358,(anonymous_30)
FNF:31
FNH:0
FNDA:0,(anonymous_0)
FNDA:0,(anonymous_1)
FNDA:0,(anonymous_2)
FNDA:0,(anonymous_3)
FNDA:0,(anonymous_4)
FNDA:0,(anonymous_5)
FNDA:0,(anonymous_6)
FNDA:0,(anonymous_7)
FNDA:0,(anonymous_8)
FNDA:0,(anonymous_9)
FNDA:0,(anonymous_10)
FNDA:0,(anonymous_11)
FNDA:0,(anonymous_12)
FNDA:0,(anonymous_13)
FNDA:0,(anonymous_14)
FNDA:0,(anonymous_15)
FNDA:0,(anonymous_16)
FNDA:0,(anonymous_17)
FNDA:0,(anonymous_18)
FNDA:0,(anonymous_19)
FNDA:0,(anonymous_20)
FNDA:0,(anonymous_21)
FNDA:0,(anonymous_22)
FNDA:0,(anonymous_23)
FNDA:0,(anonymous_24)
FNDA:0,(anonymous_25)
FNDA:0,(anonymous_26)
FNDA:0,(anonymous_27)
FNDA:0,(anonymous_28)
FNDA:0,(anonymous_29)
FNDA:0,(anonymous_30)
DA:1,0
DA:2,0
DA:8,0
DA:9,0
DA:10,0
DA:11,0
DA:12,0
DA:13,0
DA:14,0
DA:15,0
DA:23,0
DA:80,0
DA:90,0
DA:91,0
DA:92,0
DA:93,0
DA:95,0
DA:96,0
DA:98,0
DA:100,0
DA:104,0
DA:107,0
DA:108,0
DA:110,0
DA:111,0
DA:114,0
DA:115,0
DA:116,0
DA:117,0
DA:120,0
DA:121,0
DA:123,0
DA:124,0
DA:127,0
DA:130,0
DA:132,0
DA:134,0
DA:138,0
DA:139,0
DA:141,0
DA:142,0
DA:151,0
DA:152,0
DA:153,0
DA:155,0
DA:159,0
DA:160,0
DA:168,0
DA:171,0
DA:172,0
DA:180,0
DA:198,0
DA:200,0
DA:227,0
DA:231,0
DA:232,0
DA:241,0
DA:261,0
DA:279,0
DA:280,0
DA:300,0
DA:323,0
DA:333,0
DA:338,0
DA:339,0
DA:349,0
DA:358,0
DA:378,0
LF:68
LH:0
BRDA:8,0,0,0
BRDA:108,1,0,0
BRDA:108,1,1,0
BRDA:115,2,0,0
BRDA:115,2,1,0
BRDA:124,3,0,0
BRDA:124,3,1,0
BRDA:124,3,2,0
BRDA:139,4,0,0
BRDA:139,4,1,0
BRDA:139,5,0,0
BRDA:139,5,1,0
BRDA:146,6,0,0
BRDA:146,6,1,0
BRDA:168,7,0,0
BRDA:168,7,1,0
BRDA:202,8,0,0
BRDA:202,8,1,0
BRDA:208,9,0,0
BRDA:208,9,1,0
BRDA:220,10,0,0
BRDA:220,10,1,0
BRDA:245,11,0,0
BRDA:245,11,1,0
BRDA:258,12,0,0
BRDA:258,12,1,0
BRDA:262,13,0,0
BRDA:262,13,1,0
BRDA:273,14,0,0
BRDA:273,14,1,0
BRDA:280,15,0,0
BRDA:280,15,1,0
BRDA:289,16,0,0
BRDA:289,16,1,0
BRDA:303,17,0,0
BRDA:303,17,1,0
BRDA:316,18,0,0
BRDA:316,18,1,0
BRDA:365,19,0,0
BRDA:365,19,1,0
BRF:40
BRH:0
end_of_record
TN:
SF:src\components\agentic\AgenticToolsDashboard.tsx
FN:11,(anonymous_0)
FN:30,(anonymous_1)
FN:31,(anonymous_2)
FN:84,(anonymous_3)
FN:102,(anonymous_4)
FN:241,(anonymous_5)
FN:255,(anonymous_6)
FN:256,(anonymous_7)
FN:257,(anonymous_8)
FN:258,(anonymous_9)
FN:259,(anonymous_10)
FN:273,(anonymous_11)
FN:313,(anonymous_12)
FN:316,(anonymous_13)
FNF:14
FNH:0
FNDA:0,(anonymous_0)
FNDA:0,(anonymous_1)
FNDA:0,(anonymous_2)
FNDA:0,(anonymous_3)
FNDA:0,(anonymous_4)
FNDA:0,(anonymous_5)
FNDA:0,(anonymous_6)
FNDA:0,(anonymous_7)
FNDA:0,(anonymous_8)
FNDA:0,(anonymous_9)
FNDA:0,(anonymous_10)
FNDA:0,(anonymous_11)
FNDA:0,(anonymous_12)
FNDA:0,(anonymous_13)
DA:1,0
DA:2,0
DA:3,0
DA:4,0
DA:11,0
DA:12,0
DA:13,0
DA:22,0
DA:30,0
DA:31,0
DA:32,0
DA:34,0
DA:36,0
DA:40,0
DA:43,0
DA:84,0
DA:85,0
DA:103,0
DA:242,0
DA:255,0
DA:256,0
DA:257,0
DA:258,0
DA:260,0
DA:273,0
DA:274,0
DA:294,0
DA:314,0
DA:316,0
DA:347,0
LF:30
LH:0
BRDA:11,0,0,0
BRDA:318,1,0,0
BRDA:318,1,1,0
BRDA:325,2,0,0
BRDA:325,2,1,0
BRDA:337,3,0,0
BRDA:337,3,1,0
BRDA:338,4,0,0
BRDA:338,4,1,0
BRDA:339,5,0,0
BRDA:339,5,1,0
BRDA:340,6,0,0
BRDA:340,6,1,0
BRDA:341,7,0,0
BRDA:341,7,1,0
BRF:15
BRH:0
end_of_record
TN:
SF:src\components\agentic\TaskManagementDashboard.tsx
FN:9,(anonymous_0)
FN:95,(anonymous_1)
FN:96,(anonymous_2)
FN:117,(anonymous_3)
FN:126,(anonymous_4)
FN:132,(anonymous_5)
FN:145,(anonymous_6)
FN:146,(anonymous_7)
FN:148,(anonymous_8)
FN:195,(anonymous_9)
FN:242,(anonymous_10)
FN:245,(anonymous_11)
FN:261,(anonymous_12)
FN:264,(anonymous_13)
FN:289,(anonymous_14)
FN:299,(anonymous_15)
FN:329,(anonymous_16)
FN:330,(anonymous_17)
FN:331,(anonymous_18)
FN:332,(anonymous_19)
FN:344,(anonymous_20)
FN:345,(anonymous_21)
FN:346,(anonymous_22)
FN:347,(anonymous_23)
FNF:24
FNH:0
FNDA:0,(anonymous_0)
FNDA:0,(anonymous_1)
FNDA:0,(anonymous_2)
FNDA:0,(anonymous_3)
FNDA:0,(anonymous_4)
FNDA:0,(anonymous_5)
FNDA:0,(anonymous_6)
FNDA:0,(anonymous_7)
FNDA:0,(anonymous_8)
FNDA:0,(anonymous_9)
FNDA:0,(anonymous_10)
FNDA:0,(anonymous_11)
FNDA:0,(anonymous_12)
FNDA:0,(anonymous_13)
FNDA:0,(anonymous_14)
FNDA:0,(anonymous_15)
FNDA:0,(anonymous_16)
FNDA:0,(anonymous_17)
FNDA:0,(anonymous_18)
FNDA:0,(anonymous_19)
FNDA:0,(anonymous_20)
FNDA:0,(anonymous_21)
FNDA:0,(anonymous_22)
FNDA:0,(anonymous_23)
DA:1,0
DA:9,0
DA:13,0
DA:14,0
DA:15,0
DA:16,0
DA:17,0
DA:18,0
DA:21,0
DA:70,0
DA:80,0
DA:95,0
DA:96,0
DA:97,0
DA:98,0
DA:100,0
DA:101,0
DA:102,0
DA:104,0
DA:105,0
DA:108,0
DA:110,0
DA:114,0
DA:117,0
DA:118,0
DA:119,0
DA:120,0
DA:121,0
DA:122,0
DA:126,0
DA:127,0
DA:128,0
DA:129,0
DA:132,0
DA:133,0
DA:134,0
DA:135,0
DA:145,0
DA:146,0
DA:148,0
DA:149,0
DA:196,0
DA:218,0
DA:219,0
DA:233,0
DA:242,0
DA:246,0
DA:262,0
DA:264,0
DA:289,0
DA:300,0
DA:329,0
DA:330,0
DA:331,0
DA:333,0
DA:344,0
DA:345,0
DA:346,0
DA:348,0
DA:368,0
LF:60
LH:0
BRDA:11,0,0,0
BRDA:16,1,0,0
BRDA:16,1,1,0
BRDA:104,2,0,0
BRDA:104,2,1,0
BRDA:104,3,0,0
BRDA:104,3,1,0
BRDA:118,4,0,0
BRDA:118,4,1,0
BRDA:118,4,2,0
BRDA:118,4,3,0
BRDA:127,5,0,0
BRDA:127,5,1,0
BRDA:128,6,0,0
BRDA:128,6,1,0
BRDA:134,7,0,0
BRDA:134,7,1,0
BRDA:134,8,0,0
BRDA:134,8,1,0
BRDA:145,9,0,0
BRDA:149,10,0,0
BRDA:149,10,1,0
BRDA:158,11,0,0
BRDA:158,11,1,0
BRDA:169,12,0,0
BRDA:169,12,1,0
BRDA:180,13,0,0
BRDA:180,13,1,0
BRDA:180,14,0,0
BRDA:180,14,1,0
BRDA:187,15,0,0
BRDA:187,15,1,0
BRDA:187,16,0,0
BRDA:187,16,1,0
BRDA:193,17,0,0
BRDA:193,17,1,0
BRDA:193,17,2,0
BRDA:203,18,0,0
BRDA:203,18,1,0
BRDA:203,18,2,0
BRDA:218,19,0,0
BRDA:218,19,1,0
BRDA:266,20,0,0
BRDA:266,20,1,0
BRDA:272,21,0,0
BRDA:272,21,1,0
BRDA:284,22,0,0
BRDA:284,22,1,0
BRDA:296,23,0,0
BRDA:296,23,1,0
BRDA:321,24,0,0
BRDA:321,24,1,0
BRDA:331,25,0,0
BRDA:331,25,1,0
BRDA:344,26,0,0
BRDA:344,26,1,0
BRDA:345,27,0,0
BRDA:345,27,1,0
BRDA:345,28,0,0
BRDA:345,28,1,0
BRDA:345,29,0,0
BRDA:345,29,1,0
BRDA:346,30,0,0
BRDA:346,30,1,0
BRF:64
BRH:0
end_of_record
TN:
SF:src\components\common\AIProviderWrapper.tsx
FN:44,(anonymous_0)
FN:75,(anonymous_1)
FN:78,(anonymous_2)
FN:111,(anonymous_3)
FN:137,(anonymous_4)
FN:193,(anonymous_5)
FN:200,(anonymous_6)
FN:205,(anonymous_7)
FN:222,(anonymous_8)
FN:229,(anonymous_9)
FN:232,(anonymous_10)
FN:248,(anonymous_11)
FN:252,(anonymous_12)
FN:253,(anonymous_13)
FN:264,(anonymous_14)
FN:297,(anonymous_15)
FN:306,(anonymous_16)
FN:317,(anonymous_17)
FN:336,(anonymous_18)
FN:341,(anonymous_19)
FN:345,(anonymous_20)
FN:349,(anonymous_21)
FN:356,(anonymous_22)
FNF:23
FNH:0
FNDA:0,(anonymous_0)
FNDA:0,(anonymous_1)
FNDA:0,(anonymous_2)
FNDA:0,(anonymous_3)
FNDA:0,(anonymous_4)
FNDA:0,(anonymous_5)
FNDA:0,(anonymous_6)
FNDA:0,(anonymous_7)
FNDA:0,(anonymous_8)
FNDA:0,(anonymous_9)
FNDA:0,(anonymous_10)
FNDA:0,(anonymous_11)
FNDA:0,(anonymous_12)
FNDA:0,(anonymous_13)
FNDA:0,(anonymous_14)
FNDA:0,(anonymous_15)
FNDA:0,(anonymous_16)
FNDA:0,(anonymous_17)
FNDA:0,(anonymous_18)
FNDA:0,(anonymous_19)
FNDA:0,(anonymous_20)
FNDA:0,(anonymous_21)
FNDA:0,(anonymous_22)
DA:7,0
DA:8,0
DA:9,0
DA:41,0
DA:44,0
DA:45,0
DA:47,0
DA:75,0
DA:76,0
DA:78,0
DA:79,0
DA:80,0
DA:81,0
DA:82,0
DA:85,0
DA:111,0
DA:120,0
DA:123,0
DA:124,0
DA:125,0
DA:126,0
DA:127,0
DA:128,0
DA:129,0
DA:137,0
DA:138,0
DA:139,0
DA:141,0
DA:142,0
DA:143,0
DA:145,0
DA:146,0
DA:149,0
DA:150,0
DA:151,0
DA:152,0
DA:153,0
DA:155,0
DA:158,0
DA:161,0
DA:162,0
DA:170,0
DA:171,0
DA:172,0
DA:175,0
DA:176,0
DA:177,0
DA:178,0
DA:179,0
DA:180,0
DA:181,0
DA:182,0
DA:184,0
DA:188,0
DA:193,0
DA:194,0
DA:195,0
DA:200,0
DA:201,0
DA:205,0
DA:206,0
DA:207,0
DA:208,0
DA:209,0
DA:210,0
DA:211,0
DA:212,0
DA:213,0
DA:215,0
DA:217,0
DA:222,0
DA:223,0
DA:224,0
DA:229,0
DA:230,0
DA:232,0
DA:233,0
DA:234,0
DA:235,0
DA:236,0
DA:237,0
DA:239,0
DA:240,0
DA:243,0
DA:244,0
DA:248,0
DA:252,0
DA:253,0
DA:254,0
DA:255,0
DA:256,0
DA:258,0
DA:262,0
DA:263,0
DA:264,0
DA:268,0
DA:281,0
DA:297,0
DA:298,0
DA:299,0
DA:300,0
DA:302,0
DA:306,0
DA:307,0
DA:309,0
DA:310,0
DA:313,0
DA:317,0
DA:318,0
DA:320,0
DA:332,0
DA:337,0
DA:338,0
DA:342,0
DA:346,0
DA:350,0
DA:351,0
DA:356,0
DA:364,0
DA:368,0
LF:120
LH:0
BRDA:45,0,0,0
BRDA:45,0,1,0
BRDA:62,1,0,0
BRDA:62,1,1,0
BRDA:63,2,0,0
BRDA:63,2,1,0
BRDA:64,3,0,0
BRDA:64,3,1,0
BRDA:65,4,0,0
BRDA:65,4,1,0
BRDA:76,5,0,0
BRDA:76,5,1,0
BRDA:79,6,0,0
BRDA:79,6,1,0
BRDA:80,7,0,0
BRDA:80,7,1,0
BRDA:81,8,0,0
BRDA:81,8,1,0
BRDA:101,9,0,0
BRDA:101,9,1,0
BRDA:102,10,0,0
BRDA:102,10,1,0
BRDA:103,11,0,0
BRDA:103,11,1,0
BRDA:104,12,0,0
BRDA:104,12,1,0
BRDA:113,13,0,0
BRDA:116,14,0,0
BRDA:117,15,0,0
BRDA:118,16,0,0
BRDA:119,17,0,0
BRDA:137,18,0,0
BRDA:143,19,0,0
BRDA:143,19,1,0
BRDA:150,20,0,0
BRDA:150,20,1,0
BRDA:171,21,0,0
BRDA:171,21,1,0
BRDA:175,22,0,0
BRDA:175,22,1,0
BRDA:175,23,0,0
BRDA:175,23,1,0
BRDA:194,24,0,0
BRDA:194,24,1,0
BRDA:215,25,0,0
BRDA:215,25,1,0
BRDA:223,26,0,0
BRDA:223,26,1,0
BRDA:230,27,0,0
BRDA:230,27,1,0
BRDA:230,28,0,0
BRDA:230,28,1,0
BRDA:234,29,0,0
BRDA:234,29,1,0
BRDA:284,30,0,0
BRDA:284,30,1,0
BRDA:285,31,0,0
BRDA:285,31,1,0
BRDA:299,32,0,0
BRDA:299,32,1,0
BRDA:309,33,0,0
BRDA:309,33,1,0
BRDA:309,34,0,0
BRDA:309,34,1,0
BRDA:323,35,0,0
BRDA:323,35,1,0
BRDA:324,36,0,0
BRDA:324,36,1,0
BRDA:325,37,0,0
BRDA:325,37,1,0
BRDA:326,38,0,0
BRDA:326,38,1,0
BRDA:350,39,0,0
BRDA:350,39,1,0
BRDA:352,40,0,0
BRDA:352,40,1,0
BRF:76
BRH:0
end_of_record
TN:
SF:src\components\common\ErrorBoundary.tsx
FN:29,(anonymous_0)
FN:102,(anonymous_1)
FN:120,(anonymous_2)
FN:140,(anonymous_3)
FN:37,(anonymous_4)
FN:44,(anonymous_5)
FN:82,(anonymous_6)
FN:94,(anonymous_7)
FN:147,(anonymous_8)
FN:218,(anonymous_9)
FN:353,withErrorBoundary
FN:357,(anonymous_11)
FNF:12
FNH:0
FNDA:0,(anonymous_0)
FNDA:0,(anonymous_1)
FNDA:0,(anonymous_2)
FNDA:0,(anonymous_3)
FNDA:0,(anonymous_4)
FNDA:0,(anonymous_5)
FNDA:0,(anonymous_6)
FNDA:0,(anonymous_7)
FNDA:0,(anonymous_8)
FNDA:0,(anonymous_9)
FNDA:0,withErrorBoundary
FNDA:0,(anonymous_11)
DA:6,0
DA:7,0
DA:8,0
DA:26,0
DA:27,0
DA:30,0
DA:31,0
DA:38,0
DA:46,0
DA:63,0
DA:71,0
DA:77,0
DA:78,0
DA:83,0
DA:84,0
DA:87,0
DA:88,0
DA:92,0
DA:93,0
DA:94,0
DA:96,0
DA:97,0
DA:102,0
DA:103,0
DA:104,0
DA:107,0
DA:115,0
DA:120,0
DA:121,0
DA:122,0
DA:124,0
DA:125,0
DA:131,0
DA:140,0
DA:141,0
DA:144,0
DA:148,0
DA:149,0
DA:151,0
DA:153,0
DA:154,0
DA:158,0
DA:218,0
DA:348,0
DA:353,0
DA:357,0
DA:358,0
DA:363,0
DA:365,0
LF:49
LH:0
BRDA:103,0,0,0
BRDA:103,0,1,0
BRDA:124,1,0,0
BRDA:124,1,1,0
BRDA:77,2,0,0
BRDA:77,2,1,0
BRDA:87,3,0,0
BRDA:87,3,1,0
BRDA:87,4,0,0
BRDA:87,4,1,0
BRDA:87,4,2,0
BRDA:92,5,0,0
BRDA:92,5,1,0
BRDA:92,6,0,0
BRDA:92,6,1,0
BRDA:92,6,2,0
BRDA:96,7,0,0
BRDA:96,7,1,0
BRDA:151,8,0,0
BRDA:151,8,1,0
BRDA:153,9,0,0
BRDA:153,9,1,0
BRDA:187,10,0,0
BRDA:187,10,1,0
BRDA:187,10,2,0
BRDA:201,11,0,0
BRDA:201,11,1,0
BRDA:363,12,0,0
BRDA:363,12,1,0
BRF:29
BRH:0
end_of_record
TN:
SF:src\components\common\FileUploadComponent.tsx
FN:37,(anonymous_0)
FN:60,(anonymous_1)
FN:61,(anonymous_2)
FN:72,(anonymous_3)
FN:84,(anonymous_4)
FN:85,(anonymous_5)
FN:85,(anonymous_6)
FN:90,(anonymous_7)
FN:91,(anonymous_8)
FN:92,(anonymous_9)
FN:92,(anonymous_10)
FN:171,(anonymous_11)
FN:196,(anonymous_12)
FN:208,(anonymous_13)
FN:214,(anonymous_14)
FN:220,(anonymous_15)
FN:231,(anonymous_16)
FN:239,(anonymous_17)
FN:248,(anonymous_18)
FN:252,(anonymous_19)
FN:311,(anonymous_20)
FNF:21
FNH:0
FNDA:0,(anonymous_0)
FNDA:0,(anonymous_1)
FNDA:0,(anonymous_2)
FNDA:0,(anonymous_3)
FNDA:0,(anonymous_4)
FNDA:0,(anonymous_5)
FNDA:0,(anonymous_6)
FNDA:0,(anonymous_7)
FNDA:0,(anonymous_8)
FNDA:0,(anonymous_9)
FNDA:0,(anonymous_10)
FNDA:0,(anonymous_11)
FNDA:0,(anonymous_12)
FNDA:0,(anonymous_13)
FNDA:0,(anonymous_14)
FNDA:0,(anonymous_15)
FNDA:0,(anonymous_16)
FNDA:0,(anonymous_17)
FNDA:0,(anonymous_18)
FNDA:0,(anonymous_19)
FNDA:0,(anonymous_20)
DA:6,0
DA:7,0
DA:8,0
DA:9,0
DA:37,0
DA:52,0
DA:53,0
DA:54,0
DA:55,0
DA:57,0
DA:60,0
DA:61,0
DA:62,0
DA:63,0
DA:64,0
DA:66,0
DA:69,0
DA:72,0
DA:73,0
DA:74,0
DA:77,0
DA:78,0
DA:81,0
DA:84,0
DA:85,0
DA:86,0
DA:90,0
DA:91,0
DA:92,0
DA:93,0
DA:97,0
DA:99,0
DA:101,0
DA:108,0
DA:109,0
DA:112,0
DA:115,0
DA:116,0
DA:117,0
DA:119,0
DA:127,0
DA:129,0
DA:130,0
DA:136,0
DA:146,0
DA:154,0
DA:157,0
DA:158,0
DA:163,0
DA:171,0
DA:172,0
DA:174,0
DA:175,0
DA:176,0
DA:178,0
DA:179,0
DA:184,0
DA:187,0
DA:194,0
DA:196,0
DA:197,0
DA:200,0
DA:201,0
DA:202,0
DA:205,0
DA:208,0
DA:209,0
DA:210,0
DA:211,0
DA:214,0
DA:215,0
DA:216,0
DA:217,0
DA:220,0
DA:221,0
DA:222,0
DA:223,0
DA:225,0
DA:226,0
DA:227,0
DA:231,0
DA:232,0
DA:233,0
DA:234,0
DA:235,0
DA:239,0
DA:240,0
DA:241,0
DA:242,0
DA:245,0
DA:248,0
DA:249,0
DA:252,0
DA:253,0
DA:255,0
DA:257,0
DA:259,0
DA:261,0
DA:265,0
DA:312,0
DA:363,0
LF:101
LH:0
BRDA:40,0,0,0
BRDA:48,1,0,0
BRDA:49,2,0,0
BRDA:50,3,0,0
BRDA:73,4,0,0
BRDA:73,4,1,0
BRDA:77,5,0,0
BRDA:77,5,1,0
BRDA:86,6,0,0
BRDA:86,6,1,0
BRDA:93,7,0,0
BRDA:93,7,1,0
BRDA:108,8,0,0
BRDA:108,8,1,0
BRDA:109,9,0,0
BRDA:109,9,1,0
BRDA:116,10,0,0
BRDA:116,10,1,0
BRDA:120,11,0,0
BRDA:120,11,1,0
BRDA:121,12,0,0
BRDA:121,12,1,0
BRDA:122,13,0,0
BRDA:122,13,1,0
BRDA:129,14,0,0
BRDA:129,14,1,0
BRDA:157,15,0,0
BRDA:157,15,1,0
BRDA:178,16,0,0
BRDA:178,16,1,0
BRDA:194,17,0,0
BRDA:194,17,1,0
BRDA:226,18,0,0
BRDA:226,18,1,0
BRDA:234,19,0,0
BRDA:234,19,1,0
BRDA:241,20,0,0
BRDA:241,20,1,0
BRDA:241,21,0,0
BRDA:241,21,1,0
BRDA:253,22,0,0
BRDA:253,22,1,0
BRDA:253,22,2,0
BRDA:253,22,3,0
BRDA:269,23,0,0
BRDA:269,23,1,0
BRDA:269,24,0,0
BRDA:269,24,1,0
BRDA:274,25,0,0
BRDA:274,25,1,0
BRDA:283,26,0,0
BRDA:283,26,1,0
BRDA:301,27,0,0
BRDA:301,27,1,0
BRDA:328,28,0,0
BRDA:328,28,1,0
BRDA:337,29,0,0
BRDA:337,29,1,0
BRDA:343,30,0,0
BRDA:343,30,1,0
BRDA:343,30,2,0
BRDA:346,31,0,0
BRDA:346,31,1,0
BRDA:347,32,0,0
BRDA:347,32,1,0
BRDA:348,33,0,0
BRDA:348,33,1,0
BRF:67
BRH:0
end_of_record
TN:
SF:src\components\icons\administration.tsx
FNF:0
FNH:0
DA:2,16
DA:4,16
LF:2
LH:2
BRF:0
BRH:0
end_of_record
TN:
SF:src\components\icons\finance.tsx
FNF:0
FNH:0
DA:2,16
DA:4,16
LF:2
LH:2
BRF:0
BRH:0
end_of_record
TN:
SF:src\components\icons\gamification.tsx
FNF:0
FNH:0
DA:2,16
DA:4,16
LF:2
LH:2
BRF:0
BRH:0
end_of_record
TN:
SF:src\components\icons\index.tsx
FNF:0
FNH:0
DA:1,16
DA:2,16
DA:3,16
DA:4,16
DA:5,16
DA:6,16
DA:7,16
DA:8,16
DA:9,16
DA:10,16
DA:12,16
DA:27,16
DA:51,16
DA:62,16
DA:96,16
LF:15
LH:15
BRF:0
BRH:0
end_of_record
TN:
SF:src\components\icons\lucide.tsx
FN:2,(anonymous_0)
FN:2,(anonymous_1)
FN:2,(anonymous_2)
FN:2,(anonymous_3)
FN:2,(anonymous_4)
FN:2,(anonymous_5)
FN:2,(anonymous_6)
FN:2,(anonymous_7)
FN:2,(anonymous_8)
FN:3,(anonymous_9)
FN:3,(anonymous_10)
FN:3,(anonymous_11)
FN:3,(anonymous_12)
FN:3,(anonymous_13)
FN:3,(anonymous_14)
FN:3,(anonymous_15)
FN:3,(anonymous_16)
FN:3,(anonymous_17)
FN:4,(anonymous_18)
FN:4,(anonymous_19)
FN:4,(anonymous_20)
FN:4,(anonymous_21)
FN:4,(anonymous_22)
FN:4,(anonymous_23)
FN:4,(anonymous_24)
FN:4,(anonymous_25)
FN:4,(anonymous_26)
FN:5,(anonymous_27)
FN:5,(anonymous_28)
FN:5,(anonymous_29)
FN:5,(anonymous_30)
FN:5,(anonymous_31)
FN:5,(anonymous_32)
FN:5,(anonymous_33)
FN:6,(anonymous_34)
FN:6,(anonymous_35)
FN:6,(anonymous_36)
FN:6,(anonymous_37)
FN:6,(anonymous_38)
FN:6,(anonymous_39)
FN:6,(anonymous_40)
FN:6,(anonymous_41)
FN:7,(anonymous_42)
FN:7,(anonymous_43)
FN:7,(anonymous_44)
FN:7,(anonymous_45)
FN:7,(anonymous_46)
FN:7,(anonymous_47)
FN:7,(anonymous_48)
FN:7,(anonymous_49)
FN:7,(anonymous_50)
FN:8,(anonymous_51)
FN:8,(anonymous_52)
FN:8,(anonymous_53)
FN:8,(anonymous_54)
FN:8,(anonymous_55)
FN:8,(anonymous_56)
FN:8,(anonymous_57)
FN:8,(anonymous_58)
FN:8,(anonymous_59)
FN:9,(anonymous_60)
FN:9,(anonymous_61)
FN:9,(anonymous_62)
FN:9,(anonymous_63)
FN:9,(anonymous_64)
FN:9,(anonymous_65)
FN:9,(anonymous_66)
FN:9,(anonymous_67)
FN:10,(anonymous_68)
FN:10,(anonymous_69)
FN:10,(anonymous_70)
FN:10,(anonymous_71)
FN:10,(anonymous_72)
FN:10,(anonymous_73)
FN:10,(anonymous_74)
FN:10,(anonymous_75)
FN:10,(anonymous_76)
FN:11,(anonymous_77)
FN:11,(anonymous_78)
FN:11,(anonymous_79)
FN:11,(anonymous_80)
FN:11,(anonymous_81)
FN:11,(anonymous_82)
FN:11,(anonymous_83)
FN:12,(anonymous_84)
FN:12,(anonymous_85)
FN:12,(anonymous_86)
FN:12,(anonymous_87)
FN:12,(anonymous_88)
FN:12,(anonymous_89)
FN:12,(anonymous_90)
FN:12,(anonymous_91)
FN:12,(anonymous_92)
FN:12,(anonymous_93)
FN:13,(anonymous_94)
FN:13,(anonymous_95)
FN:13,(anonymous_96)
FN:13,(anonymous_97)
FN:13,(anonymous_98)
FN:13,(anonymous_99)
FN:13,(anonymous_100)
FN:13,(anonymous_101)
FN:13,(anonymous_102)
FN:14,(anonymous_103)
FN:14,(anonymous_104)
FN:14,(anonymous_105)
FN:14,(anonymous_106)
FN:14,(anonymous_107)
FN:16,(anonymous_108)
FN:16,(anonymous_109)
FN:16,(anonymous_110)
FN:16,(anonymous_111)
FN:16,(anonymous_112)
FN:16,(anonymous_113)
FN:16,(anonymous_114)
FN:16,(anonymous_115)
FN:16,(anonymous_116)
FN:17,(anonymous_117)
FN:17,(anonymous_118)
FN:17,(anonymous_119)
FN:17,(anonymous_120)
FN:17,(anonymous_121)
FN:17,(anonymous_122)
FN:17,(anonymous_123)
FN:17,(anonymous_124)
FN:18,(anonymous_125)
FN:18,(anonymous_126)
FN:18,(anonymous_127)
FN:18,(anonymous_128)
FN:18,(anonymous_129)
FN:18,(anonymous_130)
FN:18,(anonymous_131)
FN:18,(anonymous_132)
FN:18,(anonymous_133)
FN:18,(anonymous_134)
FN:19,(anonymous_135)
FN:19,(anonymous_136)
FN:19,(anonymous_137)
FN:19,(anonymous_138)
FN:19,(anonymous_139)
FN:19,(anonymous_140)
FN:19,(anonymous_141)
FN:19,(anonymous_142)
FN:19,(anonymous_143)
FN:19,(anonymous_144)
FN:20,(anonymous_145)
FN:20,(anonymous_146)
FN:20,(anonymous_147)
FN:20,(anonymous_148)
FN:20,(anonymous_149)
FN:20,(anonymous_150)
FN:20,(anonymous_151)
FN:21,(anonymous_152)
FN:21,(anonymous_153)
FN:21,(anonymous_154)
FN:21,(anonymous_155)
FN:21,(anonymous_156)
FN:21,(anonymous_157)
FN:21,(anonymous_158)
FN:21,(anonymous_159)
FN:21,(anonymous_160)
FN:21,(anonymous_161)
FN:21,(anonymous_162)
FN:21,(anonymous_163)
FN:23,(anonymous_164)
FN:23,(anonymous_165)
FN:23,(anonymous_166)
FN:23,(anonymous_167)
FN:23,(anonymous_168)
FN:23,(anonymous_169)
FN:23,(anonymous_170)
FN:23,(anonymous_171)
FN:24,(anonymous_172)
FN:24,(anonymous_173)
FN:24,(anonymous_174)
FN:24,(anonymous_175)
FN:24,(anonymous_176)
FN:24,(anonymous_177)
FN:24,(anonymous_178)
FN:26,(anonymous_179)
FN:26,(anonymous_180)
FN:26,(anonymous_181)
FN:26,(anonymous_182)
FN:28,(anonymous_183)
FN:30,(anonymous_184)
FN:32,(anonymous_185)
FN:32,(anonymous_186)
FN:32,(anonymous_187)
FN:32,(anonymous_188)
FN:32,(anonymous_189)
FN:32,(anonymous_190)
FN:32,(anonymous_191)
FN:33,(anonymous_192)
FN:33,(anonymous_193)
FN:33,(anonymous_194)
FN:33,(anonymous_195)
FN:33,(anonymous_196)
FN:33,(anonymous_197)
FN:33,(anonymous_198)
FN:34,(anonymous_199)
FN:34,(anonymous_200)
FN:34,(anonymous_201)
FN:34,(anonymous_202)
FN:34,(anonymous_203)
FN:34,(anonymous_204)
FN:34,(anonymous_205)
FN:35,(anonymous_206)
FN:35,(anonymous_207)
FN:35,(anonymous_208)
FN:35,(anonymous_209)
FN:35,(anonymous_210)
FN:35,(anonymous_211)
FN:35,(anonymous_212)
FN:35,(anonymous_213)
FN:35,(anonymous_214)
FN:37,(anonymous_215)
FN:37,(anonymous_216)
FN:37,(anonymous_217)
FN:37,(anonymous_218)
FN:37,(anonymous_219)
FN:37,(anonymous_220)
FN:37,(anonymous_221)
FN:37,(anonymous_222)
FN:37,(anonymous_223)
FN:38,(anonymous_224)
FN:38,(anonymous_225)
FN:38,(anonymous_226)
FN:38,(anonymous_227)
FN:38,(anonymous_228)
FN:38,(anonymous_229)
FN:38,(anonymous_230)
FNF:231
FNH:227
FNDA:16,(anonymous_0)
FNDA:32,(anonymous_1)
FNDA:16,(anonymous_2)
FNDA:16,(anonymous_3)
FNDA:48,(anonymous_4)
FNDA:64,(anonymous_5)
FNDA:48,(anonymous_6)
FNDA:32,(anonymous_7)
FNDA:16,(anonymous_8)
FNDA:16,(anonymous_9)
FNDA:16,(anonymous_10)
FNDA:32,(anonymous_11)
FNDA:48,(anonymous_12)
FNDA:32,(anonymous_13)
FNDA:48,(anonymous_14)
FNDA:16,(anonymous_15)
FNDA:32,(anonymous_16)
FNDA:80,(anonymous_17)
FNDA:32,(anonymous_18)
FNDA:64,(anonymous_19)
FNDA:64,(anonymous_20)
FNDA:32,(anonymous_21)
FNDA:64,(anonymous_22)
FNDA:32,(anonymous_23)
FNDA:16,(anonymous_24)
FNDA:16,(anonymous_25)
FNDA:32,(anonymous_26)
FNDA:128,(anonymous_27)
FNDA:16,(anonymous_28)
FNDA:64,(anonymous_29)
FNDA:16,(anonymous_30)
FNDA:16,(anonymous_31)
FNDA:16,(anonymous_32)
FNDA:48,(anonymous_33)
FNDA:80,(anonymous_34)
FNDA:64,(anonymous_35)
FNDA:48,(anonymous_36)
FNDA:48,(anonymous_37)
FNDA:48,(anonymous_38)
FNDA:16,(anonymous_39)
FNDA:16,(anonymous_40)
FNDA:16,(anonymous_41)
FNDA:32,(anonymous_42)
FNDA:32,(anonymous_43)
FNDA:80,(anonymous_44)
FNDA:32,(anonymous_45)
FNDA:48,(anonymous_46)
FNDA:80,(anonymous_47)
FNDA:32,(anonymous_48)
FNDA:32,(anonymous_49)
FNDA:32,(anonymous_50)
FNDA:32,(anonymous_51)
FNDA:80,(anonymous_52)
FNDA:32,(anonymous_53)
FNDA:64,(anonymous_54)
FNDA:32,(anonymous_55)
FNDA:96,(anonymous_56)
FNDA:80,(anonymous_57)
FNDA:48,(anonymous_58)
FNDA:32,(anonymous_59)
FNDA:16,(anonymous_60)
FNDA:64,(anonymous_61)
FNDA:64,(anonymous_62)
FNDA:16,(anonymous_63)
FNDA:16,(anonymous_64)
FNDA:32,(anonymous_65)
FNDA:32,(anonymous_66)
FNDA:16,(anonymous_67)
FNDA:16,(anonymous_68)
FNDA:16,(anonymous_69)
FNDA:16,(anonymous_70)
FNDA:16,(anonymous_71)
FNDA:16,(anonymous_72)
FNDA:16,(anonymous_73)
FNDA:16,(anonymous_74)
FNDA:16,(anonymous_75)
FNDA:16,(anonymous_76)
FNDA:16,(anonymous_77)
FNDA:32,(anonymous_78)
FNDA:48,(anonymous_79)
FNDA:16,(anonymous_80)
FNDA:16,(anonymous_81)
FNDA:16,(anonymous_82)
FNDA:16,(anonymous_83)
FNDA:16,(anonymous_84)
FNDA:16,(anonymous_85)
FNDA:16,(anonymous_86)
FNDA:16,(anonymous_87)
FNDA:32,(anonymous_88)
FNDA:16,(anonymous_89)
FNDA:64,(anonymous_90)
FNDA:16,(anonymous_91)
FNDA:32,(anonymous_92)
FNDA:16,(anonymous_93)
FNDA:16,(anonymous_94)
FNDA:16,(anonymous_95)
FNDA:16,(anonymous_96)
FNDA:16,(anonymous_97)
FNDA:64,(anonymous_98)
FNDA:16,(anonymous_99)
FNDA:16,(anonymous_100)
FNDA:16,(anonymous_101)
FNDA:16,(anonymous_102)
FNDA:16,(anonymous_103)
FNDA:16,(anonymous_104)
FNDA:16,(anonymous_105)
FNDA:16,(anonymous_106)
FNDA:16,(anonymous_107)
FNDA:16,(anonymous_108)
FNDA:16,(anonymous_109)
FNDA:16,(anonymous_110)
FNDA:16,(anonymous_111)
FNDA:48,(anonymous_112)
FNDA:16,(anonymous_113)
FNDA:32,(anonymous_114)
FNDA:64,(anonymous_115)
FNDA:16,(anonymous_116)
FNDA:32,(anonymous_117)
FNDA:16,(anonymous_118)
FNDA:16,(anonymous_119)
FNDA:32,(anonymous_120)
FNDA:32,(anonymous_121)
FNDA:32,(anonymous_122)
FNDA:32,(anonymous_123)
FNDA:16,(anonymous_124)
FNDA:16,(anonymous_125)
FNDA:32,(anonymous_126)
FNDA:32,(anonymous_127)
FNDA:32,(anonymous_128)
FNDA:80,(anonymous_129)
FNDA:16,(anonymous_130)
FNDA:32,(anonymous_131)
FNDA:16,(anonymous_132)
FNDA:16,(anonymous_133)
FNDA:0,(anonymous_134)
FNDA:16,(anonymous_135)
FNDA:32,(anonymous_136)
FNDA:16,(anonymous_137)
FNDA:16,(anonymous_138)
FNDA:32,(anonymous_139)
FNDA:16,(anonymous_140)
FNDA:32,(anonymous_141)
FNDA:16,(anonymous_142)
FNDA:16,(anonymous_143)
FNDA:32,(anonymous_144)
FNDA:48,(anonymous_145)
FNDA:16,(anonymous_146)
FNDA:64,(anonymous_147)
FNDA:32,(anonymous_148)
FNDA:32,(anonymous_149)
FNDA:0,(anonymous_150)
FNDA:0,(anonymous_151)
FNDA:16,(anonymous_152)
FNDA:16,(anonymous_153)
FNDA:16,(anonymous_154)
FNDA:16,(anonymous_155)
FNDA:32,(anonymous_156)
FNDA:16,(anonymous_157)
FNDA:16,(anonymous_158)
FNDA:16,(anonymous_159)
FNDA:0,(anonymous_160)
FNDA:16,(anonymous_161)
FNDA:32,(anonymous_162)
FNDA:16,(anonymous_163)
FNDA:32,(anonymous_164)
FNDA:32,(anonymous_165)
FNDA:16,(anonymous_166)
FNDA:16,(anonymous_167)
FNDA:16,(anonymous_168)
FNDA:48,(anonymous_169)
FNDA:16,(anonymous_170)
FNDA:48,(anonymous_171)
FNDA:16,(anonymous_172)
FNDA:16,(anonymous_173)
FNDA:16,(anonymous_174)
FNDA:16,(anonymous_175)
FNDA:16,(anonymous_176)
FNDA:16,(anonymous_177)
FNDA:16,(anonymous_178)
FNDA:16,(anonymous_179)
FNDA:32,(anonymous_180)
FNDA:16,(anonymous_181)
FNDA:48,(anonymous_182)
FNDA:32,(anonymous_183)
FNDA:16,(anonymous_184)
FNDA:32,(anonymous_185)
FNDA:32,(anonymous_186)
FNDA:16,(anonymous_187)
FNDA:32,(anonymous_188)
FNDA:16,(anonymous_189)
FNDA:16,(anonymous_190)
FNDA:48,(anonymous_191)
FNDA:16,(anonymous_192)
FNDA:16,(anonymous_193)
FNDA:16,(anonymous_194)
FNDA:16,(anonymous_195)
FNDA:16,(anonymous_196)
FNDA:16,(anonymous_197)
FNDA:16,(anonymous_198)
FNDA:16,(anonymous_199)
FNDA:16,(anonymous_200)
FNDA:16,(anonymous_201)
FNDA:16,(anonymous_202)
FNDA:16,(anonymous_203)
FNDA:16,(anonymous_204)
FNDA:16,(anonymous_205)
FNDA:16,(anonymous_206)
FNDA:16,(anonymous_207)
FNDA:16,(anonymous_208)
FNDA:16,(anonymous_209)
FNDA:16,(anonymous_210)
FNDA:16,(anonymous_211)
FNDA:16,(anonymous_212)
FNDA:16,(anonymous_213)
FNDA:16,(anonymous_214)
FNDA:16,(anonymous_215)
FNDA:16,(anonymous_216)
FNDA:16,(anonymous_217)
FNDA:16,(anonymous_218)
FNDA:16,(anonymous_219)
FNDA:32,(anonymous_220)
FNDA:16,(anonymous_221)
FNDA:16,(anonymous_222)
FNDA:16,(anonymous_223)
FNDA:16,(anonymous_224)
FNDA:16,(anonymous_225)
FNDA:16,(anonymous_226)
FNDA:32,(anonymous_227)
FNDA:16,(anonymous_228)
FNDA:32,(anonymous_229)
FNDA:16,(anonymous_230)
DA:1,16
DA:2,80
DA:3,96
DA:4,80
DA:5,144
DA:6,96
DA:7,96
DA:8,112
DA:9,80
DA:10,32
DA:11,64
DA:12,80
DA:13,80
DA:14,32
DA:16,80
DA:17,48
DA:18,96
DA:19,48
DA:20,80
DA:21,48
DA:23,64
DA:24,32
DA:26,64
DA:28,48
DA:30,32
DA:32,64
DA:33,32
DA:34,32
DA:35,32
DA:37,48
DA:38,48
LF:31
LH:31
BRF:0
BRH:0
end_of_record
TN:
SF:src\components\icons\marketing.tsx
FNF:0
FNH:0
DA:2,16
DA:4,16
LF:2
LH:2
BRF:0
BRH:0
end_of_record
TN:
SF:src\components\icons\parent.tsx
FNF:0
FNH:0
DA:2,16
DA:4,16
LF:2
LH:2
BRF:0
BRH:0
end_of_record
TN:
SF:src\components\icons\school.tsx
FNF:0
FNH:0
DA:2,16
DA:4,16
LF:2
LH:2
BRF:0
BRH:0
end_of_record
TN:
SF:src\components\icons\shared.tsx
FNF:0
FNH:0
DA:1,16
DA:3,16
LF:2
LH:2
BRF:0
BRH:0
end_of_record
TN:
SF:src\components\icons\student.tsx
FNF:0
FNH:0
DA:2,16
DA:4,16
LF:2
LH:2
BRF:0
BRH:0
end_of_record
TN:
SF:src\components\icons\teacher.tsx
FNF:0
FNH:0
DA:2,16
DA:4,16
LF:2
LH:2
BRF:0
BRH:0
end_of_record
TN:
SF:src\components\layout\BottomDock.tsx
FN:11,(anonymous_0)
FN:25,(anonymous_1)
FN:26,(anonymous_2)
FN:27,(anonymous_3)
FN:31,(anonymous_4)
FN:31,(anonymous_5)
FN:32,(anonymous_6)
FN:66,(anonymous_7)
FN:72,(anonymous_8)
FN:79,(anonymous_9)
FNF:10
FNH:0
FNDA:0,(anonymous_0)
FNDA:0,(anonymous_1)
FNDA:0,(anonymous_2)
FNDA:0,(anonymous_3)
FNDA:0,(anonymous_4)
FNDA:0,(anonymous_5)
FNDA:0,(anonymous_6)
FNDA:0,(anonymous_7)
FNDA:0,(anonymous_8)
FNDA:0,(anonymous_9)
DA:3,0
DA:4,0
DA:5,0
DA:6,0
DA:7,0
DA:8,0
DA:11,0
DA:12,0
DA:23,0
DA:25,0
DA:26,0
DA:27,0
DA:30,0
DA:31,0
DA:32,0
DA:34,0
DA:36,0
DA:43,0
DA:67,0
DA:68,0
DA:72,0
DA:80,0
DA:97,0
LF:23
LH:0
BRDA:32,0,0,0
BRDA:32,0,1,0
BRDA:51,1,0,0
BRDA:51,1,1,0
BRDA:58,2,0,0
BRDA:58,2,1,0
BRDA:87,3,0,0
BRDA:87,3,1,0
BRF:8
BRH:0
end_of_record
TN:
SF:src\components\layout\ContextualSidebar.tsx
FN:9,(anonymous_0)
FN:12,(anonymous_1)
FN:28,(anonymous_2)
FN:33,(anonymous_3)
FNF:4
FNH:0
FNDA:0,(anonymous_0)
FNDA:0,(anonymous_1)
FNDA:0,(anonymous_2)
FNDA:0,(anonymous_3)
DA:2,0
DA:3,0
DA:4,0
DA:5,0
DA:6,0
DA:7,0
DA:9,0
DA:10,0
DA:12,0
DA:13,0
DA:14,0
DA:17,0
DA:29,0
DA:30,0
DA:33,0
DA:53,0
LF:16
LH:0
BRDA:23,0,0,0
BRDA:23,0,1,0
BRF:2
BRH:0
end_of_record
TN:
SF:src\components\layout\GlobalHeader.tsx
FN:10,(anonymous_0)
FN:12,(anonymous_1)
FN:13,(anonymous_2)
FNF:3
FNH:0
FNDA:0,(anonymous_0)
FNDA:0,(anonymous_1)
FNDA:0,(anonymous_2)
DA:2,0
DA:3,0
DA:4,0
DA:5,0
DA:6,0
DA:7,0
DA:8,0
DA:10,0
DA:11,0
DA:12,0
DA:13,0
DA:15,0
DA:44,0
LF:13
LH:0
BRDA:19,0,0,0
BRDA:19,0,1,0
BRDA:33,1,0,0
BRDA:33,1,1,0
BRF:4
BRH:0
end_of_record
TN:
SF:src\components\layout\MainNavigationSidebar.tsx
FN:22,(anonymous_0)
FN:35,(anonymous_1)
FN:43,(anonymous_2)
FNF:3
FNH:0
FNDA:0,(anonymous_0)
FNDA:0,(anonymous_1)
FNDA:0,(anonymous_2)
DA:2,0
DA:3,0
DA:4,0
DA:5,0
DA:6,0
DA:7,0
DA:8,0
DA:11,0
DA:22,0
DA:23,0
DA:25,0
DA:36,0
DA:37,0
DA:38,0
DA:40,0
DA:43,0
DA:74,0
LF:17
LH:0
BRDA:31,0,0,0
BRDA:31,0,1,0
BRDA:38,1,0,0
BRDA:38,1,1,0
BRDA:51,2,0,0
BRDA:51,2,1,0
BRF:6
BRH:0
end_of_record
TN:
SF:src\components\modules\AnalyticsModule.tsx
FN:67,(anonymous_0)
FN:71,(anonymous_1)
FN:76,(anonymous_2)
FN:78,(anonymous_3)
FN:79,(anonymous_4)
FN:86,(anonymous_5)
FN:89,(anonymous_6)
FN:101,(anonymous_7)
FN:106,(anonymous_8)
FNF:9
FNH:9
FNDA:23,(anonymous_0)
FNDA:5,(anonymous_1)
FNDA:21,(anonymous_2)
FNDA:23,(anonymous_3)
FNDA:25,(anonymous_4)
FNDA:69,(anonymous_5)
FNDA:5,(anonymous_6)
FNDA:183,(anonymous_7)
FNDA:2,(anonymous_8)
DA:3,1
DA:4,1
DA:5,1
DA:6,1
DA:9,1
DA:10,1
DA:11,1
DA:12,1
DA:13,1
DA:14,1
DA:15,1
DA:16,1
DA:17,1
DA:19,1
DA:20,1
DA:21,1
DA:23,1
DA:24,1
DA:25,1
DA:37,1
DA:61,1
DA:67,1
DA:68,23
DA:69,23
DA:71,23
DA:72,5
DA:73,5
DA:76,23
DA:78,23
DA:79,25
DA:82,23
DA:87,69
DA:89,5
DA:102,183
DA:103,183
DA:106,2
DA:135,1
LF:37
LH:37
BRDA:79,0,0,23
BRDA:79,0,1,23
BRDA:90,1,0,23
BRDA:90,1,1,46
BRDA:107,2,0,23
BRDA:107,2,1,160
BRDA:122,3,0,0
BRDA:122,3,1,23
BRF:8
BRH:7
end_of_record
TN:
SF:src\components\modules\CRMModule.tsx
FN:17,(anonymous_0)
FN:94,(anonymous_1)
FN:111,(anonymous_2)
FN:118,(anonymous_3)
FNF:4
FNH:0
FNDA:0,(anonymous_0)
FNDA:0,(anonymous_1)
FNDA:0,(anonymous_2)
FNDA:0,(anonymous_3)
DA:1,0
DA:2,0
DA:6,0
DA:7,0
DA:8,0
DA:9,0
DA:10,0
DA:11,0
DA:12,0
DA:13,0
DA:14,0
DA:15,0
DA:17,0
DA:18,0
DA:21,0
DA:94,0
DA:95,0
DA:97,0
DA:112,0
DA:113,0
DA:115,0
DA:118,0
DA:141,0
LF:23
LH:0
BRDA:120,0,0,0
BRDA:120,0,1,0
BRDA:125,1,0,0
BRDA:125,1,1,0
BRDA:135,2,0,0
BRDA:135,2,1,0
BRF:6
BRH:0
end_of_record
TN:
SF:src\components\modules\CommunicationsModule.tsx
FN:24,(anonymous_0)
FN:26,(anonymous_1)
FN:38,(anonymous_2)
FN:59,(anonymous_3)
FN:62,(anonymous_4)
FNF:5
FNH:0
FNDA:0,(anonymous_0)
FNDA:0,(anonymous_1)
FNDA:0,(anonymous_2)
FNDA:0,(anonymous_3)
FNDA:0,(anonymous_4)
DA:2,0
DA:3,0
DA:4,0
DA:5,0
DA:7,0
DA:15,0
DA:24,0
DA:25,0
DA:26,0
DA:28,0
DA:39,0
DA:60,0
DA:62,0
DA:107,0
LF:14
LH:0
BRDA:42,0,0,0
BRDA:42,0,1,0
BRDA:48,1,0,0
BRDA:48,1,1,0
BRDA:49,2,0,0
BRDA:49,2,1,0
BRDA:63,3,0,0
BRDA:63,3,1,0
BRDA:69,4,0,0
BRDA:69,4,1,0
BRDA:70,5,0,0
BRDA:70,5,1,0
BRDA:76,6,0,0
BRDA:76,6,1,0
BRF:14
BRH:0
end_of_record
TN:
SF:src\components\modules\ConciergeAIModule.tsx
FN:65,(anonymous_0)
FN:69,(anonymous_1)
FN:74,(anonymous_2)
FN:76,(anonymous_3)
FN:77,(anonymous_4)
FN:84,(anonymous_5)
FN:87,(anonymous_6)
FN:99,(anonymous_7)
FN:104,(anonymous_8)
FNF:9
FNH:0
FNDA:0,(anonymous_0)
FNDA:0,(anonymous_1)
FNDA:0,(anonymous_2)
FNDA:0,(anonymous_3)
FNDA:0,(anonymous_4)
FNDA:0,(anonymous_5)
FNDA:0,(anonymous_6)
FNDA:0,(anonymous_7)
FNDA:0,(anonymous_8)
DA:3,0
DA:4,0
DA:5,0
DA:6,0
DA:7,0
DA:10,0
DA:11,0
DA:12,0
DA:13,0
DA:14,0
DA:15,0
DA:16,0
DA:17,0
DA:20,0
DA:21,0
DA:22,0
DA:23,0
DA:35,0
DA:58,0
DA:65,0
DA:66,0
DA:67,0
DA:69,0
DA:70,0
DA:71,0
DA:74,0
DA:76,0
DA:77,0
DA:80,0
DA:85,0
DA:87,0
DA:100,0
DA:101,0
DA:104,0
DA:133,0
LF:35
LH:0
BRDA:77,0,0,0
BRDA:77,0,1,0
BRDA:88,1,0,0
BRDA:88,1,1,0
BRDA:105,2,0,0
BRDA:105,2,1,0
BRDA:120,3,0,0
BRDA:120,3,1,0
BRF:8
BRH:0
end_of_record
TN:
SF:src\components\modules\DashboardModule.tsx
FN:28,(anonymous_0)
FN:32,(anonymous_1)
FN:36,(anonymous_2)
FNF:3
FNH:0
FNDA:0,(anonymous_0)
FNDA:0,(anonymous_1)
FNDA:0,(anonymous_2)
DA:2,0
DA:3,0
DA:4,0
DA:5,0
DA:6,0
DA:7,0
DA:28,0
DA:29,0
DA:30,0
DA:32,0
DA:33,0
DA:36,0
DA:37,0
DA:38,0
DA:40,0
DA:41,0
DA:42,0
DA:45,0
DA:67,0
DA:70,0
DA:93,0
DA:95,0
DA:117,0
DA:121,0
DA:122,0
DA:128,0
DA:247,0
LF:27
LH:0
BRDA:41,0,0,0
BRDA:41,0,1,0
BRDA:47,1,0,0
BRDA:47,1,1,0
BRDA:50,2,0,0
BRDA:50,2,1,0
BRDA:121,3,0,0
BRDA:121,3,1,0
BRDA:121,4,0,0
BRDA:121,4,1,0
BRDA:147,5,0,0
BRDA:147,5,1,0
BRDA:148,6,0,0
BRDA:148,6,1,0
BRDA:154,7,0,0
BRDA:154,7,1,0
BRDA:155,8,0,0
BRDA:155,8,1,0
BRDA:161,9,0,0
BRDA:161,9,1,0
BRDA:162,10,0,0
BRDA:162,10,1,0
BRDA:168,11,0,0
BRDA:168,11,1,0
BRDA:169,12,0,0
BRDA:169,12,1,0
BRF:26
BRH:0
end_of_record
TN:
SF:src\components\modules\KnowledgeBaseModule.tsx
FN:67,(anonymous_0)
FN:71,(anonymous_1)
FN:76,(anonymous_2)
FN:78,(anonymous_3)
FN:79,(anonymous_4)
FN:86,(anonymous_5)
FN:89,(anonymous_6)
FN:101,(anonymous_7)
FN:106,(anonymous_8)
FNF:9
FNH:0
FNDA:0,(anonymous_0)
FNDA:0,(anonymous_1)
FNDA:0,(anonymous_2)
FNDA:0,(anonymous_3)
FNDA:0,(anonymous_4)
FNDA:0,(anonymous_5)
FNDA:0,(anonymous_6)
FNDA:0,(anonymous_7)
FNDA:0,(anonymous_8)
DA:3,0
DA:4,0
DA:5,0
DA:6,0
DA:7,0
DA:10,0
DA:11,0
DA:12,0
DA:13,0
DA:14,0
DA:15,0
DA:17,0
DA:18,0
DA:20,0
DA:21,0
DA:23,0
DA:24,0
DA:25,0
DA:36,0
DA:60,0
DA:67,0
DA:68,0
DA:69,0
DA:71,0
DA:72,0
DA:73,0
DA:76,0
DA:78,0
DA:79,0
DA:82,0
DA:87,0
DA:89,0
DA:102,0
DA:103,0
DA:106,0
DA:135,0
LF:36
LH:0
BRDA:79,0,0,0
BRDA:79,0,1,0
BRDA:90,1,0,0
BRDA:90,1,1,0
BRDA:107,2,0,0
BRDA:107,2,1,0
BRDA:122,3,0,0
BRDA:122,3,1,0
BRF:8
BRH:0
end_of_record
TN:
SF:src\components\modules\MarketplaceModule.tsx
FN:76,(anonymous_0)
FN:80,(anonymous_1)
FN:85,(anonymous_2)
FN:87,(anonymous_3)
FN:88,(anonymous_4)
FN:94,(anonymous_5)
FN:97,(anonymous_6)
FN:108,(anonymous_7)
FN:113,(anonymous_8)
FNF:9
FNH:0
FNDA:0,(anonymous_0)
FNDA:0,(anonymous_1)
FNDA:0,(anonymous_2)
FNDA:0,(anonymous_3)
FNDA:0,(anonymous_4)
FNDA:0,(anonymous_5)
FNDA:0,(anonymous_6)
FNDA:0,(anonymous_7)
FNDA:0,(anonymous_8)
DA:3,0
DA:4,0
DA:5,0
DA:6,0
DA:7,0
DA:10,0
DA:11,0
DA:12,0
DA:13,0
DA:14,0
DA:16,0
DA:17,0
DA:19,0
DA:20,0
DA:21,0
DA:23,0
DA:24,0
DA:26,0
DA:27,0
DA:28,0
DA:40,0
DA:68,0
DA:76,0
DA:77,0
DA:78,0
DA:80,0
DA:81,0
DA:82,0
DA:85,0
DA:87,0
DA:88,0
DA:91,0
DA:95,0
DA:97,0
DA:109,0
DA:110,0
DA:113,0
DA:141,0
LF:38
LH:0
BRDA:88,0,0,0
BRDA:88,0,1,0
BRDA:98,1,0,0
BRDA:98,1,1,0
BRDA:114,2,0,0
BRDA:114,2,1,0
BRDA:128,3,0,0
BRDA:128,3,1,0
BRF:8
BRH:0
end_of_record
TN:
SF:src\components\modules\PlaceholderModule.tsx
FN:10,(anonymous_0)
FNF:1
FNH:0
FNDA:0,(anonymous_0)
DA:1,0
DA:2,0
DA:3,0
DA:10,0
DA:11,0
DA:24,0
LF:6
LH:0
BRF:0
BRH:0
end_of_record
TN:
SF:src\components\modules\SchoolHubModule.tsx
FN:9,(anonymous_0)
FN:13,(anonymous_1)
FN:18,(anonymous_2)
FN:20,(anonymous_3)
FN:21,(anonymous_4)
FN:28,(anonymous_5)
FN:31,(anonymous_6)
FN:43,(anonymous_7)
FN:48,(anonymous_8)
FNF:9
FNH:0
FNDA:0,(anonymous_0)
FNDA:0,(anonymous_1)
FNDA:0,(anonymous_2)
FNDA:0,(anonymous_3)
FNDA:0,(anonymous_4)
FNDA:0,(anonymous_5)
FNDA:0,(anonymous_6)
FNDA:0,(anonymous_7)
FNDA:0,(anonymous_8)
DA:2,0
DA:4,0
DA:5,0
DA:6,0
DA:7,0
DA:9,0
DA:10,0
DA:11,0
DA:13,0
DA:14,0
DA:15,0
DA:18,0
DA:20,0
DA:21,0
DA:24,0
DA:29,0
DA:31,0
DA:44,0
DA:45,0
DA:48,0
DA:77,0
LF:21
LH:0
BRDA:21,0,0,0
BRDA:21,0,1,0
BRDA:32,1,0,0
BRDA:32,1,1,0
BRDA:49,2,0,0
BRDA:49,2,1,0
BRDA:64,3,0,0
BRDA:64,3,1,0
BRF:8
BRH:0
end_of_record
TN:
SF:src\components\modules\SystemSettingsModule.tsx
FN:82,(anonymous_0)
FN:86,(anonymous_1)
FN:91,(anonymous_2)
FN:93,(anonymous_3)
FN:94,(anonymous_4)
FN:101,(anonymous_5)
FN:104,(anonymous_6)
FN:116,(anonymous_7)
FN:121,(anonymous_8)
FNF:9
FNH:0
FNDA:0,(anonymous_0)
FNDA:0,(anonymous_1)
FNDA:0,(anonymous_2)
FNDA:0,(anonymous_3)
FNDA:0,(anonymous_4)
FNDA:0,(anonymous_5)
FNDA:0,(anonymous_6)
FNDA:0,(anonymous_7)
FNDA:0,(anonymous_8)
DA:2,0
DA:3,0
DA:4,0
DA:5,0
DA:6,0
DA:9,0
DA:10,0
DA:11,0
DA:12,0
DA:13,0
DA:14,0
DA:15,0
DA:16,0
DA:17,0
DA:18,0
DA:19,0
DA:20,0
DA:21,0
DA:22,0
DA:23,0
DA:24,0
DA:25,0
DA:26,0
DA:27,0
DA:39,0
DA:73,0
DA:82,0
DA:83,0
DA:84,0
DA:86,0
DA:87,0
DA:88,0
DA:91,0
DA:93,0
DA:94,0
DA:97,0
DA:102,0
DA:104,0
DA:117,0
DA:118,0
DA:121,0
DA:150,0
LF:42
LH:0
BRDA:94,0,0,0
BRDA:94,0,1,0
BRDA:105,1,0,0
BRDA:105,1,1,0
BRDA:122,2,0,0
BRDA:122,2,1,0
BRDA:137,3,0,0
BRDA:137,3,1,0
BRF:8
BRH:0
end_of_record
TN:
SF:src\components\modules\analytics\finance\ExpensesByCategory.tsx
FN:14,(anonymous_0)
FN:33,(anonymous_1)
FN:48,(anonymous_2)
FNF:3
FNH:0
FNDA:0,(anonymous_0)
FNDA:0,(anonymous_1)
FNDA:0,(anonymous_2)
DA:1,1
DA:2,1
DA:3,1
DA:4,1
DA:6,1
DA:14,1
DA:15,0
DA:34,0
DA:49,0
DA:66,1
LF:10
LH:7
BRF:0
BRH:0
end_of_record
TN:
SF:src\components\modules\analytics\finance\PnLStatement.tsx
FN:11,(anonymous_0)
FN:12,(anonymous_1)
FNF:2
FNH:0
FNDA:0,(anonymous_0)
FNDA:0,(anonymous_1)
DA:1,1
DA:2,1
DA:3,1
DA:4,1
DA:6,1
DA:11,1
DA:12,0
DA:13,0
DA:14,0
DA:15,0
DA:16,0
DA:19,0
DA:20,0
DA:22,0
DA:60,1
LF:15
LH:7
BRF:0
BRH:0
end_of_record
TN:
SF:src\components\modules\analytics\finance\RevenueSummary.tsx
FN:20,(anonymous_0)
FN:21,(anonymous_1)
FN:40,(anonymous_2)
FN:52,(anonymous_3)
FNF:4
FNH:0
FNDA:0,(anonymous_0)
FNDA:0,(anonymous_1)
FNDA:0,(anonymous_2)
FNDA:0,(anonymous_3)
DA:1,0
DA:2,0
DA:3,0
DA:4,0
DA:6,0
DA:13,0
DA:20,0
DA:21,0
DA:22,0
DA:40,0
DA:53,0
DA:68,0
LF:12
LH:0
BRF:0
BRH:0
end_of_record
TN:
SF:src\components\modules\analytics\marketing\CampaignPerformance.tsx
FN:13,(anonymous_0)
FN:35,(anonymous_1)
FNF:2
FNH:0
FNDA:0,(anonymous_0)
FNDA:0,(anonymous_1)
DA:1,0
DA:2,0
DA:3,0
DA:4,0
DA:6,0
DA:13,0
DA:14,0
DA:36,0
DA:52,0
LF:9
LH:0
BRF:0
BRH:0
end_of_record
TN:
SF:src\components\modules\analytics\marketing\SEOQueries.tsx
FN:13,(anonymous_0)
FN:29,(anonymous_1)
FNF:2
FNH:0
FNDA:0,(anonymous_0)
FNDA:0,(anonymous_1)
DA:1,1
DA:2,1
DA:3,1
DA:5,1
DA:13,1
DA:14,0
DA:30,0
DA:45,1
LF:8
LH:6
BRF:0
BRH:0
end_of_record
TN:
SF:src\components\modules\analytics\marketing\SocialOverview.tsx
FN:16,(anonymous_0)
FNF:1
FNH:0
FNDA:0,(anonymous_0)
DA:1,1
DA:2,1
DA:3,1
DA:4,1
DA:5,1
DA:7,1
DA:16,1
DA:17,0
DA:42,1
LF:9
LH:8
BRF:0
BRH:0
end_of_record
TN:
SF:src\components\modules\analytics\overview\AllTraffic.tsx
FN:15,(anonymous_0)
FN:20,(anonymous_1)
FN:24,(anonymous_2)
FN:213,(anonymous_3)
FNF:4
FNH:4
FNDA:12,(anonymous_0)
FNDA:5,(anonymous_1)
FNDA:7,(anonymous_2)
FNDA:10,(anonymous_3)
DA:1,2
DA:2,2
DA:3,2
DA:5,2
DA:15,2
DA:16,12
DA:17,12
DA:18,12
DA:20,12
DA:21,5
DA:24,12
DA:25,7
DA:26,7
DA:27,7
DA:30,7
DA:31,4
DA:32,4
DA:35,4
DA:56,4
DA:59,0
DA:81,3
DA:82,3
DA:85,3
DA:106,7
DA:110,12
DA:111,7
DA:120,5
DA:121,3
DA:137,2
DA:214,10
DA:234,2
LF:31
LH:30
BRDA:31,0,0,4
BRDA:31,0,1,0
BRDA:42,1,0,4
BRDA:42,1,1,3
BRDA:46,2,0,4
BRDA:46,2,1,3
BRDA:110,3,0,7
BRDA:110,3,1,5
BRDA:120,4,0,3
BRDA:120,4,1,2
BRDA:120,5,0,5
BRDA:120,5,1,2
BRDA:125,6,0,3
BRDA:125,6,1,0
BRDA:153,7,0,0
BRDA:153,7,1,2
BRDA:220,8,0,8
BRDA:220,8,1,2
BRDA:222,9,0,8
BRDA:222,9,1,2
BRF:20
BRH:17
end_of_record
TN:
SF:src\components\modules\analytics\overview\Behavior.tsx
FN:41,(anonymous_0)
FN:46,(anonymous_1)
FN:50,(anonymous_2)
FN:339,(anonymous_3)
FN:376,(anonymous_4)
FN:404,(anonymous_5)
FNF:6
FNH:6
FNDA:62,(anonymous_0)
FNDA:23,(anonymous_1)
FNDA:25,(anonymous_2)
FNDA:150,(anonymous_3)
FNDA:120,(anonymous_4)
FNDA:180,(anonymous_5)
DA:1,3
DA:2,3
DA:3,3
DA:4,3
DA:41,3
DA:42,62
DA:43,60
DA:44,60
DA:46,60
DA:47,23
DA:50,60
DA:51,25
DA:52,25
DA:53,25
DA:56,25
DA:57,19
DA:58,19
DA:61,18
DA:166,18
DA:169,0
DA:204,5
DA:205,5
DA:208,5
DA:233,23
DA:237,60
DA:238,25
DA:247,35
DA:248,5
DA:264,30
DA:340,150
DA:377,120
DA:405,180
DA:425,3
LF:33
LH:32
BRDA:57,0,0,19
BRDA:57,0,1,0
BRDA:74,1,0,18
BRDA:74,1,1,17
BRDA:237,2,0,25
BRDA:237,2,1,35
BRDA:247,3,0,5
BRDA:247,3,1,30
BRDA:247,4,0,35
BRDA:247,4,1,30
BRDA:252,5,0,5
BRDA:252,5,1,0
BRDA:280,6,0,0
BRDA:280,6,1,30
BRDA:291,7,0,30
BRDA:291,7,1,0
BRDA:298,8,0,30
BRDA:298,8,1,0
BRDA:305,9,0,30
BRDA:305,9,1,0
BRDA:344,10,0,30
BRDA:344,10,1,120
BRDA:345,11,0,30
BRDA:345,11,1,90
BRDA:346,12,0,30
BRDA:346,12,1,60
BRDA:347,13,0,30
BRDA:347,13,1,30
BRDA:381,14,0,0
BRDA:381,14,1,120
BRDA:382,15,0,0
BRDA:382,15,1,120
BRDA:383,16,0,60
BRDA:383,16,1,60
BRDA:384,17,0,0
BRDA:384,17,1,60
BRDA:411,18,0,180
BRDA:411,18,1,150
BRF:38
BRH:29
end_of_record
TN:
SF:src\components\modules\analytics\overview\Demographics.tsx
FN:15,(anonymous_0)
FN:20,(anonymous_1)
FN:24,(anonymous_2)
FN:151,(anonymous_3)
FN:165,(anonymous_4)
FN:171,(anonymous_5)
FNF:6
FNH:4
FNDA:57,(anonymous_0)
FNDA:27,(anonymous_1)
FNDA:31,(anonymous_2)
FNDA:0,(anonymous_3)
FNDA:0,(anonymous_4)
FNDA:57,(anonymous_5)
DA:1,3
DA:2,3
DA:3,3
DA:5,3
DA:15,3
DA:16,57
DA:17,57
DA:18,57
DA:20,57
DA:21,27
DA:24,57
DA:25,31
DA:26,31
DA:27,31
DA:30,31
DA:31,24
DA:32,24
DA:35,24
DA:58,24
DA:61,0
DA:85,7
DA:86,7
DA:89,7
DA:112,31
DA:116,57
DA:117,31
DA:126,26
DA:127,7
DA:143,19
DA:151,0
DA:165,0
DA:172,57
DA:183,3
LF:33
LH:30
BRDA:31,0,0,24
BRDA:31,0,1,0
BRDA:37,1,0,24
BRDA:37,1,1,23
BRDA:49,2,0,24
BRDA:49,2,1,23
BRDA:50,3,0,24
BRDA:50,3,1,23
BRDA:51,4,0,24
BRDA:51,4,1,23
BRDA:54,5,0,24
BRDA:54,5,1,23
BRDA:116,6,0,31
BRDA:116,6,1,26
BRDA:126,7,0,7
BRDA:126,7,1,19
BRDA:126,8,0,26
BRDA:126,8,1,19
BRDA:131,9,0,7
BRDA:131,9,1,0
BRF:20
BRH:18
end_of_record
TN:
SF:src\components\modules\analytics\overview\Events.tsx
FN:22,(anonymous_0)
FN:27,(anonymous_1)
FN:31,(anonymous_2)
FN:138,(anonymous_3)
FNF:4
FNH:4
FNDA:63,(anonymous_0)
FNDA:32,(anonymous_1)
FNDA:34,(anonymous_2)
FNDA:144,(anonymous_3)
DA:1,2
DA:2,2
DA:3,2
DA:5,2
DA:22,2
DA:23,63
DA:24,63
DA:25,63
DA:27,63
DA:28,32
DA:31,63
DA:32,34
DA:33,34
DA:34,34
DA:37,34
DA:38,29
DA:39,19
DA:42,19
DA:56,19
DA:59,10
DA:74,5
DA:75,5
DA:78,5
DA:92,34
DA:96,63
DA:97,34
DA:106,29
DA:107,5
DA:123,24
DA:139,144
DA:168,2
LF:31
LH:31
BRDA:38,0,0,19
BRDA:38,0,1,10
BRDA:44,1,0,19
BRDA:44,1,1,18
BRDA:45,2,0,19
BRDA:45,2,1,18
BRDA:47,3,0,19
BRDA:47,3,1,18
BRDA:96,4,0,34
BRDA:96,4,1,29
BRDA:106,5,0,5
BRDA:106,5,1,24
BRDA:106,6,0,29
BRDA:106,6,1,24
BRDA:111,7,0,5
BRDA:111,7,1,0
BRF:16
BRH:15
end_of_record
TN:
SF:src\components\modules\analytics\overview\Geo.tsx
FN:32,(anonymous_0)
FN:38,(anonymous_1)
FN:42,(anonymous_2)
FN:344,(anonymous_3)
FN:363,(anonymous_4)
FNF:5
FNH:5
FNDA:13,(anonymous_0)
FNDA:6,(anonymous_1)
FNDA:8,(anonymous_2)
FNDA:4,(anonymous_3)
FNDA:7,(anonymous_4)
DA:1,2
DA:2,2
DA:3,2
DA:4,2
DA:32,2
DA:33,13
DA:34,13
DA:35,13
DA:36,13
DA:38,13
DA:39,6
DA:42,13
DA:43,8
DA:44,8
DA:45,8
DA:48,8
DA:49,5
DA:50,4
DA:53,4
DA:247,4
DA:250,1
DA:285,3
DA:286,3
DA:289,3
DA:312,8
DA:316,13
DA:317,8
DA:326,5
DA:327,3
DA:344,2
DA:345,4
DA:346,4
DA:347,0
DA:348,0
DA:349,0
DA:352,2
DA:364,7
DA:390,2
LF:38
LH:35
BRDA:49,0,0,4
BRDA:49,0,1,1
BRDA:57,1,0,4
BRDA:57,1,1,4
BRDA:316,2,0,8
BRDA:316,2,1,5
BRDA:326,3,0,3
BRDA:326,3,1,2
BRDA:326,4,0,5
BRDA:326,4,1,2
BRDA:331,5,0,3
BRDA:331,5,1,0
BRDA:345,6,0,4
BRDA:345,6,1,0
BRDA:345,6,2,0
BRDA:345,6,3,0
BRF:16
BRH:12
end_of_record
TN:
SF:src\components\modules\analytics\overview\GoogleAds.tsx
FN:33,(anonymous_0)
FN:38,(anonymous_1)
FN:42,(anonymous_2)
FN:347,(anonymous_3)
FNF:4
FNH:4
FNDA:8,(anonymous_0)
FNDA:4,(anonymous_1)
FNDA:5,(anonymous_2)
FNDA:5,(anonymous_3)
DA:1,2
DA:2,2
DA:3,2
DA:4,2
DA:33,2
DA:34,8
DA:35,8
DA:36,8
DA:38,8
DA:39,4
DA:42,8
DA:43,5
DA:44,5
DA:45,5
DA:48,5
DA:49,3
DA:50,3
DA:53,3
DA:123,3
DA:126,0
DA:197,2
DA:198,2
DA:201,2
DA:238,5
DA:242,8
DA:243,5
DA:252,3
DA:253,2
DA:269,1
DA:348,5
DA:384,2
LF:31
LH:30
BRDA:49,0,0,3
BRDA:49,0,1,0
BRDA:68,1,0,3
BRDA:68,1,1,3
BRDA:242,2,0,5
BRDA:242,2,1,3
BRDA:252,3,0,2
BRDA:252,3,1,1
BRDA:252,4,0,3
BRDA:252,4,1,1
BRDA:257,5,0,2
BRDA:257,5,1,0
BRDA:285,6,0,0
BRDA:285,6,1,1
BRDA:296,7,0,1
BRDA:296,7,1,0
BRDA:303,8,0,1
BRDA:303,8,1,0
BRDA:310,9,0,0
BRDA:310,9,1,1
BRDA:317,10,0,1
BRDA:317,10,1,0
BRDA:352,11,0,3
BRDA:352,11,1,2
BRDA:353,12,0,1
BRDA:353,12,1,1
BRDA:361,13,0,3
BRDA:361,13,1,2
BRDA:362,14,0,1
BRDA:362,14,1,1
BRF:30
BRH:23
end_of_record
TN:
SF:src\components\modules\analytics\overview\LiveUsers.tsx
FN:8,(anonymous_0)
FN:13,(anonymous_1)
FN:17,(anonymous_2)
FN:21,(anonymous_3)
FN:24,(anonymous_4)
FN:106,(anonymous_5)
FN:138,(anonymous_6)
FNF:7
FNH:7
FNDA:57,(anonymous_0)
FNDA:28,(anonymous_1)
FNDA:3,(anonymous_2)
FNDA:28,(anonymous_3)
FNDA:36,(anonymous_4)
FNDA:69,(anonymous_5)
FNDA:65,(anonymous_6)
DA:1,2
DA:2,2
DA:3,2
DA:4,2
DA:5,2
DA:6,2
DA:8,2
DA:9,57
DA:10,57
DA:11,57
DA:13,57
DA:14,28
DA:17,28
DA:18,3
DA:21,28
DA:24,57
DA:25,36
DA:26,36
DA:27,36
DA:28,36
DA:29,31
DA:31,4
DA:32,4
DA:34,35
DA:38,57
DA:39,29
DA:48,28
DA:49,4
DA:66,24
DA:68,24
DA:107,69
DA:139,65
DA:154,2
LF:33
LH:33
BRDA:38,0,0,29
BRDA:38,0,1,28
BRDA:38,1,0,57
BRDA:38,1,1,33
BRDA:48,2,0,4
BRDA:48,2,1,24
BRDA:66,3,0,0
BRDA:66,3,1,24
BRDA:84,4,0,4
BRDA:84,4,1,20
BRF:10
BRH:9
end_of_record
TN:
SF:src\components\modules\analytics\overview\Referrals.tsx
FN:26,(anonymous_0)
FN:31,(anonymous_1)
FN:35,(anonymous_2)
FN:321,(anonymous_3)
FNF:4
FNH:4
FNDA:8,(anonymous_0)
FNDA:4,(anonymous_1)
FNDA:5,(anonymous_2)
FNDA:8,(anonymous_3)
DA:1,2
DA:2,2
DA:3,2
DA:26,2
DA:27,8
DA:28,8
DA:29,8
DA:31,8
DA:32,4
DA:35,8
DA:36,5
DA:37,5
DA:38,5
DA:41,5
DA:42,3
DA:43,3
DA:46,3
DA:136,3
DA:139,0
DA:190,2
DA:191,2
DA:194,2
DA:224,5
DA:228,8
DA:229,5
DA:238,3
DA:239,2
DA:255,1
DA:322,8
DA:356,2
LF:30
LH:29
BRDA:42,0,0,3
BRDA:42,0,1,0
BRDA:60,1,0,3
BRDA:60,1,1,3
BRDA:228,2,0,5
BRDA:228,2,1,3
BRDA:238,3,0,2
BRDA:238,3,1,1
BRDA:238,4,0,3
BRDA:238,4,1,1
BRDA:243,5,0,2
BRDA:243,5,1,0
BRDA:271,6,0,0
BRDA:271,6,1,1
BRDA:326,7,0,2
BRDA:326,7,1,6
BRDA:327,8,0,1
BRDA:327,8,1,5
BRDA:328,9,0,3
BRDA:328,9,1,2
BRDA:329,10,0,1
BRDA:329,10,1,1
BRDA:330,11,0,1
BRDA:330,11,1,0
BRDA:342,12,0,6
BRDA:342,12,1,2
BRDA:344,13,0,6
BRDA:344,13,1,2
BRF:28
BRH:24
end_of_record
TN:
SF:src\components\modules\analytics\overview\TrafficSources.tsx
FN:7,(anonymous_0)
FN:12,(anonymous_1)
FN:16,(anonymous_2)
FN:91,(anonymous_3)
FN:93,(anonymous_4)
FN:115,(anonymous_5)
FNF:6
FNH:5
FNDA:34,(anonymous_0)
FNDA:17,(anonymous_1)
FNDA:19,(anonymous_2)
FNDA:0,(anonymous_3)
FNDA:45,(anonymous_4)
FNDA:42,(anonymous_5)
DA:1,1
DA:2,1
DA:3,1
DA:4,1
DA:5,1
DA:7,1
DA:8,34
DA:9,34
DA:10,34
DA:12,34
DA:13,17
DA:16,34
DA:17,19
DA:18,19
DA:19,19
DA:20,19
DA:21,15
DA:23,2
DA:24,2
DA:26,17
DA:30,34
DA:31,19
DA:40,15
DA:41,2
DA:57,13
DA:91,0
DA:94,45
DA:116,42
DA:135,1
LF:29
LH:28
BRDA:30,0,0,19
BRDA:30,0,1,15
BRDA:40,1,0,2
BRDA:40,1,1,13
BRDA:40,2,0,15
BRDA:40,2,1,13
BRDA:45,3,0,2
BRDA:45,3,1,0
BRDA:73,4,0,0
BRDA:73,4,1,13
BRDA:120,5,0,10
BRDA:120,5,1,32
BRF:12
BRH:10
end_of_record
TN:
SF:src\components\modules\analytics\services\analyticsDataService.ts
FN:103,(anonymous_0)
FN:108,(anonymous_1)
FN:131,(anonymous_2)
FN:177,(anonymous_3)
FN:225,(anonymous_4)
FN:258,(anonymous_5)
FN:291,(anonymous_6)
FN:323,(anonymous_7)
FN:353,(anonymous_8)
FN:370,(anonymous_9)
FN:393,(anonymous_10)
FN:419,(anonymous_11)
FN:442,(anonymous_12)
FNF:13
FNH:10
FNDA:6,(anonymous_0)
FNDA:30,(anonymous_1)
FNDA:24,(anonymous_2)
FNDA:3,(anonymous_3)
FNDA:1,(anonymous_4)
FNDA:1,(anonymous_5)
FNDA:1,(anonymous_6)
FNDA:4,(anonymous_7)
FNDA:2,(anonymous_8)
FNDA:0,(anonymous_9)
FNDA:0,(anonymous_10)
FNDA:0,(anonymous_11)
FNDA:27,(anonymous_12)
DA:104,6
DA:105,6
DA:106,6
DA:109,30
DA:110,30
DA:112,30
DA:113,3
DA:116,27
DA:117,27
DA:118,23
DA:119,2
DA:122,21
DA:123,21
DA:124,21
DA:126,6
DA:127,6
DA:132,24
DA:133,24
DA:136,20
DA:139,20
DA:140,20
DA:141,20
DA:142,620
DA:143,620
DA:150,20
DA:157,20
DA:165,20
DA:173,4
DA:178,3
DA:179,3
DA:181,1
DA:212,1
DA:219,1
DA:221,2
DA:226,1
DA:227,1
DA:229,1
DA:231,1
DA:238,1
DA:244,1
DA:252,1
DA:254,0
DA:259,1
DA:260,1
DA:262,1
DA:274,1
DA:285,1
DA:287,0
DA:292,1
DA:293,1
DA:295,1
DA:302,1
DA:309,1
DA:316,1
DA:318,0
DA:324,4
DA:325,4
DA:326,4
DA:327,4
DA:328,124
DA:329,124
DA:335,4
DA:354,2
DA:371,0
DA:394,0
DA:420,0
DA:443,27
DA:447,6
LF:68
LH:62
BRDA:112,0,0,3
BRDA:112,0,1,27
BRDA:112,1,0,30
BRDA:112,1,1,3
BRDA:118,2,0,2
BRDA:118,2,1,21
BRDA:136,3,0,20
BRDA:136,3,1,2
BRDA:184,4,0,1
BRDA:184,4,1,0
BRDA:185,5,0,1
BRDA:185,5,1,0
BRDA:191,6,0,1
BRDA:191,6,1,0
BRDA:192,7,0,1
BRDA:192,7,1,0
BRDA:198,8,0,1
BRDA:198,8,1,0
BRDA:199,9,0,1
BRDA:199,9,1,0
BRDA:205,10,0,1
BRDA:205,10,1,0
BRDA:206,11,0,1
BRDA:206,11,1,0
BRDA:229,12,0,1
BRDA:229,12,1,0
BRF:26
BRH:17
end_of_record
TN:
SF:src\components\modules\concierge-ai\AdminPrompts.tsx
FN:6,(anonymous_0)
FNF:1
FNH:1
FNDA:5,(anonymous_0)
DA:2,1
DA:3,1
DA:4,1
DA:6,1
DA:7,5
DA:15,1
LF:6
LH:6
BRF:0
BRH:0
end_of_record
TN:
SF:src\components\modules\concierge-ai\AuraConcierge.tsx
FN:13,(anonymous_0)
FN:14,(anonymous_1)
FN:16,(anonymous_2)
FN:28,(anonymous_3)
FN:34,(anonymous_4)
FN:41,(anonymous_5)
FN:50,(anonymous_6)
FN:61,(anonymous_7)
FN:88,(anonymous_8)
FNF:9
FNH:0
FNDA:0,(anonymous_0)
FNDA:0,(anonymous_1)
FNDA:0,(anonymous_2)
FNDA:0,(anonymous_3)
FNDA:0,(anonymous_4)
FNDA:0,(anonymous_5)
FNDA:0,(anonymous_6)
FNDA:0,(anonymous_7)
FNDA:0,(anonymous_8)
DA:2,0
DA:3,0
DA:4,0
DA:5,0
DA:13,0
DA:14,0
DA:16,0
DA:17,0
DA:18,0
DA:28,0
DA:29,0
DA:30,0
DA:31,0
DA:32,0
DA:34,0
DA:36,0
DA:37,0
DA:41,0
DA:42,0
DA:44,0
DA:45,0
DA:46,0
DA:50,0
DA:51,0
DA:52,0
DA:53,0
DA:54,0
DA:55,0
DA:56,0
DA:61,0
DA:62,0
DA:63,0
DA:64,0
DA:68,0
DA:89,0
DA:121,0
LF:36
LH:0
BRDA:19,0,0,0
BRDA:19,0,1,0
BRDA:20,1,0,0
BRDA:20,1,1,0
BRDA:36,2,0,0
BRDA:36,2,1,0
BRDA:44,3,0,0
BRDA:44,3,1,0
BRDA:52,4,0,0
BRDA:52,4,1,0
BRDA:52,5,0,0
BRDA:52,5,1,0
BRDA:55,6,0,0
BRDA:55,6,1,0
BRDA:62,7,0,0
BRDA:62,7,1,0
BRDA:62,8,0,0
BRDA:62,8,1,0
BRDA:79,9,0,0
BRDA:79,9,1,0
BRDA:82,10,0,0
BRDA:82,10,1,0
BRDA:91,11,0,0
BRDA:91,11,1,0
BRDA:91,11,2,0
BRDA:112,12,0,0
BRDA:112,12,1,0
BRF:27
BRH:0
end_of_record
TN:
SF:src\components\modules\concierge-ai\ChatHistory.tsx
FN:6,(anonymous_0)
FNF:1
FNH:0
FNDA:0,(anonymous_0)
DA:2,0
DA:3,0
DA:4,0
DA:6,0
DA:7,0
DA:15,0
LF:6
LH:0
BRF:0
BRH:0
end_of_record
TN:
SF:src\components\modules\concierge-ai\ConciergeContentPlaceholder.tsx
FN:10,(anonymous_0)
FNF:1
FNH:1
FNDA:59,(anonymous_0)
DA:2,3
DA:3,3
DA:10,3
DA:11,59
DA:27,3
LF:5
LH:5
BRF:0
BRH:0
end_of_record
TN:
SF:src\components\modules\concierge-ai\ContentGenerator.tsx
FN:6,(anonymous_0)
FNF:1
FNH:1
FNDA:4,(anonymous_0)
DA:2,1
DA:3,1
DA:4,1
DA:6,1
DA:7,4
DA:15,1
LF:6
LH:6
BRF:0
BRH:0
end_of_record
TN:
SF:src\components\modules\concierge-ai\EducationPrompts.tsx
FN:6,(anonymous_0)
FNF:1
FNH:1
FNDA:10,(anonymous_0)
DA:2,1
DA:3,1
DA:4,1
DA:6,1
DA:7,10
DA:15,1
LF:6
LH:6
BRF:0
BRH:0
end_of_record
TN:
SF:src\components\modules\concierge-ai\EnhancedAuraConcierge.tsx
FN:14,(anonymous_0)
FN:39,(anonymous_1)
FN:46,(anonymous_2)
FN:52,(anonymous_3)
FN:61,(anonymous_4)
FN:68,(anonymous_5)
FN:72,(anonymous_6)
FN:118,(anonymous_7)
FN:147,(anonymous_8)
FN:166,(anonymous_9)
FN:170,(anonymous_10)
FN:186,(anonymous_11)
FN:219,(anonymous_12)
FNF:13
FNH:0
FNDA:0,(anonymous_0)
FNDA:0,(anonymous_1)
FNDA:0,(anonymous_2)
FNDA:0,(anonymous_3)
FNDA:0,(anonymous_4)
FNDA:0,(anonymous_5)
FNDA:0,(anonymous_6)
FNDA:0,(anonymous_7)
FNDA:0,(anonymous_8)
FNDA:0,(anonymous_9)
FNDA:0,(anonymous_10)
FNDA:0,(anonymous_11)
FNDA:0,(anonymous_12)
DA:1,0
DA:2,0
DA:3,0
DA:4,0
DA:5,0
DA:14,0
DA:23,0
DA:33,0
DA:34,0
DA:35,0
DA:36,0
DA:39,0
DA:40,0
DA:41,0
DA:46,0
DA:47,0
DA:48,0
DA:52,0
DA:53,0
DA:54,0
DA:56,0
DA:57,0
DA:58,0
DA:61,0
DA:62,0
DA:63,0
DA:64,0
DA:68,0
DA:69,0
DA:72,0
DA:73,0
DA:74,0
DA:75,0
DA:79,0
DA:106,0
DA:113,0
DA:114,0
DA:118,0
DA:128,0
DA:147,0
DA:167,0
DA:171,0
DA:172,0
DA:186,0
DA:219,0
DA:257,0
LF:46
LH:0
BRDA:40,0,0,0
BRDA:40,0,1,0
BRDA:47,1,0,0
BRDA:47,1,1,0
BRDA:47,2,0,0
BRDA:47,2,1,0
BRDA:54,3,0,0
BRDA:54,3,1,0
BRDA:54,4,0,0
BRDA:54,4,1,0
BRDA:54,4,2,0
BRDA:62,5,0,0
BRDA:62,5,1,0
BRDA:62,6,0,0
BRDA:62,6,1,0
BRDA:74,7,0,0
BRDA:74,7,1,0
BRDA:75,8,0,0
BRDA:75,8,1,0
BRDA:75,9,0,0
BRDA:75,9,1,0
BRDA:80,10,0,0
BRDA:80,10,1,0
BRDA:82,11,0,0
BRDA:82,11,1,0
BRDA:91,12,0,0
BRDA:91,12,1,0
BRDA:91,12,2,0
BRDA:97,13,0,0
BRDA:97,13,1,0
BRDA:97,13,2,0
BRDA:113,14,0,0
BRDA:113,14,1,0
BRDA:122,15,0,0
BRDA:122,15,1,0
BRDA:139,16,0,0
BRDA:139,16,1,0
BRDA:142,17,0,0
BRDA:142,17,1,0
BRDA:155,18,0,0
BRDA:155,18,1,0
BRDA:188,19,0,0
BRDA:188,19,1,0
BRDA:188,19,2,0
BRDA:200,20,0,0
BRDA:200,20,1,0
BRDA:221,21,0,0
BRDA:221,21,1,0
BRDA:227,22,0,0
BRDA:227,22,1,0
BRDA:227,22,2,0
BRDA:231,23,0,0
BRDA:231,23,1,0
BRDA:240,24,0,0
BRDA:240,24,1,0
BRF:55
BRH:0
end_of_record
TN:
SF:src\components\modules\concierge-ai\EnhancedAuraConciergeWrapper.tsx
FN:29,(anonymous_0)
FN:30,(anonymous_1)
FN:32,(anonymous_2)
FN:62,(anonymous_3)
FN:89,(anonymous_4)
FN:118,(anonymous_5)
FN:140,(anonymous_6)
FN:147,(anonymous_7)
FN:156,(anonymous_8)
FN:170,(anonymous_9)
FN:186,(anonymous_10)
FN:193,(anonymous_11)
FN:203,(anonymous_12)
FN:260,(anonymous_13)
FNF:14
FNH:0
FNDA:0,(anonymous_0)
FNDA:0,(anonymous_1)
FNDA:0,(anonymous_2)
FNDA:0,(anonymous_3)
FNDA:0,(anonymous_4)
FNDA:0,(anonymous_5)
FNDA:0,(anonymous_6)
FNDA:0,(anonymous_7)
FNDA:0,(anonymous_8)
FNDA:0,(anonymous_9)
FNDA:0,(anonymous_10)
FNDA:0,(anonymous_11)
FNDA:0,(anonymous_12)
FNDA:0,(anonymous_13)
DA:6,0
DA:7,0
DA:8,0
DA:9,0
DA:10,0
DA:11,0
DA:29,0
DA:30,0
DA:32,0
DA:33,0
DA:34,0
DA:36,0
DA:62,0
DA:90,0
DA:118,0
DA:119,0
DA:120,0
DA:123,0
DA:124,0
DA:126,0
DA:127,0
DA:128,0
DA:129,0
DA:130,0
DA:133,0
DA:136,0
DA:137,0
DA:138,0
DA:140,0
DA:142,0
DA:143,0
DA:147,0
DA:148,0
DA:150,0
DA:151,0
DA:152,0
DA:156,0
DA:157,0
DA:158,0
DA:160,0
DA:161,0
DA:163,0
DA:164,0
DA:167,0
DA:169,0
DA:170,0
DA:171,0
DA:173,0
DA:174,0
DA:179,0
DA:186,0
DA:188,0
DA:189,0
DA:193,0
DA:195,0
DA:199,0
DA:203,0
DA:204,0
DA:205,0
DA:206,0
DA:210,0
DA:261,0
DA:305,0
LF:63
LH:0
BRDA:37,0,0,0
BRDA:37,0,1,0
BRDA:38,1,0,0
BRDA:38,1,1,0
BRDA:43,2,0,0
BRDA:43,2,1,0
BRDA:43,2,2,0
BRDA:52,3,0,0
BRDA:52,3,1,0
BRDA:60,4,0,0
BRDA:60,4,1,0
BRDA:80,5,0,0
BRDA:80,5,1,0
BRDA:80,5,2,0
BRDA:80,5,3,0
BRDA:102,6,0,0
BRDA:102,6,1,0
BRDA:104,7,0,0
BRDA:104,7,1,0
BRDA:105,8,0,0
BRDA:105,8,1,0
BRDA:106,9,0,0
BRDA:106,9,1,0
BRDA:133,10,0,0
BRDA:133,10,1,0
BRDA:136,11,0,0
BRDA:136,11,1,0
BRDA:137,12,0,0
BRDA:137,12,1,0
BRDA:138,13,0,0
BRDA:138,13,1,0
BRDA:142,14,0,0
BRDA:142,14,1,0
BRDA:150,15,0,0
BRDA:150,15,1,0
BRDA:158,16,0,0
BRDA:158,16,1,0
BRDA:158,17,0,0
BRDA:158,17,1,0
BRDA:163,18,0,0
BRDA:163,18,1,0
BRDA:167,19,0,0
BRDA:167,19,1,0
BRDA:204,20,0,0
BRDA:204,20,1,0
BRDA:204,21,0,0
BRDA:204,21,1,0
BRDA:216,22,0,0
BRDA:216,22,1,0
BRDA:230,23,0,0
BRDA:230,23,1,0
BRDA:231,24,0,0
BRDA:231,24,1,0
BRDA:233,25,0,0
BRDA:233,25,1,0
BRDA:233,25,2,0
BRDA:247,26,0,0
BRDA:247,26,1,0
BRDA:252,27,0,0
BRDA:252,27,1,0
BRDA:264,28,0,0
BRDA:264,28,1,0
BRDA:283,29,0,0
BRDA:283,29,1,0
BRDA:294,30,0,0
BRDA:294,30,1,0
BRF:66
BRH:0
end_of_record
TN:
SF:src\components\modules\concierge-ai\ProductivityPrompts.tsx
FN:6,(anonymous_0)
FNF:1
FNH:1
FNDA:5,(anonymous_0)
DA:2,1
DA:3,1
DA:4,1
DA:6,1
DA:7,5
DA:15,1
LF:6
LH:6
BRF:0
BRH:0
end_of_record
TN:
SF:src\components\modules\concierge-ai\Summarizer.tsx
FN:6,(anonymous_0)
FNF:1
FNH:1
FNDA:8,(anonymous_0)
DA:2,1
DA:3,1
DA:4,1
DA:6,1
DA:7,8
DA:15,1
LF:6
LH:6
BRF:0
BRH:0
end_of_record
TN:
SF:src\components\modules\concierge-ai\Translator.tsx
FN:6,(anonymous_0)
FNF:1
FNH:1
FNDA:5,(anonymous_0)
DA:2,1
DA:3,1
DA:4,1
DA:6,1
DA:7,5
DA:15,1
LF:6
LH:6
BRF:0
BRH:0
end_of_record
TN:
SF:src\components\modules\concierge-ai\settings\AIDataPrivacy.tsx
FN:6,(anonymous_0)
FNF:1
FNH:1
FNDA:5,(anonymous_0)
DA:2,1
DA:3,1
DA:4,1
DA:6,1
DA:7,5
DA:15,1
LF:6
LH:6
BRF:0
BRH:0
end_of_record
TN:
SF:src\components\modules\concierge-ai\settings\AIModel.tsx
FN:6,(anonymous_0)
FNF:1
FNH:1
FNDA:6,(anonymous_0)
DA:2,1
DA:3,1
DA:4,1
DA:6,1
DA:7,6
DA:15,1
LF:6
LH:6
BRF:0
BRH:0
end_of_record
TN:
SF:src\components\modules\concierge-ai\settings\AIPersona.tsx
FN:6,(anonymous_0)
FNF:1
FNH:1
FNDA:7,(anonymous_0)
DA:2,1
DA:3,1
DA:4,1
DA:6,1
DA:7,7
DA:15,1
LF:6
LH:6
BRF:0
BRH:0
end_of_record
TN:
SF:src\components\modules\concierge-ai\settings\AIUsage.tsx
FN:6,(anonymous_0)
FNF:1
FNH:1
FNDA:4,(anonymous_0)
DA:2,1
DA:3,1
DA:4,1
DA:6,1
DA:7,4
DA:15,1
LF:6
LH:6
BRF:0
BRH:0
end_of_record
TN:
SF:src\components\modules\crm\AIMonitoring.tsx
FN:13,(anonymous_0)
FN:20,(anonymous_1)
FN:21,(anonymous_2)
FN:47,(anonymous_3)
FN:50,(anonymous_4)
FN:51,(anonymous_5)
FN:79,(anonymous_6)
FN:101,(anonymous_7)
FN:141,(anonymous_8)
FN:163,(anonymous_9)
FN:227,(anonymous_10)
FN:238,(anonymous_11)
FN:290,(anonymous_12)
FN:329,(anonymous_13)
FN:369,(anonymous_14)
FN:372,(anonymous_15)
FN:408,(anonymous_16)
FN:414,(anonymous_17)
FN:462,(anonymous_18)
FN:469,(anonymous_19)
FNF:20
FNH:0
FNDA:0,(anonymous_0)
FNDA:0,(anonymous_1)
FNDA:0,(anonymous_2)
FNDA:0,(anonymous_3)
FNDA:0,(anonymous_4)
FNDA:0,(anonymous_5)
FNDA:0,(anonymous_6)
FNDA:0,(anonymous_7)
FNDA:0,(anonymous_8)
FNDA:0,(anonymous_9)
FNDA:0,(anonymous_10)
FNDA:0,(anonymous_11)
FNDA:0,(anonymous_12)
FNDA:0,(anonymous_13)
FNDA:0,(anonymous_14)
FNDA:0,(anonymous_15)
FNDA:0,(anonymous_16)
FNDA:0,(anonymous_17)
FNDA:0,(anonymous_18)
FNDA:0,(anonymous_19)
DA:1,0
DA:2,0
DA:3,0
DA:13,0
DA:14,0
DA:15,0
DA:16,0
DA:17,0
DA:20,0
DA:21,0
DA:22,0
DA:23,0
DA:24,0
DA:25,0
DA:26,0
DA:27,0
DA:28,0
DA:30,0
DA:31,0
DA:33,0
DA:37,0
DA:41,0
DA:47,0
DA:50,0
DA:51,0
DA:52,0
DA:54,0
DA:80,0
DA:102,0
DA:142,0
DA:164,0
DA:228,0
DA:239,0
DA:291,0
DA:330,0
DA:370,0
DA:373,0
DA:409,0
DA:415,0
DA:456,0
DA:463,0
DA:464,0
DA:466,0
DA:469,0
DA:503,0
LF:45
LH:0
BRDA:25,0,0,0
BRDA:25,0,1,0
BRDA:30,1,0,0
BRDA:30,1,1,0
BRDA:44,2,0,0
BRDA:44,2,1,0
BRDA:45,3,0,0
BRDA:45,3,1,0
BRDA:47,4,0,0
BRDA:47,4,1,0
BRDA:52,5,0,0
BRDA:52,5,1,0
BRDA:61,6,0,0
BRDA:61,6,1,0
BRDA:67,7,0,0
BRDA:67,7,1,0
BRDA:103,8,0,0
BRDA:103,8,1,0
BRDA:110,9,0,0
BRDA:110,9,1,0
BRDA:112,10,0,0
BRDA:112,10,1,0
BRDA:130,11,0,0
BRDA:130,11,1,0
BRDA:184,12,0,0
BRDA:184,12,1,0
BRDA:242,13,0,0
BRDA:242,13,1,0
BRDA:266,14,0,0
BRDA:266,14,1,0
BRDA:338,15,0,0
BRDA:338,15,1,0
BRDA:351,16,0,0
BRDA:351,16,1,0
BRDA:418,17,0,0
BRDA:418,17,1,0
BRDA:437,18,0,0
BRDA:437,18,1,0
BRDA:471,19,0,0
BRDA:471,19,1,0
BRDA:478,20,0,0
BRDA:478,20,1,0
BRDA:479,21,0,0
BRDA:479,21,1,0
BRDA:483,22,0,0
BRDA:483,22,1,0
BRF:46
BRH:0
end_of_record
TN:
SF:src\components\modules\crm\CRMDashboard.tsx
FN:48,(anonymous_0)
FN:54,(anonymous_1)
FN:55,(anonymous_2)
FN:185,(anonymous_3)
FN:196,(anonymous_4)
FN:206,(anonymous_5)
FN:215,(anonymous_6)
FN:238,(anonymous_7)
FN:383,(anonymous_8)
FN:408,(anonymous_9)
FN:429,(anonymous_10)
FNF:11
FNH:0
FNDA:0,(anonymous_0)
FNDA:0,(anonymous_1)
FNDA:0,(anonymous_2)
FNDA:0,(anonymous_3)
FNDA:0,(anonymous_4)
FNDA:0,(anonymous_5)
FNDA:0,(anonymous_6)
FNDA:0,(anonymous_7)
FNDA:0,(anonymous_8)
FNDA:0,(anonymous_9)
FNDA:0,(anonymous_10)
DA:1,0
DA:2,0
DA:3,0
DA:48,0
DA:49,0
DA:50,0
DA:51,0
DA:54,0
DA:55,0
DA:56,0
DA:57,0
DA:58,0
DA:59,0
DA:60,0
DA:61,0
DA:62,0
DA:64,0
DA:65,0
DA:67,0
DA:178,0
DA:182,0
DA:185,0
DA:186,0
DA:187,0
DA:188,0
DA:189,0
DA:190,0
DA:191,0
DA:192,0
DA:196,0
DA:197,0
DA:198,0
DA:199,0
DA:200,0
DA:201,0
DA:202,0
DA:206,0
DA:207,0
DA:208,0
DA:209,0
DA:210,0
DA:211,0
DA:215,0
DA:216,0
DA:222,0
DA:223,0
DA:231,0
DA:232,0
DA:238,0
DA:248,0
DA:384,0
DA:385,0
DA:409,0
DA:430,0
DA:449,0
LF:55
LH:0
BRDA:59,0,0,0
BRDA:59,0,1,0
BRDA:64,1,0,0
BRDA:64,1,1,0
BRDA:186,2,0,0
BRDA:186,2,1,0
BRDA:186,2,2,0
BRDA:186,2,3,0
BRDA:186,2,4,0
BRDA:186,2,5,0
BRDA:197,3,0,0
BRDA:197,3,1,0
BRDA:197,3,2,0
BRDA:197,3,3,0
BRDA:197,3,4,0
BRDA:207,4,0,0
BRDA:207,4,1,0
BRDA:207,4,2,0
BRDA:207,4,3,0
BRDA:222,5,0,0
BRDA:222,5,1,0
BRDA:231,6,0,0
BRDA:231,6,1,0
BRDA:231,7,0,0
BRDA:231,7,1,0
BRDA:292,8,0,0
BRDA:292,8,1,0
BRDA:370,9,0,0
BRDA:370,9,1,0
BRDA:412,10,0,0
BRDA:412,10,1,0
BRF:31
BRH:0
end_of_record
TN:
SF:src\components\modules\crm\CommunicationCenter.tsx
FN:49,(anonymous_0)
FN:56,(anonymous_1)
FN:57,(anonymous_2)
FN:204,(anonymous_3)
FN:218,(anonymous_4)
FN:227,(anonymous_5)
FN:237,(anonymous_6)
FN:254,(anonymous_7)
FN:316,(anonymous_8)
FN:378,(anonymous_9)
FN:422,(anonymous_10)
FN:509,(anonymous_11)
FN:516,(anonymous_12)
FNF:13
FNH:12
FNDA:92,(anonymous_0)
FNDA:29,(anonymous_1)
FNDA:29,(anonymous_2)
FNDA:72,(anonymous_3)
FNDA:60,(anonymous_4)
FNDA:60,(anonymous_5)
FNDA:91,(anonymous_6)
FNDA:0,(anonymous_7)
FNDA:60,(anonymous_8)
FNDA:8,(anonymous_9)
FNDA:12,(anonymous_10)
FNDA:546,(anonymous_11)
FNDA:11,(anonymous_12)
DA:1,1
DA:2,1
DA:3,1
DA:49,1
DA:50,92
DA:51,91
DA:52,91
DA:53,91
DA:56,91
DA:57,29
DA:58,29
DA:59,29
DA:60,29
DA:61,26
DA:62,26
DA:63,26
DA:64,26
DA:66,2
DA:67,2
DA:69,2
DA:187,28
DA:191,29
DA:195,91
DA:204,91
DA:205,72
DA:206,28
DA:207,32
DA:208,0
DA:209,0
DA:210,6
DA:211,6
DA:212,0
DA:213,0
DA:214,0
DA:218,91
DA:219,60
DA:220,28
DA:221,28
DA:222,4
DA:223,0
DA:227,91
DA:228,60
DA:229,28
DA:230,4
DA:231,28
DA:232,0
DA:233,0
DA:237,91
DA:238,91
DA:239,51
DA:247,40
DA:248,0
DA:254,0
DA:264,40
DA:266,29
DA:317,60
DA:318,60
DA:366,4
DA:379,8
DA:410,6
DA:423,12
DA:485,1
DA:495,91
DA:510,546
DA:511,546
DA:513,546
DA:516,11
DA:544,1
LF:68
LH:58
BRDA:61,0,0,0
BRDA:61,0,1,26
BRDA:66,1,0,2
BRDA:66,1,1,0
BRDA:196,2,0,91
BRDA:196,2,1,52
BRDA:197,3,0,91
BRDA:197,3,1,52
BRDA:198,4,0,91
BRDA:198,4,1,52
BRDA:205,5,0,28
BRDA:205,5,1,32
BRDA:205,5,2,0
BRDA:205,5,3,0
BRDA:205,5,4,6
BRDA:205,5,5,6
BRDA:205,5,6,0
BRDA:205,5,7,0
BRDA:205,5,8,0
BRDA:219,6,0,28
BRDA:219,6,1,28
BRDA:219,6,2,4
BRDA:219,6,3,0
BRDA:228,7,0,28
BRDA:228,7,1,4
BRDA:228,7,2,28
BRDA:228,7,3,0
BRDA:228,7,4,0
BRDA:238,8,0,51
BRDA:238,8,1,40
BRDA:247,9,0,0
BRDA:247,9,1,40
BRDA:247,10,0,40
BRDA:247,10,1,4
BRDA:264,11,0,29
BRDA:264,11,1,4
BRDA:264,11,2,6
BRDA:264,11,3,1
BRDA:471,12,0,12
BRDA:471,12,1,0
BRDA:518,13,0,91
BRDA:518,13,1,455
BRDA:523,14,0,91
BRDA:523,14,1,455
BRDA:525,15,0,546
BRDA:525,15,1,117
BRF:46
BRH:34
end_of_record
TN:
SF:src\components\modules\crm\ContentManagement.tsx
FN:30,(anonymous_0)
FN:37,(anonymous_1)
FN:38,(anonymous_2)
FN:67,(anonymous_3)
FN:81,(anonymous_4)
FN:97,(anonymous_5)
FN:98,(anonymous_6)
FN:118,(anonymous_7)
FN:154,(anonymous_8)
FN:166,(anonymous_9)
FN:173,(anonymous_10)
FN:204,(anonymous_11)
FN:252,(anonymous_12)
FN:283,(anonymous_13)
FN:337,(anonymous_14)
FN:344,(anonymous_15)
FNF:16
FNH:0
FNDA:0,(anonymous_0)
FNDA:0,(anonymous_1)
FNDA:0,(anonymous_2)
FNDA:0,(anonymous_3)
FNDA:0,(anonymous_4)
FNDA:0,(anonymous_5)
FNDA:0,(anonymous_6)
FNDA:0,(anonymous_7)
FNDA:0,(anonymous_8)
FNDA:0,(anonymous_9)
FNDA:0,(anonymous_10)
FNDA:0,(anonymous_11)
FNDA:0,(anonymous_12)
FNDA:0,(anonymous_13)
FNDA:0,(anonymous_14)
FNDA:0,(anonymous_15)
DA:1,0
DA:2,0
DA:3,0
DA:30,0
DA:31,0
DA:32,0
DA:33,0
DA:34,0
DA:37,0
DA:38,0
DA:39,0
DA:40,0
DA:41,0
DA:42,0
DA:43,0
DA:44,0
DA:45,0
DA:47,0
DA:48,0
DA:50,0
DA:54,0
DA:58,0
DA:67,0
DA:68,0
DA:69,0
DA:72,0
DA:74,0
DA:77,0
DA:81,0
DA:82,0
DA:83,0
DA:88,0
DA:90,0
DA:93,0
DA:97,0
DA:98,0
DA:99,0
DA:101,0
DA:102,0
DA:112,0
DA:113,0
DA:118,0
DA:128,0
DA:130,0
DA:155,0
DA:166,0
DA:173,0
DA:205,0
DA:253,0
DA:284,0
DA:331,0
DA:338,0
DA:339,0
DA:341,0
DA:344,0
DA:378,0
LF:56
LH:0
BRDA:42,0,0,0
BRDA:42,0,1,0
BRDA:47,1,0,0
BRDA:47,1,1,0
BRDA:59,2,0,0
BRDA:59,2,1,0
BRDA:60,3,0,0
BRDA:60,3,1,0
BRDA:61,4,0,0
BRDA:61,4,1,0
BRDA:62,5,0,0
BRDA:62,5,1,0
BRDA:72,6,0,0
BRDA:72,6,1,0
BRDA:81,7,0,0
BRDA:88,8,0,0
BRDA:88,8,1,0
BRDA:99,9,0,0
BRDA:99,9,1,0
BRDA:101,10,0,0
BRDA:101,10,1,0
BRDA:112,11,0,0
BRDA:112,11,1,0
BRDA:128,12,0,0
BRDA:128,12,1,0
BRDA:137,13,0,0
BRDA:137,13,1,0
BRDA:143,14,0,0
BRDA:143,14,1,0
BRDA:153,15,0,0
BRDA:153,15,1,0
BRDA:193,16,0,0
BRDA:193,16,1,0
BRDA:203,17,0,0
BRDA:203,17,1,0
BRDA:228,18,0,0
BRDA:228,18,1,0
BRDA:239,19,0,0
BRDA:239,19,1,0
BRDA:271,20,0,0
BRDA:271,20,1,0
BRDA:282,21,0,0
BRDA:282,21,1,0
BRDA:312,22,0,0
BRDA:312,22,1,0
BRDA:312,22,2,0
BRDA:346,23,0,0
BRDA:346,23,1,0
BRDA:353,24,0,0
BRDA:353,24,1,0
BRDA:354,25,0,0
BRDA:354,25,1,0
BRDA:358,26,0,0
BRDA:358,26,1,0
BRF:54
BRH:0
end_of_record
TN:
SF:src\components\modules\crm\FinancialManagement.tsx
FN:53,(anonymous_0)
FN:60,(anonymous_1)
FN:61,(anonymous_2)
FN:204,(anonymous_3)
FN:214,(anonymous_4)
FN:223,(anonymous_5)
FN:232,(anonymous_6)
FN:239,(anonymous_7)
FN:256,(anonymous_8)
FN:328,(anonymous_9)
FN:368,(anonymous_10)
FN:426,(anonymous_11)
FN:433,(anonymous_12)
FNF:13
FNH:10
FNDA:47,(anonymous_0)
FNDA:21,(anonymous_1)
FNDA:21,(anonymous_2)
FNDA:27,(anonymous_3)
FNDA:0,(anonymous_4)
FNDA:0,(anonymous_5)
FNDA:87,(anonymous_6)
FNDA:47,(anonymous_7)
FNDA:0,(anonymous_8)
FNDA:27,(anonymous_9)
FNDA:6,(anonymous_10)
FNDA:282,(anonymous_11)
FNDA:4,(anonymous_12)
DA:1,1
DA:2,1
DA:3,1
DA:53,1
DA:54,47
DA:55,47
DA:56,47
DA:57,47
DA:60,47
DA:61,21
DA:62,21
DA:63,21
DA:64,21
DA:65,19
DA:66,19
DA:67,19
DA:68,19
DA:70,1
DA:71,1
DA:73,1
DA:187,20
DA:191,21
DA:195,47
DA:204,47
DA:205,27
DA:206,13
DA:207,13
DA:208,1
DA:209,0
DA:210,0
DA:214,47
DA:215,0
DA:216,0
DA:217,0
DA:218,0
DA:219,0
DA:223,47
DA:224,0
DA:225,0
DA:226,0
DA:227,0
DA:228,0
DA:232,47
DA:233,87
DA:239,47
DA:240,47
DA:241,29
DA:249,18
DA:250,0
DA:256,0
DA:266,18
DA:268,14
DA:329,27
DA:363,3
DA:369,6
DA:402,1
DA:412,47
DA:427,282
DA:428,282
DA:430,282
DA:433,4
DA:461,1
LF:62
LH:48
BRDA:65,0,0,0
BRDA:65,0,1,19
BRDA:70,1,0,1
BRDA:70,1,1,0
BRDA:196,2,0,47
BRDA:196,2,1,30
BRDA:197,3,0,47
BRDA:197,3,1,30
BRDA:198,4,0,47
BRDA:198,4,1,30
BRDA:205,5,0,13
BRDA:205,5,1,13
BRDA:205,5,2,1
BRDA:205,5,3,0
BRDA:205,5,4,0
BRDA:215,6,0,0
BRDA:215,6,1,0
BRDA:215,6,2,0
BRDA:215,6,3,0
BRDA:224,7,0,0
BRDA:224,7,1,0
BRDA:224,7,2,0
BRDA:224,7,3,0
BRDA:240,8,0,29
BRDA:240,8,1,18
BRDA:249,9,0,0
BRDA:249,9,1,18
BRDA:249,10,0,18
BRDA:249,10,1,1
BRDA:266,11,0,14
BRDA:266,11,1,3
BRDA:266,11,2,1
BRDA:273,12,0,14
BRDA:273,12,1,1
BRDA:277,13,0,14
BRDA:277,13,1,1
BRDA:281,14,0,14
BRDA:281,14,1,1
BRDA:435,15,0,47
BRDA:435,15,1,235
BRDA:440,16,0,47
BRDA:440,16,1,235
BRDA:442,17,0,282
BRDA:442,17,1,51
BRF:44
BRH:31
end_of_record
TN:
SF:src\components\modules\crm\ParentPortal.tsx
FN:44,(anonymous_0)
FN:51,(anonymous_1)
FN:52,(anonymous_2)
FN:197,(anonymous_3)
FN:206,(anonymous_4)
FN:216,(anonymous_5)
FN:227,(anonymous_6)
FN:244,(anonymous_7)
FN:312,(anonymous_8)
FN:319,(anonymous_9)
FN:400,(anonymous_10)
FN:440,(anonymous_11)
FN:483,(anonymous_12)
FN:490,(anonymous_13)
FNF:14
FNH:13
FNDA:84,(anonymous_0)
FNDA:27,(anonymous_1)
FNDA:27,(anonymous_2)
FNDA:64,(anonymous_3)
FNDA:8,(anonymous_4)
FNDA:6,(anonymous_5)
FNDA:83,(anonymous_6)
FNDA:0,(anonymous_7)
FNDA:64,(anonymous_8)
FNDA:94,(anonymous_9)
FNDA:8,(anonymous_10)
FNDA:6,(anonymous_11)
FNDA:498,(anonymous_12)
FNDA:8,(anonymous_13)
DA:1,1
DA:2,1
DA:3,1
DA:44,1
DA:45,84
DA:46,83
DA:47,83
DA:48,83
DA:51,83
DA:52,27
DA:53,27
DA:54,27
DA:55,27
DA:56,24
DA:57,24
DA:58,24
DA:59,24
DA:61,2
DA:62,2
DA:64,2
DA:180,26
DA:184,27
DA:188,83
DA:197,83
DA:198,64
DA:199,60
DA:200,0
DA:201,4
DA:202,0
DA:206,83
DA:207,8
DA:208,4
DA:209,4
DA:210,0
DA:211,0
DA:212,0
DA:216,83
DA:217,6
DA:218,0
DA:219,3
DA:220,3
DA:221,0
DA:222,0
DA:223,0
DA:227,83
DA:228,83
DA:229,43
DA:237,40
DA:238,0
DA:244,0
DA:254,40
DA:256,32
DA:313,64
DA:320,94
DA:376,4
DA:401,8
DA:435,3
DA:441,6
DA:442,6
DA:459,1
DA:469,83
DA:484,498
DA:485,498
DA:487,498
DA:490,8
DA:518,1
LF:66
LH:55
BRDA:56,0,0,0
BRDA:56,0,1,24
BRDA:61,1,0,2
BRDA:61,1,1,0
BRDA:189,2,0,83
BRDA:189,2,1,45
BRDA:190,3,0,83
BRDA:190,3,1,45
BRDA:192,4,0,83
BRDA:192,4,1,45
BRDA:198,5,0,60
BRDA:198,5,1,0
BRDA:198,5,2,4
BRDA:198,5,3,0
BRDA:207,6,0,4
BRDA:207,6,1,4
BRDA:207,6,2,0
BRDA:207,6,3,0
BRDA:207,6,4,0
BRDA:217,7,0,0
BRDA:217,7,1,3
BRDA:217,7,2,3
BRDA:217,7,3,0
BRDA:217,7,4,0
BRDA:217,7,5,0
BRDA:228,8,0,43
BRDA:228,8,1,40
BRDA:237,9,0,0
BRDA:237,9,1,40
BRDA:237,10,0,40
BRDA:237,10,1,4
BRDA:254,11,0,32
BRDA:254,11,1,4
BRDA:254,11,2,3
BRDA:254,11,3,1
BRDA:492,12,0,83
BRDA:492,12,1,415
BRDA:497,13,0,83
BRDA:497,13,1,415
BRDA:499,14,0,498
BRDA:499,14,1,114
BRF:41
BRH:29
end_of_record
TN:
SF:src\components\modules\crm\SchoolAnalytics.tsx
FN:5,(anonymous_0)
FN:18,(anonymous_1)
FN:19,(anonymous_2)
FN:47,(anonymous_3)
FN:70,(anonymous_4)
FN:137,(anonymous_5)
FN:182,(anonymous_6)
FN:218,(anonymous_7)
FN:241,(anonymous_8)
FN:277,(anonymous_9)
FN:302,(anonymous_10)
FN:331,(anonymous_11)
FN:393,(anonymous_12)
FN:471,(anonymous_13)
FN:510,(anonymous_14)
FN:517,(anonymous_15)
FNF:16
FNH:0
FNDA:0,(anonymous_0)
FNDA:0,(anonymous_1)
FNDA:0,(anonymous_2)
FNDA:0,(anonymous_3)
FNDA:0,(anonymous_4)
FNDA:0,(anonymous_5)
FNDA:0,(anonymous_6)
FNDA:0,(anonymous_7)
FNDA:0,(anonymous_8)
FNDA:0,(anonymous_9)
FNDA:0,(anonymous_10)
FNDA:0,(anonymous_11)
FNDA:0,(anonymous_12)
FNDA:0,(anonymous_13)
FNDA:0,(anonymous_14)
FNDA:0,(anonymous_15)
DA:1,0
DA:2,0
DA:3,0
DA:5,0
DA:6,0
DA:9,0
DA:18,0
DA:19,0
DA:20,0
DA:22,0
DA:48,0
DA:71,0
DA:138,0
DA:183,0
DA:219,0
DA:242,0
DA:278,0
DA:279,0
DA:303,0
DA:332,0
DA:394,0
DA:472,0
DA:504,0
DA:511,0
DA:512,0
DA:514,0
DA:517,0
DA:551,0
LF:28
LH:0
BRDA:20,0,0,0
BRDA:20,0,1,0
BRDA:29,1,0,0
BRDA:29,1,1,0
BRDA:35,2,0,0
BRDA:35,2,1,0
BRDA:93,3,0,0
BRDA:93,3,1,0
BRDA:151,4,0,0
BRDA:151,4,1,0
BRDA:207,5,0,0
BRDA:207,5,1,0
BRDA:268,6,0,0
BRDA:268,6,1,0
BRDA:352,7,0,0
BRDA:352,7,1,0
BRDA:403,8,0,0
BRDA:403,8,1,0
BRDA:409,9,0,0
BRDA:409,9,1,0
BRDA:423,10,0,0
BRDA:423,10,1,0
BRDA:475,11,0,0
BRDA:475,11,1,0
BRDA:519,12,0,0
BRDA:519,12,1,0
BRDA:526,13,0,0
BRDA:526,13,1,0
BRDA:527,14,0,0
BRDA:527,14,1,0
BRDA:531,15,0,0
BRDA:531,15,1,0
BRF:32
BRH:0
end_of_record
TN:
SF:src\components\modules\crm\StudentEnrollment.tsx
FN:33,(anonymous_0)
FN:40,(anonymous_1)
FN:41,(anonymous_2)
FN:135,(anonymous_3)
FN:145,(anonymous_4)
FN:154,(anonymous_5)
FN:171,(anonymous_6)
FN:233,(anonymous_7)
FN:294,(anonymous_8)
FN:323,(anonymous_9)
FN:370,(anonymous_10)
FN:377,(anonymous_11)
FNF:12
FNH:11
FNDA:84,(anonymous_0)
FNDA:35,(anonymous_1)
FNDA:35,(anonymous_2)
FNDA:46,(anonymous_3)
FNDA:6,(anonymous_4)
FNDA:81,(anonymous_5)
FNDA:0,(anonymous_6)
FNDA:46,(anonymous_7)
FNDA:12,(anonymous_8)
FNDA:6,(anonymous_9)
FNDA:486,(anonymous_10)
FNDA:9,(anonymous_11)
DA:1,2
DA:2,2
DA:3,2
DA:33,2
DA:34,84
DA:35,83
DA:36,83
DA:37,83
DA:40,83
DA:41,35
DA:42,35
DA:43,35
DA:44,35
DA:45,30
DA:46,30
DA:47,30
DA:48,30
DA:50,4
DA:51,4
DA:53,4
DA:118,34
DA:122,35
DA:126,83
DA:135,81
DA:136,46
DA:137,21
DA:138,21
DA:139,0
DA:140,4
DA:141,0
DA:145,81
DA:146,6
DA:147,6
DA:148,0
DA:149,0
DA:150,0
DA:154,81
DA:155,81
DA:156,49
DA:164,32
DA:165,0
DA:171,0
DA:181,32
DA:183,23
DA:234,46
DA:289,6
DA:295,12
DA:324,6
DA:346,3
DA:356,81
DA:371,486
DA:372,486
DA:374,486
DA:377,9
DA:405,2
LF:55
LH:48
BRDA:45,0,0,0
BRDA:45,0,1,30
BRDA:50,1,0,4
BRDA:50,1,1,0
BRDA:127,2,0,83
BRDA:127,2,1,51
BRDA:136,3,0,21
BRDA:136,3,1,21
BRDA:136,3,2,0
BRDA:136,3,3,4
BRDA:136,3,4,0
BRDA:146,4,0,6
BRDA:146,4,1,0
BRDA:146,4,2,0
BRDA:146,4,3,0
BRDA:155,5,0,49
BRDA:155,5,1,32
BRDA:164,6,0,0
BRDA:164,6,1,32
BRDA:164,7,0,32
BRDA:164,7,1,4
BRDA:181,8,0,23
BRDA:181,8,1,6
BRDA:181,8,2,3
BRDA:249,9,0,42
BRDA:249,9,1,4
BRDA:379,10,0,81
BRDA:379,10,1,405
BRDA:384,11,0,81
BRDA:384,11,1,405
BRDA:386,12,0,486
BRDA:386,12,1,30
BRF:32
BRH:24
end_of_record
TN:
SF:src\components\modules\crm\SystemAdministration.tsx
FN:5,(anonymous_0)
FN:18,(anonymous_1)
FN:19,(anonymous_2)
FN:46,(anonymous_3)
FN:70,(anonymous_4)
FN:159,(anonymous_5)
FN:293,(anonymous_6)
FN:335,(anonymous_7)
FN:358,(anonymous_8)
FN:434,(anonymous_9)
FN:488,(anonymous_10)
FN:495,(anonymous_11)
FNF:12
[...]
DA:441,0
DA:442,0
DA:443,0
DA:444,0
DA:447,0
DA:456,0
DA:465,0
DA:466,0
DA:473,0
DA:474,0
DA:481,5
DA:482,5
DA:489,10
DA:490,10
DA:491,10
DA:492,10
DA:493,10
DA:494,10
DA:495,10
DA:496,10
DA:500,2
LF:156
LH:91
BRDA:58,0,0,2
BRDA:58,0,1,2
BRDA:78,1,0,1
BRDA:78,1,1,9
BRDA:84,2,0,4
BRDA:84,2,1,3
BRDA:84,2,2,1
BRDA:84,2,3,0
BRDA:84,2,4,1
BRDA:86,3,0,4
BRDA:86,3,1,0
BRDA:89,4,0,3
BRDA:89,4,1,0
BRDA:96,5,0,0
BRDA:96,5,1,0
BRDA:123,6,0,0
BRDA:123,6,1,4
BRDA:129,7,0,2
BRDA:129,7,1,1
BRDA:129,7,2,1
BRDA:129,7,3,0
BRDA:131,8,0,2
BRDA:131,8,1,0
BRDA:134,9,0,1
BRDA:134,9,1,0
BRDA:141,10,0,0
BRDA:141,10,1,0
BRDA:166,11,0,0
BRDA:166,11,1,2
BRDA:172,12,0,0
BRDA:172,12,1,1
BRDA:172,12,2,1
BRDA:172,12,3,0
BRDA:174,13,0,0
BRDA:174,13,1,0
BRDA:177,14,0,1
BRDA:177,14,1,0
BRDA:184,15,0,0
BRDA:184,15,1,0
BRDA:197,16,0,1
BRDA:197,16,1,5
BRDA:208,17,0,2
BRDA:208,17,1,103
BRDA:208,18,0,105
BRDA:208,18,1,71
BRDA:208,18,2,70
BRDA:228,19,0,3
BRDA:228,19,1,0
BRDA:229,20,0,11066
BRDA:229,20,1,2
BRDA:291,21,0,4
BRDA:291,21,1,0
BRDA:292,22,0,4
BRDA:292,22,1,0
BRDA:293,23,0,4
BRDA:293,23,1,0
BRDA:321,24,0,2
BRDA:321,24,1,0
BRDA:322,25,0,2
BRDA:322,25,1,0
BRDA:323,26,0,2
BRDA:323,26,1,0
BRDA:401,27,0,2
BRDA:401,27,1,2
BRF:64
BRH:38
end_of_record
TN:
SF:src\services\enhancedAIProvider.ts
FN:50,(anonymous_0)
FN:59,(anonymous_1)
FN:89,(anonymous_2)
FN:153,(anonymous_3)
FN:197,(anonymous_4)
FN:234,(anonymous_5)
FN:257,(anonymous_6)
FN:280,(anonymous_7)
FN:303,(anonymous_8)
FN:326,(anonymous_9)
FN:340,(anonymous_10)
FN:354,(anonymous_11)
FN:385,(anonymous_12)
FN:420,(anonymous_13)
FNF:14
FNH:0
FNDA:0,(anonymous_0)
FNDA:0,(anonymous_1)
FNDA:0,(anonymous_2)
FNDA:0,(anonymous_3)
FNDA:0,(anonymous_4)
FNDA:0,(anonymous_5)
FNDA:0,(anonymous_6)
FNDA:0,(anonymous_7)
FNDA:0,(anonymous_8)
FNDA:0,(anonymous_9)
FNDA:0,(anonymous_10)
FNDA:0,(anonymous_11)
FNDA:0,(anonymous_12)
FNDA:0,(anonymous_13)
DA:6,0
DA:7,0
DA:43,0
DA:46,0
DA:47,0
DA:48,0
DA:51,0
DA:52,0
DA:53,0
DA:60,0
DA:63,0
DA:64,0
DA:67,0
DA:69,0
DA:70,0
DA:71,0
DA:73,0
DA:77,0
DA:78,0
DA:80,0
DA:82,0
DA:93,0
DA:100,0
DA:102,0
DA:103,0
DA:104,0
DA:107,0
DA:108,0
DA:109,0
DA:115,0
DA:116,0
DA:117,0
DA:118,0
DA:121,0
DA:127,0
DA:128,0
DA:133,0
DA:135,0
DA:145,0
DA:146,0
DA:165,0
DA:167,0
DA:170,0
DA:171,0
DA:172,0
DA:177,0
DA:178,0
DA:181,0
DA:186,0
DA:202,0
DA:207,0
DA:211,0
DA:213,0
DA:214,0
DA:216,0
DA:217,0
DA:219,0
DA:220,0
DA:222,0
DA:223,0
DA:225,0
DA:228,0
DA:243,0
DA:245,0
DA:247,0
DA:266,0
DA:268,0
DA:270,0
DA:289,0
DA:291,0
DA:293,0
DA:312,0
DA:314,0
DA:316,0
DA:327,0
DA:341,0
DA:348,0
DA:364,0
DA:365,0
DA:371,0
DA:372,0
DA:373,0
DA:375,0
DA:397,0
DA:398,0
DA:401,0
DA:402,0
DA:407,0
DA:412,0
DA:413,0
DA:425,0
DA:426,0
DA:429,0
DA:430,0
DA:431,0
DA:432,0
DA:434,0
DA:437,0
DA:446,0
DA:448,0
LF:100
LH:0
BRDA:51,0,0,0
BRDA:51,0,1,0
BRDA:63,1,0,0
BRDA:63,1,1,0
BRDA:71,2,0,0
BRDA:71,2,1,0
BRDA:77,3,0,0
BRDA:77,3,1,0
BRDA:91,4,0,0
BRDA:95,5,0,0
BRDA:96,6,0,0
BRDA:97,7,0,0
BRDA:98,8,0,0
BRDA:107,9,0,0
BRDA:107,9,1,0
BRDA:107,10,0,0
BRDA:107,10,1,0
BRDA:115,11,0,0
BRDA:115,11,1,0
BRDA:137,12,0,0
BRDA:137,12,1,0
BRDA:146,13,0,0
BRDA:146,13,1,0
BRDA:155,14,0,0
BRDA:158,15,0,0
BRDA:159,16,0,0
BRDA:160,17,0,0
BRDA:170,18,0,0
BRDA:170,18,1,0
BRDA:170,19,0,0
BRDA:170,19,1,0
BRDA:177,20,0,0
BRDA:177,20,1,0
BRDA:200,21,0,0
BRDA:202,22,0,0
BRDA:207,23,0,0
BRDA:207,23,1,0
BRDA:211,24,0,0
BRDA:211,24,1,0
BRDA:211,24,2,0
BRDA:211,24,3,0
BRDA:211,24,4,0
BRDA:241,25,0,0
BRDA:264,26,0,0
BRDA:266,27,0,0
BRDA:268,28,0,0
BRDA:268,28,1,0
BRDA:287,29,0,0
BRDA:310,30,0,0
BRDA:312,31,0,0
BRDA:348,32,0,0
BRDA:348,32,1,0
BRDA:356,33,0,0
BRDA:364,34,0,0
BRDA:364,34,1,0
BRDA:377,35,0,0
BRDA:377,35,1,0
BRDA:387,36,0,0
BRDA:388,37,0,0
BRDA:397,38,0,0
BRDA:397,38,1,0
BRDA:429,39,0,0
BRDA:429,39,1,0
BRDA:429,40,0,0
BRDA:429,40,1,0
BRDA:431,41,0,0
BRDA:431,41,1,0
BRDA:431,42,0,0
BRDA:431,42,1,0
BRF:69
BRH:0
end_of_record
TN:
SF:src\services\enhancedAIService.ts
FN:22,(anonymous_0)
FN:27,(anonymous_1)
FN:65,(anonymous_2)
FN:89,(anonymous_3)
FN:122,(anonymous_4)
FN:154,(anonymous_5)
FN:174,(anonymous_6)
FN:211,(anonymous_7)
FN:229,(anonymous_8)
FN:267,(anonymous_9)
FN:277,(anonymous_10)
FN:281,(anonymous_11)
FNF:12
FNH:0
FNDA:0,(anonymous_0)
FNDA:0,(anonymous_1)
FNDA:0,(anonymous_2)
FNDA:0,(anonymous_3)
FNDA:0,(anonymous_4)
FNDA:0,(anonymous_5)
FNDA:0,(anonymous_6)
FNDA:0,(anonymous_7)
FNDA:0,(anonymous_8)
FNDA:0,(anonymous_9)
FNDA:0,(anonymous_10)
FNDA:0,(anonymous_11)
DA:1,0
DA:2,0
DA:3,0
DA:19,0
DA:23,0
DA:35,0
DA:36,0
DA:38,0
DA:39,0
DA:47,0
DA:49,0
DA:50,0
DA:51,0
DA:54,0
DA:55,0
DA:58,0
DA:59,0
DA:60,0
DA:74,0
DA:75,0
DA:77,0
DA:85,0
DA:96,0
DA:114,0
DA:116,0
DA:129,0
DA:146,0
DA:148,0
DA:161,0
DA:163,0
DA:181,0
DA:203,0
DA:205,0
DA:219,0
DA:221,0
DA:230,0
DA:232,0
DA:243,0
DA:245,0
DA:246,0
DA:247,0
DA:249,0
DA:250,0
DA:252,0
DA:253,0
DA:255,0
DA:256,0
DA:258,0
DA:259,0
DA:263,0
DA:268,0
DA:269,0
DA:270,0
DA:272,0
DA:278,0
DA:279,0
DA:280,0
DA:281,0
DA:283,0
DA:289,0
LF:60
LH:0
BRDA:22,0,0,0
BRDA:29,1,0,0
BRDA:35,2,0,0
BRDA:35,2,1,0
BRDA:36,3,0,0
BRDA:36,3,1,0
BRDA:68,4,0,0
BRDA:74,5,0,0
BRDA:74,5,1,0
BRDA:75,6,0,0
BRDA:75,6,1,0
BRDA:94,7,0,0
BRDA:126,8,0,0
BRDA:127,9,0,0
BRDA:159,10,0,0
BRDA:179,11,0,0
BRDA:217,12,0,0
BRDA:243,13,0,0
BRDA:243,13,1,0
BRDA:243,14,0,0
BRDA:243,14,1,0
BRDA:245,15,0,0
BRDA:245,15,1,0
BRDA:246,16,0,0
BRDA:246,16,1,0
BRDA:249,17,0,0
BRDA:249,17,1,0
BRDA:252,18,0,0
BRDA:252,18,1,0
BRDA:255,19,0,0
BRDA:255,19,1,0
BRDA:258,20,0,0
BRDA:258,20,1,0
BRDA:258,21,0,0
BRDA:258,21,1,0
BRDA:281,22,0,0
BRDA:281,22,1,0
BRF:37
BRH:0
end_of_record
TN:
SF:src\services\ollamaService.ts
FN:28,(anonymous_0)
FN:36,(anonymous_1)
FN:49,(anonymous_2)
FN:56,(anonymous_3)
FN:66,(anonymous_4)
FN:120,(anonymous_5)
FN:153,(anonymous_6)
FN:184,(anonymous_7)
FN:206,(anonymous_8)
FN:240,(anonymous_9)
FN:267,(anonymous_10)
FN:295,(anonymous_11)
FNF:12
FNH:1
FNDA:1,(anonymous_0)
FNDA:0,(anonymous_1)
FNDA:0,(anonymous_2)
FNDA:0,(anonymous_3)
FNDA:0,(anonymous_4)
FNDA:0,(anonymous_5)
FNDA:0,(anonymous_6)
FNDA:0,(anonymous_7)
FNDA:0,(anonymous_8)
FNDA:0,(anonymous_9)
FNDA:0,(anonymous_10)
FNDA:0,(anonymous_11)
DA:29,1
DA:30,1
DA:37,0
DA:38,0
DA:39,0
DA:41,0
DA:42,0
DA:50,0
DA:51,0
DA:52,0
DA:53,0
DA:55,0
DA:56,0
DA:58,0
DA:59,0
DA:70,0
DA:72,0
DA:73,0
DA:76,0
DA:77,0
DA:81,0
DA:83,0
DA:99,0
DA:100,0
DA:103,0
DA:105,0
DA:112,0
DA:113,0
DA:125,0
DA:127,0
DA:128,0
DA:134,0
DA:135,0
DA:138,0
DA:139,0
DA:140,0
DA:142,0
DA:145,0
DA:146,0
DA:159,0
DA:169,0
DA:176,0
DA:190,0
DA:196,0
DA:200,0
DA:211,0
DA:230,0
DA:234,0
DA:244,0
DA:257,0
DA:261,0
DA:272,0
DA:285,0
DA:289,0
DA:300,0
DA:306,0
DA:310,0
DA:315,1
DA:318,1
LF:59
LH:4
BRDA:28,0,0,1
BRDA:28,1,0,1
BRDA:52,2,0,0
BRDA:52,2,1,0
BRDA:56,3,0,0
BRDA:56,3,1,0
BRDA:68,4,0,0
BRDA:70,5,0,0
BRDA:70,5,1,0
BRDA:76,6,0,0
BRDA:76,6,1,0
BRDA:93,7,0,0
BRDA:93,7,1,0
BRDA:94,8,0,0
BRDA:94,8,1,0
BRDA:99,9,0,0
BRDA:99,9,1,0
BRDA:123,10,0,0
BRDA:125,11,0,0
BRDA:125,11,1,0
BRDA:139,12,0,0
BRDA:139,12,1,0
BRDA:192,13,0,0
BRDA:192,13,1,0
BRDA:219,14,0,0
BRDA:219,14,1,0
BRDA:274,15,0,0
BRDA:274,15,1,0
BRDA:298,16,0,0
BRDA:300,17,0,0
BRDA:300,17,1,0
BRF:31
BRH:2
end_of_record
TN:
SF:src\services\vectorDBBridge.ts
FN:42,(anonymous_0)
FN:50,(anonymous_1)
FN:53,(anonymous_2)
FN:76,(anonymous_3)
FN:83,(anonymous_4)
FN:115,(anonymous_5)
FN:126,(anonymous_6)
FN:133,(anonymous_7)
FN:162,(anonymous_8)
FN:165,(anonymous_9)
FN:187,(anonymous_10)
FN:200,(anonymous_11)
FN:224,(anonymous_12)
FN:234,(anonymous_13)
FN:247,(anonymous_14)
FN:279,(anonymous_15)
FNF:16
FNH:1
FNDA:1,(anonymous_0)
FNDA:0,(anonymous_1)
FNDA:0,(anonymous_2)
FNDA:0,(anonymous_3)
FNDA:0,(anonymous_4)
FNDA:0,(anonymous_5)
FNDA:0,(anonymous_6)
FNDA:0,(anonymous_7)
FNDA:0,(anonymous_8)
FNDA:0,(anonymous_9)
FNDA:0,(anonymous_10)
FNDA:0,(anonymous_11)
FNDA:0,(anonymous_12)
FNDA:0,(anonymous_13)
FNDA:0,(anonymous_14)
FNDA:0,(anonymous_15)
DA:38,1
DA:43,1
DA:44,1
DA:51,0
DA:52,0
DA:53,0
DA:55,0
DA:62,0
DA:63,0
DA:66,0
DA:67,0
DA:69,0
DA:81,0
DA:82,0
DA:83,0
DA:85,0
DA:98,0
DA:100,0
DA:101,0
DA:104,0
DA:105,0
DA:107,0
DA:108,0
DA:120,0
DA:121,0
DA:122,0
DA:123,0
DA:126,0
DA:127,0
DA:128,0
DA:132,0
DA:133,0
DA:135,0
DA:141,0
DA:143,0
DA:145,0
DA:146,0
DA:149,0
DA:151,0
DA:152,0
DA:163,0
DA:164,0
DA:165,0
DA:167,0
DA:171,0
DA:173,0
DA:174,0
DA:177,0
DA:179,0
DA:180,0
DA:188,0
DA:189,0
DA:190,0
DA:192,0
DA:193,0
DA:215,0
DA:217,0
DA:218,0
DA:220,0
DA:221,0
DA:224,0
DA:233,0
DA:234,0
DA:237,0
DA:239,0
DA:240,0
DA:253,0
DA:255,0
DA:256,0
DA:258,0
DA:259,0
DA:260,0
DA:262,0
DA:263,0
DA:266,0
DA:273,0
DA:288,0
DA:289,0
DA:291,0
DA:292,0
DA:303,0
DA:305,0
DA:315,0
DA:329,1
DA:333,1
LF:85
LH:5
BRDA:42,0,0,0
BRDA:42,1,0,1
BRDA:66,2,0,0
BRDA:66,2,1,0
BRDA:78,3,0,0
BRDA:79,4,0,0
BRDA:100,5,0,0
BRDA:100,5,1,0
BRDA:108,6,0,0
BRDA:108,6,1,0
BRDA:117,7,0,0
BRDA:118,8,0,0
BRDA:127,9,0,0
BRDA:127,9,1,0
BRDA:127,10,0,0
BRDA:127,10,1,0
BRDA:145,11,0,0
BRDA:145,11,1,0
BRDA:146,12,0,0
BRDA:146,12,1,0
BRDA:154,13,0,0
BRDA:154,13,1,0
BRDA:173,14,0,0
BRDA:173,14,1,0
BRDA:190,15,0,0
BRDA:190,15,1,0
BRDA:202,16,0,0
BRDA:212,17,0,0
BRDA:213,18,0,0
BRDA:214,19,0,0
BRDA:220,20,0,0
BRDA:220,20,1,0
BRDA:220,21,0,0
BRDA:220,21,1,0
BRDA:226,22,0,0
BRDA:226,22,1,0
BRDA:226,22,2,0
BRDA:227,23,0,0
BRDA:227,23,1,0
BRDA:249,24,0,0
BRDA:250,25,0,0
BRDA:262,26,0,0
BRDA:262,26,1,0
BRDA:268,27,0,0
BRDA:268,27,1,0
BRDA:291,28,0,0
BRDA:291,28,1,0
BRDA:310,29,0,0
BRDA:310,29,1,0
BRDA:311,30,0,0
BRDA:311,30,1,0
BRDA:330,31,0,1
BRDA:330,31,1,1
BRF:53
BRH:3
end_of_record
TN:
SF:src\services\vercelAIOllamaProvider.ts
FN:17,(anonymous_0)
FN:25,(anonymous_1)
FN:60,(anonymous_2)
FN:84,(anonymous_3)
FN:138,(anonymous_4)
FN:139,(anonymous_5)
FN:147,createOllama
FN:148,(anonymous_7)
FN:167,getOptimalModel
FNF:9
FNH:0
FNDA:0,(anonymous_0)
FNDA:0,(anonymous_1)
FNDA:0,(anonymous_2)
FNDA:0,(anonymous_3)
FNDA:0,(anonymous_4)
FNDA:0,(anonymous_5)
FNDA:0,createOllama
FNDA:0,(anonymous_7)
FNDA:0,getOptimalModel
DA:10,0
DA:11,0
DA:12,0
DA:15,0
DA:21,0
DA:22,0
DA:26,0
DA:28,0
DA:38,0
DA:44,0
DA:45,0
DA:48,0
DA:50,0
DA:61,0
DA:63,0
DA:73,0
DA:79,0
DA:80,0
DA:83,0
DA:85,0
DA:86,0
DA:87,0
DA:88,0
DA:91,0
DA:92,0
DA:94,0
DA:95,0
DA:96,0
DA:97,0
DA:99,0
DA:100,0
DA:101,0
DA:103,0
DA:104,0
DA:105,0
DA:106,0
DA:107,0
DA:108,0
DA:113,0
DA:114,0
DA:130,0
DA:132,0
DA:139,0
DA:147,0
DA:148,0
DA:152,0
DA:157,0
DA:167,0
DA:168,0
DA:179,0
LF:50
LH:0
BRDA:19,0,0,0
BRDA:22,1,0,0
BRDA:22,1,1,0
BRDA:30,2,0,0
BRDA:30,2,1,0
BRDA:33,3,0,0
BRDA:33,3,1,0
BRDA:34,4,0,0
BRDA:34,4,1,0
BRDA:44,5,0,0
BRDA:44,5,1,0
BRDA:51,6,0,0
BRDA:51,6,1,0
BRDA:54,7,0,0
BRDA:54,7,1,0
BRDA:55,8,0,0
BRDA:55,8,1,0
BRDA:65,9,0,0
BRDA:65,9,1,0
BRDA:68,10,0,0
BRDA:68,10,1,0
BRDA:69,11,0,0
BRDA:69,11,1,0
BRDA:79,12,0,0
BRDA:79,12,1,0
BRDA:86,13,0,0
BRDA:86,13,1,0
BRDA:97,14,0,0
BRDA:97,14,1,0
BRDA:101,15,0,0
BRDA:101,15,1,0
BRDA:104,16,0,0
BRDA:104,16,1,0
BRDA:107,17,0,0
BRDA:107,17,1,0
BRDA:113,18,0,0
BRDA:113,18,1,0
BRDA:118,19,0,0
BRDA:118,19,1,0
BRDA:119,20,0,0
BRDA:119,20,1,0
BRDA:140,21,0,0
BRDA:140,21,1,0
BRDA:141,22,0,0
BRDA:141,22,1,0
BRDA:147,23,0,0
BRDA:153,24,0,0
BRDA:153,24,1,0
BRDA:179,25,0,0
BRDA:179,25,1,0
BRF:50
BRH:0
end_of_record
TN:
SF:src\utils\apiInterceptor.ts
FN:36,(anonymous_0)
FN:38,(anonymous_1)
FN:48,(anonymous_2)
FN:55,(anonymous_3)
FN:62,(anonymous_4)
FN:75,(anonymous_5)
FN:185,(anonymous_6)
FN:189,(anonymous_7)
FN:193,(anonymous_8)
FN:197,(anonymous_9)
FN:201,(anonymous_10)
FN:208,(anonymous_11)
FN:209,(anonymous_12)
FN:220,(anonymous_13)
FN:229,(anonymous_14)
FN:236,(anonymous_15)
FN:240,(anonymous_16)
FN:242,(anonymous_17)
FN:248,(anonymous_18)
FN:260,(anonymous_19)
FN:292,(anonymous_20)
FN:315,(anonymous_21)
FN:338,(anonymous_22)
FN:366,(anonymous_23)
FN:370,(anonymous_24)
FN:374,(anonymous_25)
FN:378,(anonymous_26)
FN:382,(anonymous_27)
FNF:28
FNH:0
FNDA:0,(anonymous_0)
FNDA:0,(anonymous_1)
FNDA:0,(anonymous_2)
FNDA:0,(anonymous_3)
FNDA:0,(anonymous_4)
FNDA:0,(anonymous_5)
FNDA:0,(anonymous_6)
FNDA:0,(anonymous_7)
FNDA:0,(anonymous_8)
FNDA:0,(anonymous_9)
FNDA:0,(anonymous_10)
FNDA:0,(anonymous_11)
FNDA:0,(anonymous_12)
FNDA:0,(anonymous_13)
FNDA:0,(anonymous_14)
FNDA:0,(anonymous_15)
FNDA:0,(anonymous_16)
FNDA:0,(anonymous_17)
FNDA:0,(anonymous_18)
FNDA:0,(anonymous_19)
FNDA:0,(anonymous_20)
FNDA:0,(anonymous_21)
FNDA:0,(anonymous_22)
FNDA:0,(anonymous_23)
FNDA:0,(anonymous_24)
FNDA:0,(anonymous_25)
FNDA:0,(anonymous_26)
FNDA:0,(anonymous_27)
DA:6,0
DA:7,0
DA:27,0
DA:29,0
DA:30,0
DA:33,0
DA:34,0
DA:39,0
DA:40,0
DA:42,0
DA:49,0
DA:56,0
DA:63,0
DA:64,0
DA:65,0
DA:68,0
DA:71,0
DA:72,0
DA:75,0
DA:76,0
DA:79,0
DA:81,0
DA:89,0
DA:99,0
DA:100,0
DA:106,0
DA:107,0
DA:108,0
DA:109,0
DA:112,0
DA:116,0
DA:118,0
DA:119,0
DA:120,0
DA:121,0
DA:125,0
DA:129,0
DA:136,0
DA:137,0
DA:141,0
DA:148,0
DA:149,0
DA:153,0
DA:155,0
DA:159,0
DA:162,0
DA:165,0
DA:166,0
DA:167,0
DA:170,0
DA:174,0
DA:178,0
DA:186,0
DA:190,0
DA:194,0
DA:198,0
DA:202,0
DA:209,0
DA:210,0
DA:212,0
DA:214,0
DA:221,0
DA:222,0
DA:223,0
DA:224,0
DA:225,0
DA:230,0
DA:231,0
DA:233,0
DA:237,0
DA:241,0
DA:242,0
DA:243,0
DA:245,0
DA:249,0
DA:250,0
DA:253,0
DA:254,0
DA:257,0
DA:261,0
DA:262,0
DA:265,0
DA:266,0
DA:267,0
DA:268,0
DA:269,0
DA:270,0
DA:271,0
DA:272,0
DA:275,0
DA:293,0
DA:308,0
DA:316,0
DA:331,0
DA:339,0
DA:354,0
DA:363,0
DA:366,0
DA:367,0
DA:370,0
DA:371,0
DA:374,0
DA:375,0
DA:378,0
DA:379,0
DA:382,0
DA:383,0
LF:107
LH:0
BRDA:39,0,0,0
BRDA:39,0,1,0
BRDA:65,1,0,0
BRDA:65,1,1,0
BRDA:77,2,0,0
BRDA:77,2,1,0
BRDA:99,3,0,0
BRDA:99,3,1,0
BRDA:99,4,0,0
BRDA:99,4,1,0
BRDA:100,5,0,0
BRDA:100,5,1,0
BRDA:120,6,0,0
BRDA:120,6,1,0
BRDA:136,7,0,0
BRDA:136,7,1,0
BRDA:148,8,0,0
BRDA:148,8,1,0
BRDA:165,9,0,0
BRDA:165,9,1,0
BRDA:166,10,0,0
BRDA:166,10,1,0
BRDA:222,11,0,0
BRDA:222,11,1,0
BRDA:230,12,0,0
BRDA:230,12,1,0
BRDA:230,13,0,0
BRDA:230,13,1,0
BRDA:233,14,0,0
BRDA:233,14,1,0
BRDA:249,15,0,0
BRDA:249,15,1,0
BRDA:253,16,0,0
BRDA:253,16,1,0
BRDA:253,17,0,0
BRDA:253,17,1,0
BRDA:254,18,0,0
BRDA:254,18,1,0
BRDA:254,18,2,0
BRDA:254,18,3,0
BRDA:265,19,0,0
BRDA:265,19,1,0
BRDA:267,20,0,0
BRDA:267,20,1,0
BRDA:267,21,0,0
BRDA:267,21,1,0
BRDA:270,22,0,0
BRDA:270,22,1,0
BRF:48
BRH:0
end_of_record
TN:
SF:src\utils\errorHandler.ts
FN:6,(anonymous_0)
FN:13,(anonymous_1)
FN:52,(anonymous_2)
FN:54,(anonymous_3)
FN:64,(anonymous_4)
FN:105,(anonymous_5)
FN:136,(anonymous_6)
FN:146,(anonymous_7)
FN:147,(anonymous_8)
FN:150,(anonymous_9)
FN:169,(anonymous_10)
FN:177,(anonymous_11)
FN:181,(anonymous_12)
FN:185,(anonymous_13)
FN:234,(anonymous_14)
FN:252,(anonymous_15)
FN:266,(anonymous_16)
FN:275,(anonymous_17)
FN:286,(anonymous_18)
FN:287,(anonymous_19)
FN:295,(anonymous_20)
FN:305,(anonymous_21)
FNF:22
FNH:0
FNDA:0,(anonymous_0)
FNDA:0,(anonymous_1)
FNDA:0,(anonymous_2)
FNDA:0,(anonymous_3)
FNDA:0,(anonymous_4)
FNDA:0,(anonymous_5)
FNDA:0,(anonymous_6)
FNDA:0,(anonymous_7)
FNDA:0,(anonymous_8)
FNDA:0,(anonymous_9)
FNDA:0,(anonymous_10)
FNDA:0,(anonymous_11)
FNDA:0,(anonymous_12)
FNDA:0,(anonymous_13)
FNDA:0,(anonymous_14)
FNDA:0,(anonymous_15)
FNDA:0,(anonymous_16)
FNDA:0,(anonymous_17)
FNDA:0,(anonymous_18)
FNDA:0,(anonymous_19)
FNDA:0,(anonymous_20)
FNDA:0,(anonymous_21)
DA:6,0
DA:7,0
DA:8,0
DA:9,0
DA:10,0
DA:13,0
DA:14,0
DA:15,0
DA:16,0
DA:17,0
DA:18,0
DA:19,0
DA:20,0
DA:46,0
DA:48,0
DA:49,0
DA:50,0
DA:55,0
DA:56,0
DA:58,0
DA:71,0
DA:89,0
DA:92,0
DA:95,0
DA:96,0
DA:99,0
DA:111,0
DA:113,0
DA:114,0
DA:117,0
DA:118,0
DA:119,0
DA:120,0
DA:122,0
DA:124,0
DA:125,0
DA:126,0
DA:128,0
DA:142,0
DA:143,0
DA:146,0
DA:147,0
DA:150,0
DA:151,0
DA:152,0
DA:156,0
DA:158,0
DA:170,0
DA:171,0
DA:178,0
DA:182,0
DA:186,0
DA:231,0
DA:236,0
DA:239,0
DA:240,0
DA:244,0
DA:245,0
DA:253,0
DA:255,0
DA:257,0
DA:260,0
DA:262,0
DA:269,0
DA:277,0
DA:287,0
DA:292,0
DA:295,0
DA:302,0
DA:305,0
DA:311,0
LF:71
LH:0
BRDA:6,0,0,0
BRDA:6,0,1,0
BRDA:13,1,0,0
BRDA:13,1,1,0
BRDA:55,2,0,0
BRDA:55,2,1,0
BRDA:67,3,0,0
BRDA:68,4,0,0
BRDA:69,5,0,0
BRDA:73,6,0,0
BRDA:73,6,1,0
BRDA:82,7,0,0
BRDA:82,7,1,0
BRDA:83,8,0,0
BRDA:83,8,1,0
BRDA:95,9,0,0
BRDA:95,9,1,0
BRDA:108,10,0,0
BRDA:109,11,0,0
BRDA:111,12,0,0
BRDA:111,12,1,0
BRDA:113,13,0,0
BRDA:113,13,1,0
BRDA:124,14,0,0
BRDA:124,14,1,0
BRDA:231,15,0,0
BRDA:231,15,1,0
BRDA:239,16,0,0
BRDA:239,16,1,0
BRDA:253,17,0,0
BRDA:253,17,1,0
BRDA:253,17,2,0
BRDA:253,17,3,0
BRDA:253,17,4,0
BRDA:269,18,0,0
BRDA:269,18,1,0
BRDA:298,19,0,0
BRDA:299,20,0,0
BRDA:300,21,0,0
BRDA:308,22,0,0
BRDA:309,23,0,0
BRF:41
BRH:0
end_of_record
TN:
SF:src\utils\logger.ts
FN:6,(anonymous_0)
FN:14,(anonymous_1)
FN:57,(anonymous_2)
FN:62,(anonymous_3)
FN:72,(anonymous_4)
FN:79,(anonymous_5)
FN:86,(anonymous_6)
FN:93,(anonymous_7)
FN:100,(anonymous_8)
FN:107,(anonymous_9)
FN:114,(anonymous_10)
FN:125,(anonymous_11)
FN:145,(anonymous_12)
FN:165,(anonymous_13)
FN:193,(anonymous_14)
FN:204,(anonymous_15)
FN:216,(anonymous_16)
FN:219,(anonymous_17)
FN:228,(anonymous_18)
FN:243,(anonymous_19)
FN:246,(anonymous_20)
FN:249,(anonymous_21)
FN:256,(anonymous_22)
FN:260,(anonymous_23)
FN:262,(anonymous_24)
FN:266,(anonymous_25)
FN:285,(anonymous_26)
FN:289,(anonymous_27)
FN:303,(anonymous_28)
FN:308,(anonymous_29)
FN:352,(anonymous_30)
FN:374,(anonymous_31)
FN:382,(anonymous_32)
FN:383,(anonymous_33)
FN:393,(anonymous_34)
FN:401,(anonymous_35)
FN:405,(anonymous_36)
FN:409,(anonymous_37)
FN:419,(anonymous_38)
FN:423,(anonymous_39)
FN:427,(anonymous_40)
FN:431,(anonymous_41)
FNF:42
FNH:0
FNDA:0,(anonymous_0)
FNDA:0,(anonymous_1)
FNDA:0,(anonymous_2)
FNDA:0,(anonymous_3)
FNDA:0,(anonymous_4)
FNDA:0,(anonymous_5)
FNDA:0,(anonymous_6)
FNDA:0,(anonymous_7)
FNDA:0,(anonymous_8)
FNDA:0,(anonymous_9)
FNDA:0,(anonymous_10)
FNDA:0,(anonymous_11)
FNDA:0,(anonymous_12)
FNDA:0,(anonymous_13)
FNDA:0,(anonymous_14)
FNDA:0,(anonymous_15)
FNDA:0,(anonymous_16)
FNDA:0,(anonymous_17)
FNDA:0,(anonymous_18)
FNDA:0,(anonymous_19)
FNDA:0,(anonymous_20)
FNDA:0,(anonymous_21)
FNDA:0,(anonymous_22)
FNDA:0,(anonymous_23)
FNDA:0,(anonymous_24)
FNDA:0,(anonymous_25)
FNDA:0,(anonymous_26)
FNDA:0,(anonymous_27)
FNDA:0,(anonymous_28)
FNDA:0,(anonymous_29)
FNDA:0,(anonymous_30)
FNDA:0,(anonymous_31)
FNDA:0,(anonymous_32)
FNDA:0,(anonymous_33)
FNDA:0,(anonymous_34)
FNDA:0,(anonymous_35)
FNDA:0,(anonymous_36)
FNDA:0,(anonymous_37)
FNDA:0,(anonymous_38)
FNDA:0,(anonymous_39)
FNDA:0,(anonymous_40)
FNDA:0,(anonymous_41)
DA:6,0
DA:7,0
DA:8,0
DA:9,0
DA:10,0
DA:11,0
DA:14,0
DA:15,0
DA:16,0
DA:17,0
DA:18,0
DA:19,0
DA:20,0
DA:21,0
DA:22,0
DA:49,0
DA:51,0
DA:52,0
DA:53,0
DA:54,0
DA:58,0
DA:59,0
DA:63,0
DA:64,0
DA:66,0
DA:73,0
DA:80,0
DA:87,0
DA:94,0
DA:101,0
DA:108,0
DA:115,0
DA:132,0
DA:133,0
DA:152,0
DA:153,0
DA:166,0
DA:167,0
DA:175,0
DA:185,0
DA:186,0
DA:194,0
DA:205,0
DA:206,0
DA:217,0
DA:219,0
DA:220,0
DA:221,0
DA:239,0
DA:240,0
DA:243,0
DA:244,0
DA:246,0
DA:249,0
DA:250,0
DA:251,0
DA:255,0
DA:256,0
DA:260,0
DA:261,0
DA:262,0
DA:265,0
DA:266,0
DA:269,0
DA:286,0
DA:288,0
DA:289,0
DA:290,0
DA:291,0
DA:292,0
DA:293,0
DA:297,0
DA:304,0
DA:305,0
DA:317,0
DA:319,0
DA:338,0
DA:341,0
DA:342,0
DA:346,0
DA:349,0
DA:353,0
DA:354,0
DA:355,0
DA:357,0
DA:359,0
DA:360,0
DA:362,0
DA:363,0
DA:365,0
DA:366,0
DA:369,0
DA:370,0
DA:376,0
DA:383,0
DA:384,0
DA:393,0
DA:394,0
DA:402,0
DA:406,0
DA:411,0
DA:416,0
DA:419,0
DA:420,0
DA:423,0
DA:424,0
DA:427,0
DA:428,0
DA:431,0
DA:432,0
LF:110
LH:0
BRDA:6,0,0,0
BRDA:6,0,1,0
BRDA:14,1,0,0
BRDA:14,1,1,0
BRDA:63,2,0,0
BRDA:63,2,1,0
BRDA:132,3,0,0
BRDA:132,3,1,0
BRDA:152,4,0,0
BRDA:152,4,1,0
BRDA:166,5,0,0
BRDA:166,5,1,0
BRDA:185,6,0,0
BRDA:185,6,1,0
BRDA:205,7,0,0
BRDA:205,7,1,0
BRDA:205,8,0,0
BRDA:205,8,1,0
BRDA:244,9,0,0
BRDA:244,9,1,0
BRDA:261,10,0,0
BRDA:261,10,1,0
BRDA:262,11,0,0
BRDA:262,11,1,0
BRDA:266,12,0,0
BRDA:266,12,1,0
BRDA:288,13,0,0
BRDA:288,13,1,0
BRDA:290,14,0,0
BRDA:290,14,1,0
BRDA:290,15,0,0
BRDA:290,15,1,0
BRDA:291,16,0,0
BRDA:291,16,1,0
BRDA:291,17,0,0
BRDA:291,17,1,0
BRDA:292,18,0,0
BRDA:292,18,1,0
BRDA:292,19,0,0
BRDA:292,19,1,0
BRDA:317,20,0,0
BRDA:317,20,1,0
BRDA:341,21,0,0
BRDA:341,21,1,0
BRDA:357,22,0,0
BRDA:357,22,1,0
BRDA:357,22,2,0
BRDA:357,22,3,0
BRDA:357,22,4,0
BRDA:376,23,0,0
BRDA:376,23,1,0
BRDA:376,24,0,0
BRDA:376,24,1,0
BRF:53
BRH:0
end_of_record
