TN:
SF:components/modules/analytics/services/analyticsDataService.ts
FN:103,(anonymous_0)
FN:108,(anonymous_1)
FN:131,(anonymous_2)
FN:177,(anonymous_3)
FN:225,(anonymous_4)
FN:258,(anonymous_5)
FN:291,(anonymous_6)
FN:323,(anonymous_7)
FN:353,(anonymous_8)
FN:370,(anonymous_9)
FN:393,(anonymous_10)
FN:419,(anonymous_11)
FN:442,(anonymous_12)
FNF:13
FNH:0
FNDA:0,(anonymous_0)
FNDA:0,(anonymous_1)
FNDA:0,(anonymous_2)
FNDA:0,(anonymous_3)
FNDA:0,(anonymous_4)
FNDA:0,(anonymous_5)
FNDA:0,(anonymous_6)
FNDA:0,(anonymous_7)
FNDA:0,(anonymous_8)
FNDA:0,(anonymous_9)
FNDA:0,(anonymous_10)
FNDA:0,(anonymous_11)
FNDA:0,(anonymous_12)
DA:104,0
DA:105,0
DA:106,0
DA:109,0
DA:110,0
DA:112,0
DA:113,0
DA:116,0
DA:117,0
DA:118,0
DA:119,0
DA:122,0
DA:123,0
DA:124,0
DA:126,0
DA:127,0
DA:132,0
DA:133,0
DA:136,0
DA:139,0
DA:140,0
DA:141,0
DA:142,0
DA:143,0
DA:150,0
DA:157,0
DA:165,0
DA:173,0
DA:178,0
DA:179,0
DA:181,0
DA:212,0
DA:219,0
DA:221,0
DA:226,0
DA:227,0
DA:229,0
DA:231,0
DA:238,0
DA:244,0
DA:252,0
DA:254,0
DA:259,0
DA:260,0
DA:262,0
DA:274,0
DA:285,0
DA:287,0
DA:292,0
DA:293,0
DA:295,0
DA:302,0
DA:309,0
DA:316,0
DA:318,0
DA:324,0
DA:325,0
DA:326,0
DA:327,0
DA:328,0
DA:329,0
DA:335,0
DA:354,0
DA:371,0
DA:394,0
DA:420,0
DA:443,0
DA:447,0
LF:68
LH:0
BRDA:112,0,0,0
BRDA:112,0,1,0
BRDA:112,1,0,0
BRDA:112,1,1,0
BRDA:118,2,0,0
BRDA:118,2,1,0
BRDA:136,3,0,0
BRDA:136,3,1,0
BRDA:184,4,0,0
BRDA:184,4,1,0
BRDA:185,5,0,0
BRDA:185,5,1,0
BRDA:191,6,0,0
BRDA:191,6,1,0
BRDA:192,7,0,0
BRDA:192,7,1,0
BRDA:198,8,0,0
BRDA:198,8,1,0
BRDA:199,9,0,0
BRDA:199,9,1,0
BRDA:205,10,0,0
BRDA:205,10,1,0
BRDA:206,11,0,0
BRDA:206,11,1,0
BRDA:229,12,0,0
BRDA:229,12,1,0
BRF:26
BRH:0
end_of_record
TN:
SF:components/modules/analytics/services/__tests__/analyticsDataService.test.ts
FN:11,(anonymous_0)
FN:12,(anonymous_1)
FN:17,(anonymous_2)
FN:18,(anonymous_3)
FN:28,(anonymous_4)
FN:41,(anonymous_5)
FN:52,(anonymous_6)
FN:61,(anonymous_7)
FN:74,(anonymous_8)
FN:75,(anonymous_9)
FN:84,(anonymous_10)
FN:95,(anonymous_11)
FN:106,(anonymous_12)
FN:107,(anonymous_13)
FN:117,(anonymous_14)
FN:129,(anonymous_15)
FN:130,(anonymous_16)
FN:133,(anonymous_17)
FN:146,(anonymous_18)
FN:147,(anonymous_19)
FN:150,(anonymous_20)
FN:162,(anonymous_21)
FN:163,(anonymous_22)
FN:176,(anonymous_23)
FN:186,(anonymous_24)
FN:187,(anonymous_25)
FN:196,(anonymous_26)
FN:209,(anonymous_27)
FN:218,(anonymous_28)
FN:234,(anonymous_29)
FN:235,(anonymous_30)
FN:244,(anonymous_31)
FN:249,(anonymous_32)
FN:253,(anonymous_33)
FN:262,(anonymous_34)
FN:268,(anonymous_35)
FN:276,(anonymous_36)
FN:277,(anonymous_37)
FN:288,(anonymous_38)
FN:292,(anonymous_39)
FNF:40
FNH:0
FNDA:0,(anonymous_0)
FNDA:0,(anonymous_1)
FNDA:0,(anonymous_2)
FNDA:0,(anonymous_3)
FNDA:0,(anonymous_4)
FNDA:0,(anonymous_5)
FNDA:0,(anonymous_6)
FNDA:0,(anonymous_7)
FNDA:0,(anonymous_8)
FNDA:0,(anonymous_9)
FNDA:0,(anonymous_10)
FNDA:0,(anonymous_11)
FNDA:0,(anonymous_12)
FNDA:0,(anonymous_13)
FNDA:0,(anonymous_14)
FNDA:0,(anonymous_15)
FNDA:0,(anonymous_16)
FNDA:0,(anonymous_17)
FNDA:0,(anonymous_18)
FNDA:0,(anonymous_19)
FNDA:0,(anonymous_20)
FNDA:0,(anonymous_21)
FNDA:0,(anonymous_22)
FNDA:0,(anonymous_23)
FNDA:0,(anonymous_24)
FNDA:0,(anonymous_25)
FNDA:0,(anonymous_26)
FNDA:0,(anonymous_27)
FNDA:0,(anonymous_28)
FNDA:0,(anonymous_29)
FNDA:0,(anonymous_30)
FNDA:0,(anonymous_31)
FNDA:0,(anonymous_32)
FNDA:0,(anonymous_33)
FNDA:0,(anonymous_34)
FNDA:0,(anonymous_35)
FNDA:0,(anonymous_36)
FNDA:0,(anonymous_37)
FNDA:0,(anonymous_38)
FNDA:0,(anonymous_39)
DA:6,0
DA:9,0
DA:11,0
DA:12,0
DA:13,0
DA:14,0
DA:17,0
DA:18,0
DA:19,0
DA:26,0
DA:28,0
DA:31,0
DA:33,0
DA:34,0
DA:35,0
DA:36,0
DA:37,0
DA:38,0
DA:41,0
DA:42,0
DA:44,0
DA:46,0
DA:47,0
DA:48,0
DA:49,0
DA:52,0
DA:53,0
DA:59,0
DA:61,0
DA:65,0
DA:68,0
DA:70,0
DA:74,0
DA:75,0
DA:76,0
DA:82,0
DA:84,0
DA:87,0
DA:89,0
DA:90,0
DA:91,0
DA:92,0
DA:95,0
DA:96,0
DA:98,0
DA:100,0
DA:101,0
DA:102,0
DA:106,0
DA:107,0
DA:108,0
DA:115,0
DA:117,0
DA:120,0
DA:122,0
DA:123,0
DA:124,0
DA:125,0
DA:129,0
DA:130,0
DA:131,0
DA:133,0
DA:136,0
DA:138,0
DA:139,0
DA:140,0
DA:141,0
DA:142,0
DA:146,0
DA:147,0
DA:148,0
DA:150,0
DA:153,0
DA:155,0
DA:156,0
DA:157,0
DA:158,0
DA:162,0
DA:163,0
DA:164,0
DA:170,0
DA:173,0
DA:176,0
DA:177,0
DA:179,0
DA:182,0
DA:186,0
DA:187,0
DA:188,0
DA:194,0
DA:196,0
DA:200,0
DA:203,0
DA:205,0
DA:206,0
DA:209,0
DA:210,0
DA:216,0
DA:218,0
DA:222,0
DA:225,0
DA:228,0
DA:230,0
DA:234,0
DA:235,0
DA:236,0
DA:242,0
DA:244,0
DA:247,0
DA:249,0
DA:250,0
DA:253,0
DA:254,0
DA:260,0
DA:262,0
DA:265,0
DA:268,0
DA:269,0
DA:270,0
DA:271,0
DA:276,0
DA:277,0
DA:278,0
DA:281,0
DA:285,0
DA:288,0
DA:292,0
DA:295,0
DA:298,0
DA:300,0
DA:302,0
DA:303,0
LF:132
LH:0
BRF:0
BRH:0
end_of_record
TN:
SF:src/App.tsx
FN:12,(anonymous_10)
FN:15,(anonymous_11)
FN:36,(anonymous_12)
FN:36,(anonymous_13)
FN:37,(anonymous_14)
FN:63,(anonymous_15)
FN:64,(anonymous_16)
FN:72,(anonymous_17)
FNF:8
FNH:0
FNDA:0,(anonymous_10)
FNDA:0,(anonymous_11)
FNDA:0,(anonymous_12)
FNDA:0,(anonymous_13)
FNDA:0,(anonymous_14)
FNDA:0,(anonymous_15)
FNDA:0,(anonymous_16)
FNDA:0,(anonymous_17)
DA:1,0
DA:2,0
DA:3,0
DA:4,0
DA:5,0
DA:6,0
DA:7,0
DA:8,0
DA:9,0
DA:10,0
DA:12,0
DA:13,0
DA:15,0
DA:16,0
DA:17,0
DA:18,0
DA:19,0
DA:21,0
DA:22,0
DA:25,0
DA:26,0
DA:27,0
DA:28,0
DA:30,0
DA:31,0
DA:36,0
DA:37,0
DA:39,0
DA:63,0
DA:64,0
DA:72,0
DA:73,0
DA:84,0
LF:33
LH:0
BRDA:17,0,0,0
BRDA:17,0,1,0
BRDA:26,1,0,0
BRDA:26,1,1,0
BRDA:36,2,0,0
BRDA:36,2,1,0
BRDA:37,3,0,0
BRDA:37,3,1,0
BRDA:40,4,0,0
BRDA:40,4,1,0
BRDA:46,5,0,0
BRDA:46,5,1,0
BRDA:61,6,0,0
BRDA:61,6,1,0
BRDA:61,6,2,0
BRDA:67,7,0,0
BRDA:67,7,1,0
BRF:17
BRH:0
end_of_record
TN:
SF:src/constants.tsx
FN:35,(anonymous_1)
FN:36,(anonymous_2)
FNF:2
FNH:0
FNDA:0,(anonymous_1)
FNDA:0,(anonymous_2)
DA:2,0
DA:3,0
DA:4,0
DA:5,0
DA:6,0
DA:7,0
DA:8,0
DA:9,0
DA:10,0
DA:11,0
DA:12,0
DA:13,0
DA:14,0
DA:15,0
DA:16,0
DA:17,0
DA:18,0
DA:20,0
DA:32,0
DA:35,0
DA:36,0
LF:21
LH:0
BRF:0
BRH:0
end_of_record
TN:
SF:src/types.ts
FN:3,(anonymous_0)
FN:15,(anonymous_1)
FNF:2
FNH:0
FNDA:0,(anonymous_0)
FNDA:0,(anonymous_1)
DA:3,0
DA:4,0
DA:5,0
DA:6,0
DA:7,0
DA:8,0
DA:9,0
DA:10,0
DA:11,0
DA:12,0
DA:15,0
DA:16,0
DA:17,0
DA:18,0
DA:19,0
DA:20,0
DA:21,0
LF:17
LH:0
BRDA:3,0,0,0
BRDA:3,0,1,0
BRDA:15,1,0,0
BRDA:15,1,1,0
BRF:4
BRH:0
end_of_record
TN:
SF:src/components/icons.tsx
FN:2,(anonymous_0)
FNF:1
FNH:1
FNDA:34,(anonymous_0)
DA:2,54
LF:1
LH:1
BRF:0
BRH:0
end_of_record
TN:
SF:src/components/admin/MonitoringDashboard.tsx
FN:30,(anonymous_9)
FN:35,(anonymous_10)
FN:45,(anonymous_11)
FN:49,(anonymous_12)
FN:52,(anonymous_13)
FN:56,(anonymous_14)
FN:64,(anonymous_15)
FN:106,(anonymous_16)
FN:112,(anonymous_17)
FN:139,(anonymous_18)
FN:151,(anonymous_19)
FN:178,(anonymous_20)
FN:201,(anonymous_21)
FN:214,(anonymous_22)
FNF:14
FNH:0
FNDA:0,(anonymous_9)
FNDA:0,(anonymous_10)
FNDA:0,(anonymous_11)
FNDA:0,(anonymous_12)
FNDA:0,(anonymous_13)
FNDA:0,(anonymous_14)
FNDA:0,(anonymous_15)
FNDA:0,(anonymous_16)
FNDA:0,(anonymous_17)
FNDA:0,(anonymous_18)
FNDA:0,(anonymous_19)
FNDA:0,(anonymous_20)
FNDA:0,(anonymous_21)
FNDA:0,(anonymous_22)
DA:6,0
DA:7,0
DA:8,0
DA:30,0
DA:31,0
DA:32,0
DA:33,0
DA:35,0
DA:36,0
DA:37,0
DA:39,0
DA:45,0
DA:46,0
DA:49,0
DA:50,0
DA:51,0
DA:52,0
DA:56,0
DA:57,0
DA:58,0
DA:59,0
DA:60,0
DA:64,0
DA:65,0
DA:66,0
DA:68,0
DA:74,0
DA:78,0
DA:79,0
DA:80,0
DA:81,0
DA:82,0
DA:83,0
DA:84,0
DA:85,0
DA:88,0
DA:89,0
DA:97,0
DA:106,0
DA:112,0
DA:140,0
DA:152,0
DA:179,0
DA:202,0
DA:215,0
LF:45
LH:0
BRDA:50,0,0,0
BRDA:50,0,1,0
BRDA:57,1,0,0
BRDA:57,1,1,0
BRDA:88,2,0,0
BRDA:88,2,1,0
BRDA:226,3,0,0
BRDA:226,3,1,0
BRF:8
BRH:0
end_of_record
TN:
SF:src/components/agentic/AIAgentTools.tsx
FN:8,(anonymous_9)
FN:136,(anonymous_10)
FN:140,(anonymous_11)
FN:165,(anonymous_12)
FN:198,(anonymous_13)
FN:205,(anonymous_14)
FN:213,(anonymous_15)
FN:232,(anonymous_16)
FN:241,(anonymous_17)
FN:254,(anonymous_18)
FN:270,(anonymous_19)
FN:273,(anonymous_20)
FN:302,(anonymous_21)
FN:317,(anonymous_22)
FN:329,(anonymous_23)
FN:351,(anonymous_24)
FN:372,(anonymous_25)
FN:392,(anonymous_26)
FN:415,(anonymous_27)
FN:432,(anonymous_28)
FN:445,(anonymous_29)
FN:454,(anonymous_30)
FN:464,(anonymous_31)
FN:487,(anonymous_32)
FNF:24
FNH:0
FNDA:0,(anonymous_9)
FNDA:0,(anonymous_10)
FNDA:0,(anonymous_11)
FNDA:0,(anonymous_12)
FNDA:0,(anonymous_13)
FNDA:0,(anonymous_14)
FNDA:0,(anonymous_15)
FNDA:0,(anonymous_16)
FNDA:0,(anonymous_17)
FNDA:0,(anonymous_18)
FNDA:0,(anonymous_19)
FNDA:0,(anonymous_20)
FNDA:0,(anonymous_21)
FNDA:0,(anonymous_22)
FNDA:0,(anonymous_23)
FNDA:0,(anonymous_24)
FNDA:0,(anonymous_25)
FNDA:0,(anonymous_26)
FNDA:0,(anonymous_27)
FNDA:0,(anonymous_28)
FNDA:0,(anonymous_29)
FNDA:0,(anonymous_30)
FNDA:0,(anonymous_31)
FNDA:0,(anonymous_32)
DA:1,0
DA:2,0
DA:8,0
DA:9,0
DA:10,0
DA:11,0
DA:12,0
DA:13,0
DA:14,0
DA:15,0
DA:18,0
DA:60,0
DA:84,0
DA:111,0
DA:136,0
DA:137,0
DA:140,0
DA:141,0
DA:142,0
DA:144,0
DA:146,0
DA:147,0
DA:149,0
DA:150,0
DA:152,0
DA:153,0
DA:155,0
DA:156,0
DA:159,0
DA:161,0
DA:165,0
DA:166,0
DA:167,0
DA:168,0
DA:170,0
DA:174,0
DA:175,0
DA:177,0
DA:181,0
DA:182,0
DA:184,0
DA:188,0
DA:189,0
DA:192,0
DA:194,0
DA:198,0
DA:199,0
DA:200,0
DA:201,0
DA:205,0
DA:207,0
DA:209,0
DA:213,0
DA:214,0
DA:216,0
DA:217,0
DA:218,0
DA:223,0
DA:226,0
DA:228,0
DA:232,0
DA:233,0
DA:234,0
DA:235,0
DA:236,0
DA:237,0
DA:241,0
DA:242,0
DA:243,0
DA:244,0
DA:247,0
DA:254,0
DA:271,0
DA:273,0
DA:303,0
DA:317,0
DA:330,0
DA:352,0
DA:373,0
DA:393,0
DA:416,0
DA:433,0
DA:446,0
DA:455,0
DA:465,0
DA:487,0
DA:514,0
LF:87
LH:0
BRDA:8,0,0,0
BRDA:144,1,0,0
BRDA:144,1,1,0
BRDA:144,1,2,0
BRDA:144,1,3,0
BRDA:168,2,0,0
BRDA:168,2,1,0
BRDA:168,2,2,0
BRDA:214,3,0,0
BRDA:214,3,1,0
BRDA:233,4,0,0
BRDA:233,4,1,0
BRDA:233,4,2,0
BRDA:233,4,3,0
BRDA:242,5,0,0
BRDA:242,5,1,0
BRDA:243,6,0,0
BRDA:243,6,1,0
BRDA:258,7,0,0
BRDA:258,7,1,0
BRDA:275,8,0,0
BRDA:275,8,1,0
BRDA:281,9,0,0
BRDA:281,9,1,0
BRDA:293,10,0,0
BRDA:293,10,1,0
BRDA:338,11,0,0
BRDA:338,11,1,0
BRDA:338,11,2,0
BRDA:347,12,0,0
BRDA:347,12,1,0
BRDA:358,13,0,0
BRDA:358,13,1,0
BRDA:368,14,0,0
BRDA:368,14,1,0
BRDA:388,15,0,0
BRDA:388,15,1,0
BRDA:428,16,0,0
BRDA:428,16,1,0
BRDA:476,17,0,0
BRDA:476,17,1,0
BRDA:500,18,0,0
BRDA:500,18,1,0
BRDA:503,19,0,0
BRDA:503,19,1,0
BRF:45
BRH:0
end_of_record
TN:
SF:src/components/agentic/AgentMemorySystem.tsx
FN:8,(anonymous_9)
FN:90,(anonymous_10)
FN:91,(anonymous_11)
FN:107,(anonymous_12)
FN:110,(anonymous_13)
FN:114,(anonymous_14)
FN:123,(anonymous_15)
FN:126,(anonymous_16)
FN:138,(anonymous_17)
FN:151,(anonymous_18)
FN:159,(anonymous_19)
FN:171,(anonymous_20)
FN:197,(anonymous_21)
FN:200,(anonymous_22)
FN:227,(anonymous_23)
FN:230,(anonymous_24)
FN:232,(anonymous_25)
FN:240,(anonymous_26)
FN:260,(anonymous_27)
FN:279,(anonymous_28)
FN:280,(anonymous_29)
FN:299,(anonymous_30)
FN:323,(anonymous_31)
FN:323,(anonymous_32)
FN:333,(anonymous_33)
FN:333,(anonymous_34)
FN:337,(anonymous_35)
FN:339,(anonymous_36)
FN:349,(anonymous_37)
FN:349,(anonymous_38)
FN:358,(anonymous_39)
FNF:31
FNH:0
FNDA:0,(anonymous_9)
FNDA:0,(anonymous_10)
FNDA:0,(anonymous_11)
FNDA:0,(anonymous_12)
FNDA:0,(anonymous_13)
FNDA:0,(anonymous_14)
FNDA:0,(anonymous_15)
FNDA:0,(anonymous_16)
FNDA:0,(anonymous_17)
FNDA:0,(anonymous_18)
FNDA:0,(anonymous_19)
FNDA:0,(anonymous_20)
FNDA:0,(anonymous_21)
FNDA:0,(anonymous_22)
FNDA:0,(anonymous_23)
FNDA:0,(anonymous_24)
FNDA:0,(anonymous_25)
FNDA:0,(anonymous_26)
FNDA:0,(anonymous_27)
FNDA:0,(anonymous_28)
FNDA:0,(anonymous_29)
FNDA:0,(anonymous_30)
FNDA:0,(anonymous_31)
FNDA:0,(anonymous_32)
FNDA:0,(anonymous_33)
FNDA:0,(anonymous_34)
FNDA:0,(anonymous_35)
FNDA:0,(anonymous_36)
FNDA:0,(anonymous_37)
FNDA:0,(anonymous_38)
FNDA:0,(anonymous_39)
DA:1,0
DA:2,0
DA:8,0
DA:9,0
DA:10,0
DA:11,0
DA:12,0
DA:13,0
DA:14,0
DA:15,0
DA:23,0
DA:80,0
DA:90,0
DA:91,0
DA:92,0
DA:93,0
DA:95,0
DA:96,0
DA:98,0
DA:100,0
DA:104,0
DA:107,0
DA:108,0
DA:110,0
DA:111,0
DA:114,0
DA:115,0
DA:116,0
DA:117,0
DA:120,0
DA:121,0
DA:123,0
DA:124,0
DA:127,0
DA:130,0
DA:132,0
DA:134,0
DA:138,0
DA:139,0
DA:141,0
DA:142,0
DA:151,0
DA:152,0
DA:153,0
DA:155,0
DA:159,0
DA:160,0
DA:168,0
DA:171,0
DA:172,0
DA:180,0
DA:198,0
DA:200,0
DA:227,0
DA:231,0
DA:232,0
DA:241,0
DA:261,0
DA:279,0
DA:280,0
DA:300,0
DA:323,0
DA:333,0
DA:338,0
DA:339,0
DA:349,0
DA:358,0
DA:378,0
LF:68
LH:0
BRDA:8,0,0,0
BRDA:108,1,0,0
BRDA:108,1,1,0
BRDA:115,2,0,0
BRDA:115,2,1,0
BRDA:124,3,0,0
BRDA:124,3,1,0
BRDA:124,3,2,0
BRDA:139,4,0,0
BRDA:139,4,1,0
BRDA:139,5,0,0
BRDA:139,5,1,0
BRDA:146,6,0,0
BRDA:146,6,1,0
BRDA:168,7,0,0
BRDA:168,7,1,0
BRDA:202,8,0,0
BRDA:202,8,1,0
BRDA:208,9,0,0
BRDA:208,9,1,0
BRDA:220,10,0,0
BRDA:220,10,1,0
BRDA:245,11,0,0
BRDA:245,11,1,0
BRDA:258,12,0,0
BRDA:258,12,1,0
BRDA:262,13,0,0
BRDA:262,13,1,0
BRDA:273,14,0,0
BRDA:273,14,1,0
BRDA:280,15,0,0
BRDA:280,15,1,0
BRDA:289,16,0,0
BRDA:289,16,1,0
BRDA:303,17,0,0
BRDA:303,17,1,0
BRDA:316,18,0,0
BRDA:316,18,1,0
BRDA:365,19,0,0
BRDA:365,19,1,0
BRF:40
BRH:0
end_of_record
TN:
SF:src/components/agentic/AgenticToolsDashboard.tsx
FN:11,(anonymous_10)
FN:30,(anonymous_11)
FN:31,(anonymous_12)
FN:84,(anonymous_13)
FN:102,(anonymous_14)
FN:241,(anonymous_15)
FN:255,(anonymous_16)
FN:256,(anonymous_17)
FN:257,(anonymous_18)
FN:258,(anonymous_19)
FN:259,(anonymous_20)
FN:273,(anonymous_21)
FN:313,(anonymous_22)
FN:316,(anonymous_23)
FNF:14
FNH:0
FNDA:0,(anonymous_10)
FNDA:0,(anonymous_11)
FNDA:0,(anonymous_12)
FNDA:0,(anonymous_13)
FNDA:0,(anonymous_14)
FNDA:0,(anonymous_15)
FNDA:0,(anonymous_16)
FNDA:0,(anonymous_17)
FNDA:0,(anonymous_18)
FNDA:0,(anonymous_19)
FNDA:0,(anonymous_20)
FNDA:0,(anonymous_21)
FNDA:0,(anonymous_22)
FNDA:0,(anonymous_23)
DA:1,0
DA:2,0
DA:3,0
DA:4,0
DA:11,0
DA:12,0
DA:13,0
DA:22,0
DA:30,0
DA:31,0
DA:32,0
DA:34,0
DA:36,0
DA:40,0
DA:43,0
DA:84,0
DA:85,0
DA:103,0
DA:242,0
DA:255,0
DA:256,0
DA:257,0
DA:258,0
DA:260,0
DA:273,0
DA:274,0
DA:294,0
DA:314,0
DA:316,0
DA:347,0
LF:30
LH:0
BRDA:11,0,0,0
BRDA:318,1,0,0
BRDA:318,1,1,0
BRDA:325,2,0,0
BRDA:325,2,1,0
BRDA:337,3,0,0
BRDA:337,3,1,0
BRDA:338,4,0,0
BRDA:338,4,1,0
BRDA:339,5,0,0
BRDA:339,5,1,0
BRDA:340,6,0,0
BRDA:340,6,1,0
BRDA:341,7,0,0
BRDA:341,7,1,0
BRF:15
BRH:0
end_of_record
TN:
SF:src/components/agentic/TaskManagementDashboard.tsx
FN:9,(anonymous_9)
FN:95,(anonymous_10)
FN:96,(anonymous_11)
FN:117,(anonymous_12)
FN:126,(anonymous_13)
FN:132,(anonymous_14)
FN:145,(anonymous_15)
FN:146,(anonymous_16)
FN:148,(anonymous_17)
FN:195,(anonymous_18)
FN:242,(anonymous_19)
FN:245,(anonymous_20)
FN:261,(anonymous_21)
FN:264,(anonymous_22)
FN:289,(anonymous_23)
FN:299,(anonymous_24)
FN:329,(anonymous_25)
FN:330,(anonymous_26)
FN:331,(anonymous_27)
FN:332,(anonymous_28)
FN:344,(anonymous_29)
FN:345,(anonymous_30)
FN:346,(anonymous_31)
FN:347,(anonymous_32)
FNF:24
FNH:0
FNDA:0,(anonymous_9)
FNDA:0,(anonymous_10)
FNDA:0,(anonymous_11)
FNDA:0,(anonymous_12)
FNDA:0,(anonymous_13)
FNDA:0,(anonymous_14)
FNDA:0,(anonymous_15)
FNDA:0,(anonymous_16)
FNDA:0,(anonymous_17)
FNDA:0,(anonymous_18)
FNDA:0,(anonymous_19)
FNDA:0,(anonymous_20)
FNDA:0,(anonymous_21)
FNDA:0,(anonymous_22)
FNDA:0,(anonymous_23)
FNDA:0,(anonymous_24)
FNDA:0,(anonymous_25)
FNDA:0,(anonymous_26)
FNDA:0,(anonymous_27)
FNDA:0,(anonymous_28)
FNDA:0,(anonymous_29)
FNDA:0,(anonymous_30)
FNDA:0,(anonymous_31)
FNDA:0,(anonymous_32)
DA:1,0
DA:9,0
DA:13,0
DA:14,0
DA:15,0
DA:16,0
DA:17,0
DA:18,0
DA:21,0
DA:70,0
DA:80,0
DA:95,0
DA:96,0
DA:97,0
DA:98,0
DA:100,0
DA:101,0
DA:102,0
DA:104,0
DA:105,0
DA:108,0
DA:110,0
DA:114,0
DA:117,0
DA:118,0
DA:119,0
DA:120,0
DA:121,0
DA:122,0
DA:126,0
DA:127,0
DA:128,0
DA:129,0
DA:132,0
DA:133,0
DA:134,0
DA:135,0
DA:145,0
DA:146,0
DA:148,0
DA:149,0
DA:196,0
DA:218,0
DA:219,0
DA:233,0
DA:242,0
DA:246,0
DA:262,0
DA:264,0
DA:289,0
DA:300,0
DA:329,0
DA:330,0
DA:331,0
DA:333,0
DA:344,0
DA:345,0
DA:346,0
DA:348,0
DA:368,0
LF:60
LH:0
BRDA:11,0,0,0
BRDA:16,1,0,0
BRDA:16,1,1,0
BRDA:104,2,0,0
BRDA:104,2,1,0
BRDA:104,3,0,0
BRDA:104,3,1,0
BRDA:118,4,0,0
BRDA:118,4,1,0
BRDA:118,4,2,0
BRDA:118,4,3,0
BRDA:127,5,0,0
BRDA:127,5,1,0
BRDA:128,6,0,0
BRDA:128,6,1,0
BRDA:134,7,0,0
BRDA:134,7,1,0
BRDA:134,8,0,0
BRDA:134,8,1,0
BRDA:145,9,0,0
BRDA:149,10,0,0
BRDA:149,10,1,0
BRDA:158,11,0,0
BRDA:158,11,1,0
BRDA:169,12,0,0
BRDA:169,12,1,0
BRDA:180,13,0,0
BRDA:180,13,1,0
BRDA:180,14,0,0
BRDA:180,14,1,0
BRDA:187,15,0,0
BRDA:187,15,1,0
BRDA:187,16,0,0
BRDA:187,16,1,0
BRDA:193,17,0,0
BRDA:193,17,1,0
BRDA:193,17,2,0
BRDA:203,18,0,0
BRDA:203,18,1,0
BRDA:203,18,2,0
BRDA:218,19,0,0
BRDA:218,19,1,0
BRDA:266,20,0,0
BRDA:266,20,1,0
BRDA:272,21,0,0
BRDA:272,21,1,0
BRDA:284,22,0,0
BRDA:284,22,1,0
BRDA:296,23,0,0
BRDA:296,23,1,0
BRDA:321,24,0,0
BRDA:321,24,1,0
BRDA:331,25,0,0
BRDA:331,25,1,0
BRDA:344,26,0,0
BRDA:344,26,1,0
BRDA:345,27,0,0
BRDA:345,27,1,0
BRDA:345,28,0,0
BRDA:345,28,1,0
BRDA:345,29,0,0
BRDA:345,29,1,0
BRDA:346,30,0,0
BRDA:346,30,1,0
BRF:64
BRH:0
end_of_record
TN:
SF:src/components/common/AIProviderWrapper.tsx
FN:44,(anonymous_9)
FN:75,(anonymous_10)
FN:78,(anonymous_11)
FN:111,(anonymous_12)
FN:137,(anonymous_13)
FN:193,(anonymous_14)
FN:200,(anonymous_15)
FN:205,(anonymous_16)
FN:222,(anonymous_17)
FN:229,(anonymous_18)
FN:232,(anonymous_19)
FN:248,(anonymous_20)
FN:252,(anonymous_21)
FN:253,(anonymous_22)
FN:264,(anonymous_23)
FN:297,(anonymous_24)
FN:306,(anonymous_25)
FN:317,(anonymous_26)
FN:336,(anonymous_27)
FN:341,(anonymous_28)
FN:345,(anonymous_29)
FN:349,(anonymous_30)
FN:356,(anonymous_31)
FNF:23
FNH:0
FNDA:0,(anonymous_9)
FNDA:0,(anonymous_10)
FNDA:0,(anonymous_11)
FNDA:0,(anonymous_12)
FNDA:0,(anonymous_13)
FNDA:0,(anonymous_14)
FNDA:0,(anonymous_15)
FNDA:0,(anonymous_16)
FNDA:0,(anonymous_17)
FNDA:0,(anonymous_18)
FNDA:0,(anonymous_19)
FNDA:0,(anonymous_20)
FNDA:0,(anonymous_21)
FNDA:0,(anonymous_22)
FNDA:0,(anonymous_23)
FNDA:0,(anonymous_24)
FNDA:0,(anonymous_25)
FNDA:0,(anonymous_26)
FNDA:0,(anonymous_27)
FNDA:0,(anonymous_28)
FNDA:0,(anonymous_29)
FNDA:0,(anonymous_30)
FNDA:0,(anonymous_31)
DA:7,1
DA:8,1
DA:9,1
DA:41,1
DA:44,1
DA:45,0
DA:47,0
DA:75,1
DA:76,0
DA:78,0
DA:79,0
DA:80,0
DA:81,0
DA:82,0
DA:85,0
DA:111,1
DA:120,0
DA:123,0
DA:124,0
DA:125,0
DA:126,0
DA:127,0
DA:128,0
DA:129,0
DA:137,0
DA:138,0
DA:139,0
DA:141,0
DA:142,0
DA:143,0
DA:145,0
DA:146,0
DA:149,0
DA:150,0
DA:151,0
DA:152,0
DA:153,0
DA:155,0
DA:158,0
DA:161,0
DA:162,0
DA:170,0
DA:171,0
DA:172,0
DA:175,0
DA:176,0
DA:177,0
DA:178,0
DA:179,0
DA:180,0
DA:181,0
DA:182,0
DA:184,0
DA:188,0
DA:193,0
DA:194,0
DA:195,0
DA:200,0
DA:201,0
DA:205,0
DA:206,0
DA:207,0
DA:208,0
DA:209,0
DA:210,0
DA:211,0
DA:212,0
DA:213,0
DA:215,0
DA:217,0
DA:222,0
DA:223,0
DA:224,0
DA:229,0
DA:230,0
DA:232,0
DA:233,0
DA:234,0
DA:235,0
DA:236,0
DA:237,0
DA:239,0
DA:240,0
DA:243,0
DA:244,0
DA:248,0
DA:252,0
DA:253,0
DA:254,0
DA:255,0
DA:256,0
DA:258,0
DA:262,0
DA:263,0
DA:264,0
DA:268,0
DA:281,0
DA:297,1
DA:298,0
DA:299,0
DA:300,0
DA:302,0
DA:306,1
DA:307,0
DA:309,0
DA:310,0
DA:313,0
DA:317,1
DA:318,0
DA:320,0
DA:332,1
DA:337,0
DA:338,0
DA:342,0
DA:346,0
DA:350,0
DA:351,0
DA:356,0
DA:364,0
DA:368,1
LF:120
LH:12
BRDA:45,0,0,0
BRDA:45,0,1,0
BRDA:62,1,0,0
BRDA:62,1,1,0
BRDA:63,2,0,0
BRDA:63,2,1,0
BRDA:64,3,0,0
BRDA:64,3,1,0
BRDA:65,4,0,0
BRDA:65,4,1,0
BRDA:76,5,0,0
BRDA:76,5,1,0
BRDA:79,6,0,0
BRDA:79,6,1,0
BRDA:80,7,0,0
BRDA:80,7,1,0
BRDA:81,8,0,0
BRDA:81,8,1,0
BRDA:101,9,0,0
BRDA:101,9,1,0
BRDA:102,10,0,0
BRDA:102,10,1,0
BRDA:103,11,0,0
BRDA:103,11,1,0
BRDA:104,12,0,0
BRDA:104,12,1,0
BRDA:113,13,0,0
BRDA:116,14,0,0
BRDA:117,15,0,0
BRDA:118,16,0,0
BRDA:119,17,0,0
BRDA:137,18,0,0
BRDA:143,19,0,0
BRDA:143,19,1,0
BRDA:150,20,0,0
BRDA:150,20,1,0
BRDA:171,21,0,0
BRDA:171,21,1,0
BRDA:175,22,0,0
BRDA:175,22,1,0
BRDA:175,23,0,0
BRDA:175,23,1,0
BRDA:194,24,0,0
BRDA:194,24,1,0
BRDA:215,25,0,0
BRDA:215,25,1,0
BRDA:223,26,0,0
BRDA:223,26,1,0
BRDA:230,27,0,0
BRDA:230,27,1,0
BRDA:230,28,0,0
BRDA:230,28,1,0
BRDA:234,29,0,0
BRDA:234,29,1,0
BRDA:284,30,0,0
BRDA:284,30,1,0
BRDA:285,31,0,0
BRDA:285,31,1,0
BRDA:299,32,0,0
BRDA:299,32,1,0
BRDA:309,33,0,0
BRDA:309,33,1,0
BRDA:309,34,0,0
BRDA:309,34,1,0
BRDA:323,35,0,0
BRDA:323,35,1,0
BRDA:324,36,0,0
BRDA:324,36,1,0
BRDA:325,37,0,0
BRDA:325,37,1,0
BRDA:326,38,0,0
BRDA:326,38,1,0
BRDA:350,39,0,0
BRDA:350,39,1,0
BRDA:352,40,0,0
BRDA:352,40,1,0
BRF:76
BRH:0
end_of_record
TN:
SF:src/components/common/ErrorBoundary.tsx
FN:29,(anonymous_9)
FN:102,(anonymous_10)
FN:120,(anonymous_11)
FN:140,(anonymous_12)
FN:37,(anonymous_13)
FN:44,(anonymous_14)
FN:82,(anonymous_15)
FN:94,(anonymous_16)
FN:147,(anonymous_17)
FN:218,(anonymous_18)
FN:353,withErrorBoundary
FN:357,(anonymous_20)
FNF:12
FNH:0
FNDA:0,(anonymous_9)
FNDA:0,(anonymous_10)
FNDA:0,(anonymous_11)
FNDA:0,(anonymous_12)
FNDA:0,(anonymous_13)
FNDA:0,(anonymous_14)
FNDA:0,(anonymous_15)
FNDA:0,(anonymous_16)
FNDA:0,(anonymous_17)
FNDA:0,(anonymous_18)
FNDA:0,withErrorBoundary
FNDA:0,(anonymous_20)
DA:6,0
DA:7,0
DA:8,0
DA:26,0
DA:27,0
DA:30,0
DA:31,0
DA:38,0
DA:46,0
DA:63,0
DA:71,0
DA:77,0
DA:78,0
DA:83,0
DA:84,0
DA:87,0
DA:88,0
DA:92,0
DA:93,0
DA:94,0
DA:96,0
DA:97,0
DA:102,0
DA:103,0
DA:104,0
DA:107,0
DA:115,0
DA:120,0
DA:121,0
DA:122,0
DA:124,0
DA:125,0
DA:131,0
DA:140,0
DA:141,0
DA:144,0
DA:148,0
DA:149,0
DA:151,0
DA:153,0
DA:154,0
DA:158,0
DA:218,0
DA:348,0
DA:353,0
DA:357,0
DA:358,0
DA:363,0
DA:365,0
LF:49
LH:0
BRDA:103,0,0,0
BRDA:103,0,1,0
BRDA:124,1,0,0
BRDA:124,1,1,0
BRDA:77,2,0,0
BRDA:77,2,1,0
BRDA:87,3,0,0
BRDA:87,3,1,0
BRDA:87,4,0,0
BRDA:87,4,1,0
BRDA:87,4,2,0
BRDA:92,5,0,0
BRDA:92,5,1,0
BRDA:92,6,0,0
BRDA:92,6,1,0
BRDA:92,6,2,0
BRDA:96,7,0,0
BRDA:96,7,1,0
BRDA:151,8,0,0
BRDA:151,8,1,0
BRDA:153,9,0,0
BRDA:153,9,1,0
BRDA:187,10,0,0
BRDA:187,10,1,0
BRDA:187,10,2,0
BRDA:201,11,0,0
BRDA:201,11,1,0
BRDA:363,12,0,0
BRDA:363,12,1,0
BRF:29
BRH:0
end_of_record
TN:
SF:src/components/common/FileUploadComponent.tsx
FN:37,(anonymous_9)
FN:60,(anonymous_10)
FN:61,(anonymous_11)
FN:72,(anonymous_12)
FN:84,(anonymous_13)
FN:85,(anonymous_14)
FN:85,(anonymous_15)
FN:90,(anonymous_16)
FN:91,(anonymous_17)
FN:92,(anonymous_18)
FN:92,(anonymous_19)
FN:171,(anonymous_20)
FN:196,(anonymous_21)
FN:208,(anonymous_22)
FN:214,(anonymous_23)
FN:220,(anonymous_24)
FN:231,(anonymous_25)
FN:239,(anonymous_26)
FN:248,(anonymous_27)
FN:252,(anonymous_28)
FN:311,(anonymous_29)
FNF:21
FNH:0
FNDA:0,(anonymous_9)
FNDA:0,(anonymous_10)
FNDA:0,(anonymous_11)
FNDA:0,(anonymous_12)
FNDA:0,(anonymous_13)
FNDA:0,(anonymous_14)
FNDA:0,(anonymous_15)
FNDA:0,(anonymous_16)
FNDA:0,(anonymous_17)
FNDA:0,(anonymous_18)
FNDA:0,(anonymous_19)
FNDA:0,(anonymous_20)
FNDA:0,(anonymous_21)
FNDA:0,(anonymous_22)
FNDA:0,(anonymous_23)
FNDA:0,(anonymous_24)
FNDA:0,(anonymous_25)
FNDA:0,(anonymous_26)
FNDA:0,(anonymous_27)
FNDA:0,(anonymous_28)
FNDA:0,(anonymous_29)
DA:6,0
DA:7,0
DA:8,0
DA:9,0
DA:37,0
DA:52,0
DA:53,0
DA:54,0
DA:55,0
DA:57,0
DA:60,0
DA:61,0
DA:62,0
DA:63,0
DA:64,0
DA:66,0
DA:69,0
DA:72,0
DA:73,0
DA:74,0
DA:77,0
DA:78,0
DA:81,0
DA:84,0
DA:85,0
DA:86,0
DA:90,0
DA:91,0
DA:92,0
DA:93,0
DA:97,0
DA:99,0
DA:101,0
DA:108,0
DA:109,0
DA:112,0
DA:115,0
DA:116,0
DA:117,0
DA:119,0
DA:127,0
DA:129,0
DA:130,0
DA:136,0
DA:146,0
DA:154,0
DA:157,0
DA:158,0
DA:163,0
DA:171,0
DA:172,0
DA:174,0
DA:175,0
DA:176,0
DA:178,0
DA:179,0
DA:184,0
DA:187,0
DA:194,0
DA:196,0
DA:197,0
DA:200,0
DA:201,0
DA:202,0
DA:205,0
DA:208,0
DA:209,0
DA:210,0
DA:211,0
DA:214,0
DA:215,0
DA:216,0
DA:217,0
DA:220,0
DA:221,0
DA:222,0
DA:223,0
DA:225,0
DA:226,0
DA:227,0
DA:231,0
DA:232,0
DA:233,0
DA:234,0
DA:235,0
DA:239,0
DA:240,0
DA:241,0
DA:242,0
DA:245,0
DA:248,0
DA:249,0
DA:252,0
DA:253,0
DA:255,0
DA:257,0
DA:259,0
DA:261,0
DA:265,0
DA:312,0
DA:363,0
LF:101
LH:0
BRDA:40,0,0,0
BRDA:48,1,0,0
BRDA:49,2,0,0
BRDA:50,3,0,0
BRDA:73,4,0,0
BRDA:73,4,1,0
BRDA:77,5,0,0
BRDA:77,5,1,0
BRDA:86,6,0,0
BRDA:86,6,1,0
BRDA:93,7,0,0
BRDA:93,7,1,0
BRDA:108,8,0,0
BRDA:108,8,1,0
BRDA:109,9,0,0
BRDA:109,9,1,0
BRDA:116,10,0,0
BRDA:116,10,1,0
BRDA:120,11,0,0
BRDA:120,11,1,0
BRDA:121,12,0,0
BRDA:121,12,1,0
BRDA:122,13,0,0
BRDA:122,13,1,0
BRDA:129,14,0,0
BRDA:129,14,1,0
BRDA:157,15,0,0
BRDA:157,15,1,0
BRDA:178,16,0,0
BRDA:178,16,1,0
BRDA:194,17,0,0
BRDA:194,17,1,0
BRDA:226,18,0,0
BRDA:226,18,1,0
BRDA:234,19,0,0
BRDA:234,19,1,0
BRDA:241,20,0,0
BRDA:241,20,1,0
BRDA:241,21,0,0
BRDA:241,21,1,0
BRDA:253,22,0,0
BRDA:253,22,1,0
BRDA:253,22,2,0
BRDA:253,22,3,0
BRDA:269,23,0,0
BRDA:269,23,1,0
BRDA:269,24,0,0
BRDA:269,24,1,0
BRDA:274,25,0,0
BRDA:274,25,1,0
BRDA:283,26,0,0
BRDA:283,26,1,0
BRDA:301,27,0,0
BRDA:301,27,1,0
BRDA:328,28,0,0
BRDA:328,28,1,0
BRDA:337,29,0,0
BRDA:337,29,1,0
BRDA:343,30,0,0
BRDA:343,30,1,0
BRDA:343,30,2,0
BRDA:346,31,0,0
BRDA:346,31,1,0
BRDA:347,32,0,0
BRDA:347,32,1,0
BRDA:348,33,0,0
BRDA:348,33,1,0
BRF:67
BRH:0
end_of_record
TN:
SF:src/components/icons/administration.tsx
FNF:0
FNH:0
DA:2,20
DA:4,20
LF:2
LH:2
BRF:0
BRH:0
end_of_record
TN:
SF:src/components/icons/finance.tsx
FNF:0
FNH:0
DA:2,20
DA:4,20
LF:2
LH:2
BRF:0
BRH:0
end_of_record
TN:
SF:src/components/icons/gamification.tsx
FNF:0
FNH:0
DA:2,20
DA:4,20
LF:2
LH:2
BRF:0
BRH:0
end_of_record
TN:
SF:src/components/icons/index.tsx
FNF:0
FNH:0
DA:1,20
DA:2,20
DA:3,20
DA:4,20
DA:5,20
DA:6,20
DA:7,20
DA:8,20
DA:9,20
DA:10,20
DA:12,20
DA:27,20
DA:51,20
DA:62,20
DA:105,20
LF:15
LH:15
BRF:0
BRH:0
end_of_record
TN:
SF:src/components/icons/lucide.tsx
FN:2,(anonymous_0)
FN:2,(anonymous_1)
FN:2,(anonymous_2)
FN:2,(anonymous_3)
FN:2,(anonymous_4)
FN:2,(anonymous_5)
FN:2,(anonymous_6)
FN:2,(anonymous_7)
FN:2,(anonymous_8)
FN:3,(anonymous_9)
FN:3,(anonymous_10)
FN:3,(anonymous_11)
FN:3,(anonymous_12)
FN:3,(anonymous_13)
FN:3,(anonymous_14)
FN:3,(anonymous_15)
FN:3,(anonymous_16)
FN:3,(anonymous_17)
FN:4,(anonymous_18)
FN:4,(anonymous_19)
FN:4,(anonymous_20)
FN:4,(anonymous_21)
FN:4,(anonymous_22)
FN:4,(anonymous_23)
FN:4,(anonymous_24)
FN:4,(anonymous_25)
FN:4,(anonymous_26)
FN:5,(anonymous_27)
FN:5,(anonymous_28)
FN:5,(anonymous_29)
FN:5,(anonymous_30)
FN:5,(anonymous_31)
FN:5,(anonymous_32)
FN:5,(anonymous_33)
FN:6,(anonymous_34)
FN:6,(anonymous_35)
FN:6,(anonymous_36)
FN:6,(anonymous_37)
FN:6,(anonymous_38)
FN:6,(anonymous_39)
FN:6,(anonymous_40)
FN:6,(anonymous_41)
FN:7,(anonymous_42)
FN:7,(anonymous_43)
FN:7,(anonymous_44)
FN:7,(anonymous_45)
FN:7,(anonymous_46)
FN:7,(anonymous_47)
FN:7,(anonymous_48)
FN:7,(anonymous_49)
FN:7,(anonymous_50)
FN:8,(anonymous_51)
FN:8,(anonymous_52)
FN:8,(anonymous_53)
FN:8,(anonymous_54)
FN:8,(anonymous_55)
FN:8,(anonymous_56)
FN:8,(anonymous_57)
FN:8,(anonymous_58)
FN:8,(anonymous_59)
FN:9,(anonymous_60)
FN:9,(anonymous_61)
FN:9,(anonymous_62)
FN:9,(anonymous_63)
FN:9,(anonymous_64)
FN:9,(anonymous_65)
FN:9,(anonymous_66)
FN:9,(anonymous_67)
FN:10,(anonymous_68)
FN:10,(anonymous_69)
FN:10,(anonymous_70)
FN:10,(anonymous_71)
FN:10,(anonymous_72)
FN:10,(anonymous_73)
FN:10,(anonymous_74)
FN:10,(anonymous_75)
FN:10,(anonymous_76)
FN:11,(anonymous_77)
FN:11,(anonymous_78)
FN:11,(anonymous_79)
FN:11,(anonymous_80)
FN:11,(anonymous_81)
FN:11,(anonymous_82)
FN:11,(anonymous_83)
FN:12,(anonymous_84)
FN:12,(anonymous_85)
FN:12,(anonymous_86)
FN:12,(anonymous_87)
FN:12,(anonymous_88)
FN:12,(anonymous_89)
FN:12,(anonymous_90)
FN:12,(anonymous_91)
FN:12,(anonymous_92)
FN:12,(anonymous_93)
FN:13,(anonymous_94)
FN:13,(anonymous_95)
FN:13,(anonymous_96)
FN:13,(anonymous_97)
FN:13,(anonymous_98)
FN:13,(anonymous_99)
FN:13,(anonymous_100)
FN:13,(anonymous_101)
FN:13,(anonymous_102)
FN:14,(anonymous_103)
FN:14,(anonymous_104)
FN:14,(anonymous_105)
FN:14,(anonymous_106)
FN:14,(anonymous_107)
FN:16,(anonymous_108)
FN:16,(anonymous_109)
FN:16,(anonymous_110)
FN:16,(anonymous_111)
FN:16,(anonymous_112)
FN:16,(anonymous_113)
FN:16,(anonymous_114)
FN:16,(anonymous_115)
FN:16,(anonymous_116)
FN:17,(anonymous_117)
FN:17,(anonymous_118)
FN:17,(anonymous_119)
FN:17,(anonymous_120)
FN:17,(anonymous_121)
FN:17,(anonymous_122)
FN:17,(anonymous_123)
FN:17,(anonymous_124)
FN:18,(anonymous_125)
FN:18,(anonymous_126)
FN:18,(anonymous_127)
FN:18,(anonymous_128)
FN:18,(anonymous_129)
FN:18,(anonymous_130)
FN:18,(anonymous_131)
FN:18,(anonymous_132)
FN:18,(anonymous_133)
FN:18,(anonymous_134)
FN:19,(anonymous_135)
FN:19,(anonymous_136)
FN:19,(anonymous_137)
FN:19,(anonymous_138)
FN:19,(anonymous_139)
FN:19,(anonymous_140)
FN:19,(anonymous_141)
FN:19,(anonymous_142)
FN:19,(anonymous_143)
FN:19,(anonymous_144)
FN:20,(anonymous_145)
FN:20,(anonymous_146)
FN:20,(anonymous_147)
FN:20,(anonymous_148)
FN:20,(anonymous_149)
FN:20,(anonymous_150)
FN:20,(anonymous_151)
FN:21,(anonymous_152)
FN:21,(anonymous_153)
FN:21,(anonymous_154)
FN:21,(anonymous_155)
FN:21,(anonymous_156)
FN:21,(anonymous_157)
FN:21,(anonymous_158)
FN:21,(anonymous_159)
FN:21,(anonymous_160)
FN:21,(anonymous_161)
FN:21,(anonymous_162)
FN:21,(anonymous_163)
FN:23,(anonymous_164)
FN:23,(anonymous_165)
FN:23,(anonymous_166)
FN:23,(anonymous_167)
FN:23,(anonymous_168)
FN:23,(anonymous_169)
FN:23,(anonymous_170)
FN:23,(anonymous_171)
FN:24,(anonymous_172)
FN:24,(anonymous_173)
FN:24,(anonymous_174)
FN:24,(anonymous_175)
FN:24,(anonymous_176)
FN:24,(anonymous_177)
FN:24,(anonymous_178)
FN:26,(anonymous_179)
FN:26,(anonymous_180)
FN:26,(anonymous_181)
FN:26,(anonymous_182)
FN:28,(anonymous_183)
FN:30,(anonymous_184)
FN:32,(anonymous_185)
FN:32,(anonymous_186)
FN:32,(anonymous_187)
FN:32,(anonymous_188)
FN:32,(anonymous_189)
FN:32,(anonymous_190)
FN:32,(anonymous_191)
FN:33,(anonymous_192)
FN:33,(anonymous_193)
FN:33,(anonymous_194)
FN:33,(anonymous_195)
FN:33,(anonymous_196)
FN:33,(anonymous_197)
FN:33,(anonymous_198)
FN:34,(anonymous_199)
FN:34,(anonymous_200)
FN:34,(anonymous_201)
FN:34,(anonymous_202)
FN:34,(anonymous_203)
FN:34,(anonymous_204)
FN:34,(anonymous_205)
FN:35,(anonymous_206)
FN:35,(anonymous_207)
FN:35,(anonymous_208)
FN:35,(anonymous_209)
FN:35,(anonymous_210)
FN:35,(anonymous_211)
FN:35,(anonymous_212)
FN:35,(anonymous_213)
FN:35,(anonymous_214)
FN:37,(anonymous_215)
FN:37,(anonymous_216)
FN:37,(anonymous_217)
FN:37,(anonymous_218)
FN:37,(anonymous_219)
FN:37,(anonymous_220)
FN:37,(anonymous_221)
FN:37,(anonymous_222)
FN:37,(anonymous_223)
FN:38,(anonymous_224)
FN:38,(anonymous_225)
FN:38,(anonymous_226)
FN:38,(anonymous_227)
FN:38,(anonymous_228)
FN:38,(anonymous_229)
FN:38,(anonymous_230)
FNF:231
FNH:227
FNDA:20,(anonymous_0)
FNDA:40,(anonymous_1)
FNDA:20,(anonymous_2)
FNDA:20,(anonymous_3)
FNDA:60,(anonymous_4)
FNDA:100,(anonymous_5)
FNDA:60,(anonymous_6)
FNDA:40,(anonymous_7)
FNDA:20,(anonymous_8)
FNDA:20,(anonymous_9)
FNDA:20,(anonymous_10)
FNDA:40,(anonymous_11)
FNDA:60,(anonymous_12)
FNDA:40,(anonymous_13)
FNDA:80,(anonymous_14)
FNDA:20,(anonymous_15)
FNDA:40,(anonymous_16)
FNDA:120,(anonymous_17)
FNDA:40,(anonymous_18)
FNDA:80,(anonymous_19)
FNDA:80,(anonymous_20)
FNDA:40,(anonymous_21)
FNDA:80,(anonymous_22)
FNDA:40,(anonymous_23)
FNDA:20,(anonymous_24)
FNDA:20,(anonymous_25)
FNDA:40,(anonymous_26)
FNDA:180,(anonymous_27)
FNDA:20,(anonymous_28)
FNDA:80,(anonymous_29)
FNDA:20,(anonymous_30)
FNDA:20,(anonymous_31)
FNDA:20,(anonymous_32)
FNDA:60,(anonymous_33)
FNDA:120,(anonymous_34)
FNDA:100,(anonymous_35)
FNDA:60,(anonymous_36)
FNDA:60,(anonymous_37)
FNDA:60,(anonymous_38)
FNDA:20,(anonymous_39)
FNDA:20,(anonymous_40)
FNDA:20,(anonymous_41)
FNDA:40,(anonymous_42)
FNDA:40,(anonymous_43)
FNDA:100,(anonymous_44)
FNDA:40,(anonymous_45)
FNDA:60,(anonymous_46)
FNDA:100,(anonymous_47)
FNDA:40,(anonymous_48)
FNDA:40,(anonymous_49)
FNDA:40,(anonymous_50)
FNDA:40,(anonymous_51)
FNDA:120,(anonymous_52)
FNDA:40,(anonymous_53)
FNDA:80,(anonymous_54)
FNDA:40,(anonymous_55)
FNDA:120,(anonymous_56)
FNDA:100,(anonymous_57)
FNDA:60,(anonymous_58)
FNDA:40,(anonymous_59)
FNDA:20,(anonymous_60)
FNDA:80,(anonymous_61)
FNDA:80,(anonymous_62)
FNDA:20,(anonymous_63)
FNDA:20,(anonymous_64)
FNDA:40,(anonymous_65)
FNDA:40,(anonymous_66)
FNDA:20,(anonymous_67)
FNDA:20,(anonymous_68)
FNDA:20,(anonymous_69)
FNDA:20,(anonymous_70)
FNDA:20,(anonymous_71)
FNDA:20,(anonymous_72)
FNDA:20,(anonymous_73)
FNDA:20,(anonymous_74)
FNDA:40,(anonymous_75)
FNDA:20,(anonymous_76)
FNDA:20,(anonymous_77)
FNDA:40,(anonymous_78)
FNDA:60,(anonymous_79)
FNDA:20,(anonymous_80)
FNDA:20,(anonymous_81)
FNDA:20,(anonymous_82)
FNDA:20,(anonymous_83)
FNDA:20,(anonymous_84)
FNDA:20,(anonymous_85)
FNDA:20,(anonymous_86)
FNDA:20,(anonymous_87)
FNDA:40,(anonymous_88)
FNDA:20,(anonymous_89)
FNDA:80,(anonymous_90)
FNDA:20,(anonymous_91)
FNDA:40,(anonymous_92)
FNDA:20,(anonymous_93)
FNDA:20,(anonymous_94)
FNDA:20,(anonymous_95)
FNDA:20,(anonymous_96)
FNDA:20,(anonymous_97)
FNDA:80,(anonymous_98)
FNDA:20,(anonymous_99)
FNDA:20,(anonymous_100)
FNDA:20,(anonymous_101)
FNDA:20,(anonymous_102)
FNDA:20,(anonymous_103)
FNDA:20,(anonymous_104)
FNDA:20,(anonymous_105)
FNDA:20,(anonymous_106)
FNDA:20,(anonymous_107)
FNDA:20,(anonymous_108)
FNDA:20,(anonymous_109)
FNDA:20,(anonymous_110)
FNDA:20,(anonymous_111)
FNDA:60,(anonymous_112)
FNDA:20,(anonymous_113)
FNDA:60,(anonymous_114)
FNDA:80,(anonymous_115)
FNDA:20,(anonymous_116)
FNDA:40,(anonymous_117)
FNDA:20,(anonymous_118)
FNDA:20,(anonymous_119)
FNDA:40,(anonymous_120)
FNDA:40,(anonymous_121)
FNDA:40,(anonymous_122)
FNDA:40,(anonymous_123)
FNDA:20,(anonymous_124)
FNDA:20,(anonymous_125)
FNDA:40,(anonymous_126)
FNDA:40,(anonymous_127)
FNDA:40,(anonymous_128)
FNDA:100,(anonymous_129)
FNDA:20,(anonymous_130)
FNDA:40,(anonymous_131)
FNDA:20,(anonymous_132)
FNDA:20,(anonymous_133)
FNDA:0,(anonymous_134)
FNDA:20,(anonymous_135)
FNDA:40,(anonymous_136)
FNDA:20,(anonymous_137)
FNDA:20,(anonymous_138)
FNDA:40,(anonymous_139)
FNDA:20,(anonymous_140)
FNDA:40,(anonymous_141)
FNDA:20,(anonymous_142)
FNDA:20,(anonymous_143)
FNDA:40,(anonymous_144)
FNDA:60,(anonymous_145)
FNDA:20,(anonymous_146)
FNDA:80,(anonymous_147)
FNDA:40,(anonymous_148)
FNDA:40,(anonymous_149)
FNDA:0,(anonymous_150)
FNDA:0,(anonymous_151)
FNDA:20,(anonymous_152)
FNDA:20,(anonymous_153)
FNDA:20,(anonymous_154)
FNDA:20,(anonymous_155)
FNDA:40,(anonymous_156)
FNDA:20,(anonymous_157)
FNDA:20,(anonymous_158)
FNDA:20,(anonymous_159)
FNDA:0,(anonymous_160)
FNDA:20,(anonymous_161)
FNDA:40,(anonymous_162)
FNDA:20,(anonymous_163)
FNDA:40,(anonymous_164)
FNDA:40,(anonymous_165)
FNDA:20,(anonymous_166)
FNDA:20,(anonymous_167)
FNDA:20,(anonymous_168)
FNDA:60,(anonymous_169)
FNDA:20,(anonymous_170)
FNDA:60,(anonymous_171)
FNDA:20,(anonymous_172)
FNDA:20,(anonymous_173)
FNDA:20,(anonymous_174)
FNDA:20,(anonymous_175)
FNDA:20,(anonymous_176)
FNDA:20,(anonymous_177)
FNDA:20,(anonymous_178)
FNDA:20,(anonymous_179)
FNDA:40,(anonymous_180)
FNDA:20,(anonymous_181)
FNDA:60,(anonymous_182)
FNDA:40,(anonymous_183)
FNDA:20,(anonymous_184)
FNDA:40,(anonymous_185)
FNDA:40,(anonymous_186)
FNDA:20,(anonymous_187)
FNDA:40,(anonymous_188)
FNDA:20,(anonymous_189)
FNDA:20,(anonymous_190)
FNDA:60,(anonymous_191)
FNDA:20,(anonymous_192)
FNDA:20,(anonymous_193)
FNDA:20,(anonymous_194)
FNDA:20,(anonymous_195)
FNDA:20,(anonymous_196)
FNDA:20,(anonymous_197)
FNDA:20,(anonymous_198)
FNDA:20,(anonymous_199)
FNDA:20,(anonymous_200)
FNDA:20,(anonymous_201)
FNDA:20,(anonymous_202)
FNDA:20,(anonymous_203)
FNDA:20,(anonymous_204)
FNDA:20,(anonymous_205)
FNDA:20,(anonymous_206)
FNDA:20,(anonymous_207)
FNDA:20,(anonymous_208)
FNDA:20,(anonymous_209)
FNDA:20,(anonymous_210)
FNDA:20,(anonymous_211)
FNDA:20,(anonymous_212)
FNDA:20,(anonymous_213)
FNDA:20,(anonymous_214)
FNDA:20,(anonymous_215)
FNDA:20,(anonymous_216)
FNDA:20,(anonymous_217)
FNDA:20,(anonymous_218)
FNDA:20,(anonymous_219)
FNDA:40,(anonymous_220)
FNDA:20,(anonymous_221)
FNDA:20,(anonymous_222)
FNDA:20,(anonymous_223)
FNDA:20,(anonymous_224)
FNDA:20,(anonymous_225)
FNDA:20,(anonymous_226)
FNDA:40,(anonymous_227)
FNDA:20,(anonymous_228)
FNDA:40,(anonymous_229)
FNDA:20,(anonymous_230)
DA:1,20
DA:2,120
DA:3,140
DA:4,100
DA:5,200
DA:6,140
DA:7,120
DA:8,140
DA:9,100
DA:10,60
DA:11,80
DA:12,100
DA:13,100
DA:14,40
DA:16,100
DA:17,60
DA:18,120
DA:19,60
DA:20,100
DA:21,60
DA:23,80
DA:24,40
DA:26,80
DA:28,60
DA:30,40
DA:32,80
DA:33,40
DA:34,40
DA:35,40
DA:37,60
DA:38,60
LF:31
LH:31
BRF:0
BRH:0
end_of_record
TN:
SF:src/components/icons/marketing.tsx
FNF:0
FNH:0
DA:2,20
DA:4,20
LF:2
LH:2
BRF:0
BRH:0
end_of_record
TN:
SF:src/components/icons/parent.tsx
FNF:0
FNH:0
DA:2,20
DA:4,20
LF:2
LH:2
BRF:0
BRH:0
end_of_record
TN:
SF:src/components/icons/school.tsx
FNF:0
FNH:0
DA:2,20
DA:4,20
LF:2
LH:2
BRF:0
BRH:0
end_of_record
TN:
SF:src/components/icons/shared.tsx
FNF:0
FNH:0
DA:1,20
DA:3,20
LF:2
LH:2
BRF:0
BRH:0
end_of_record
TN:
SF:src/components/icons/student.tsx
FNF:0
FNH:0
DA:2,20
DA:4,20
LF:2
LH:2
BRF:0
BRH:0
end_of_record
TN:
SF:src/components/icons/teacher.tsx
FNF:0
FNH:0
DA:2,20
DA:4,20
LF:2
LH:2
BRF:0
BRH:0
end_of_record
TN:
SF:src/components/layout/BottomDock.tsx
FN:11,(anonymous_10)
FN:25,(anonymous_11)
FN:26,(anonymous_12)
FN:27,(anonymous_13)
FN:31,(anonymous_14)
FN:31,(anonymous_15)
FN:32,(anonymous_16)
FN:66,(anonymous_17)
FN:72,(anonymous_18)
FN:79,(anonymous_19)
FNF:10
FNH:0
FNDA:0,(anonymous_10)
FNDA:0,(anonymous_11)
FNDA:0,(anonymous_12)
FNDA:0,(anonymous_13)
FNDA:0,(anonymous_14)
FNDA:0,(anonymous_15)
FNDA:0,(anonymous_16)
FNDA:0,(anonymous_17)
FNDA:0,(anonymous_18)
FNDA:0,(anonymous_19)
DA:3,0
DA:4,0
DA:5,0
DA:6,0
DA:7,0
DA:8,0
DA:11,0
DA:12,0
DA:23,0
DA:25,0
DA:26,0
DA:27,0
DA:30,0
DA:31,0
DA:32,0
DA:34,0
DA:36,0
DA:43,0
DA:67,0
DA:68,0
DA:72,0
DA:80,0
DA:97,0
LF:23
LH:0
BRDA:32,0,0,0
BRDA:32,0,1,0
BRDA:51,1,0,0
BRDA:51,1,1,0
BRDA:58,2,0,0
BRDA:58,2,1,0
BRDA:87,3,0,0
BRDA:87,3,1,0
BRF:8
BRH:0
end_of_record
TN:
SF:src/components/layout/ContextualSidebar.tsx
FN:9,(anonymous_1)
FN:12,(anonymous_2)
FN:28,(anonymous_3)
FN:33,(anonymous_4)
FNF:4
FNH:0
FNDA:0,(anonymous_1)
FNDA:0,(anonymous_2)
FNDA:0,(anonymous_3)
FNDA:0,(anonymous_4)
DA:2,0
DA:3,0
DA:4,0
DA:5,0
DA:6,0
DA:7,0
DA:9,0
DA:10,0
DA:12,0
DA:13,0
DA:14,0
DA:17,0
DA:29,0
DA:30,0
DA:33,0
DA:53,0
LF:16
LH:0
BRDA:23,0,0,0
BRDA:23,0,1,0
BRF:2
BRH:0
end_of_record
TN:
SF:src/components/layout/GlobalHeader.tsx
FN:10,(anonymous_1)
FN:12,(anonymous_2)
FN:13,(anonymous_3)
FNF:3
FNH:0
FNDA:0,(anonymous_1)
FNDA:0,(anonymous_2)
FNDA:0,(anonymous_3)
DA:2,0
DA:3,0
DA:4,0
DA:5,0
DA:6,0
DA:7,0
DA:8,0
DA:10,0
DA:11,0
DA:12,0
DA:13,0
DA:15,0
DA:44,0
LF:13
LH:0
BRDA:19,0,0,0
BRDA:19,0,1,0
BRDA:33,1,0,0
BRDA:33,1,1,0
BRF:4
BRH:0
end_of_record
TN:
SF:src/components/layout/MainNavigationSidebar.tsx
FN:22,(anonymous_1)
FN:35,(anonymous_2)
FN:43,(anonymous_3)
FNF:3
FNH:0
FNDA:0,(anonymous_1)
FNDA:0,(anonymous_2)
FNDA:0,(anonymous_3)
DA:2,0
DA:3,0
DA:4,0
DA:5,0
DA:6,0
DA:7,0
DA:8,0
DA:11,0
DA:22,0
DA:23,0
DA:25,0
DA:36,0
DA:37,0
DA:38,0
DA:40,0
DA:43,0
DA:74,0
LF:17
LH:0
BRDA:31,0,0,0
BRDA:31,0,1,0
BRDA:38,1,0,0
BRDA:38,1,1,0
BRDA:51,2,0,0
BRDA:51,2,1,0
BRF:6
BRH:0
end_of_record
TN:
SF:src/components/modules/AnalyticsModule.tsx
FN:67,(anonymous_10)
FN:71,(anonymous_11)
FN:76,(anonymous_12)
FN:78,(anonymous_13)
FN:79,(anonymous_14)
FN:86,(anonymous_15)
FN:89,(anonymous_16)
FN:101,(anonymous_17)
FN:106,(anonymous_18)
FNF:9
FNH:0
FNDA:0,(anonymous_10)
FNDA:0,(anonymous_11)
FNDA:0,(anonymous_12)
FNDA:0,(anonymous_13)
FNDA:0,(anonymous_14)
FNDA:0,(anonymous_15)
FNDA:0,(anonymous_16)
FNDA:0,(anonymous_17)
FNDA:0,(anonymous_18)
DA:3,1
DA:4,1
DA:5,1
DA:6,1
DA:9,1
DA:10,1
DA:11,1
DA:12,1
DA:13,1
DA:14,1
DA:15,1
DA:16,1
DA:17,1
DA:19,1
DA:20,1
DA:21,1
DA:23,1
DA:24,1
DA:25,1
DA:37,1
DA:61,1
DA:67,1
DA:68,0
DA:69,0
DA:71,0
DA:72,0
DA:73,0
DA:76,0
DA:78,0
DA:79,0
DA:82,0
DA:87,0
DA:89,0
DA:102,0
DA:103,0
DA:106,0
DA:135,1
LF:37
LH:23
BRDA:79,0,0,0
BRDA:79,0,1,0
BRDA:90,1,0,0
BRDA:90,1,1,0
BRDA:107,2,0,0
BRDA:107,2,1,0
BRDA:122,3,0,0
BRDA:122,3,1,0
BRF:8
BRH:0
end_of_record
TN:
SF:src/components/modules/CRMModule.tsx
FN:17,(anonymous_10)
FN:94,(anonymous_11)
FN:116,(anonymous_12)
FN:123,(anonymous_13)
FNF:4
FNH:0
FNDA:0,(anonymous_10)
FNDA:0,(anonymous_11)
FNDA:0,(anonymous_12)
FNDA:0,(anonymous_13)
DA:1,0
DA:2,0
DA:6,0
DA:7,0
DA:8,0
DA:9,0
DA:10,0
DA:11,0
DA:12,0
DA:13,0
DA:14,0
DA:15,0
DA:17,0
DA:18,0
DA:21,0
DA:94,0
DA:95,0
DA:98,0
DA:99,0
DA:100,0
DA:102,0
DA:117,0
DA:118,0
DA:120,0
DA:123,0
DA:155,0
LF:26
LH:0
BRDA:125,0,0,0
BRDA:125,0,1,0
BRDA:130,1,0,0
BRDA:130,1,1,0
BRDA:140,2,0,0
BRDA:140,2,1,0
BRDA:141,3,0,0
BRDA:141,3,1,0
BRDA:142,4,0,0
BRDA:142,4,1,0
BRDA:143,5,0,0
BRDA:143,5,1,0
BRDA:144,6,0,0
BRDA:144,6,1,0
BRDA:145,7,0,0
BRDA:145,7,1,0
BRDA:146,8,0,0
BRDA:146,8,1,0
BRDA:147,9,0,0
BRDA:147,9,1,0
BRDA:148,10,0,0
BRDA:148,10,1,0
BRDA:149,11,0,0
BRDA:149,11,1,0
BRF:24
BRH:0
end_of_record
TN:
SF:src/components/modules/CommunicationsModule.tsx
FN:24,(anonymous_10)
FN:26,(anonymous_11)
FN:38,(anonymous_12)
FN:59,(anonymous_13)
FN:62,(anonymous_14)
FNF:5
FNH:0
FNDA:0,(anonymous_10)
FNDA:0,(anonymous_11)
FNDA:0,(anonymous_12)
FNDA:0,(anonymous_13)
FNDA:0,(anonymous_14)
DA:2,0
DA:3,0
DA:4,0
DA:5,0
DA:7,0
DA:15,0
DA:24,0
DA:25,0
DA:26,0
DA:28,0
DA:39,0
DA:60,0
DA:62,0
DA:107,0
LF:14
LH:0
BRDA:42,0,0,0
BRDA:42,0,1,0
BRDA:48,1,0,0
BRDA:48,1,1,0
BRDA:49,2,0,0
BRDA:49,2,1,0
BRDA:63,3,0,0
BRDA:63,3,1,0
BRDA:69,4,0,0
BRDA:69,4,1,0
BRDA:70,5,0,0
BRDA:70,5,1,0
BRDA:76,6,0,0
BRDA:76,6,1,0
BRF:14
BRH:0
end_of_record
TN:
SF:src/components/modules/ConciergeAIModule.tsx
FN:65,(anonymous_10)
FN:69,(anonymous_11)
FN:74,(anonymous_12)
FN:76,(anonymous_13)
FN:77,(anonymous_14)
FN:84,(anonymous_15)
FN:87,(anonymous_16)
FN:99,(anonymous_17)
FN:104,(anonymous_18)
FNF:9
FNH:0
FNDA:0,(anonymous_10)
FNDA:0,(anonymous_11)
FNDA:0,(anonymous_12)
FNDA:0,(anonymous_13)
FNDA:0,(anonymous_14)
FNDA:0,(anonymous_15)
FNDA:0,(anonymous_16)
FNDA:0,(anonymous_17)
FNDA:0,(anonymous_18)
DA:3,1
DA:4,1
DA:5,1
DA:6,1
DA:7,1
DA:10,1
DA:11,1
DA:12,1
DA:13,1
DA:14,1
DA:15,1
DA:16,1
DA:17,1
DA:20,1
DA:21,1
DA:22,1
DA:23,1
DA:35,1
DA:58,1
DA:65,1
DA:66,0
DA:67,0
DA:69,0
DA:70,0
DA:71,0
DA:74,0
DA:76,0
DA:77,0
DA:80,0
DA:85,0
DA:87,0
DA:100,0
DA:101,0
DA:104,0
DA:133,1
LF:35
LH:21
BRDA:77,0,0,0
BRDA:77,0,1,0
BRDA:88,1,0,0
BRDA:88,1,1,0
BRDA:105,2,0,0
BRDA:105,2,1,0
BRDA:120,3,0,0
BRDA:120,3,1,0
BRF:8
BRH:0
end_of_record
TN:
SF:src/components/modules/DashboardModule.tsx
FN:28,(anonymous_10)
FN:32,(anonymous_11)
FN:36,(anonymous_12)
FNF:3
FNH:0
FNDA:0,(anonymous_10)
FNDA:0,(anonymous_11)
FNDA:0,(anonymous_12)
DA:2,1
DA:3,1
DA:4,1
DA:5,1
DA:6,1
DA:7,1
DA:28,1
DA:29,0
DA:30,0
DA:32,0
DA:33,0
DA:36,0
DA:37,0
DA:38,0
DA:40,0
DA:41,0
DA:42,0
DA:45,0
DA:67,0
DA:70,0
DA:93,0
DA:95,0
DA:117,0
DA:121,0
DA:122,0
DA:128,0
DA:247,1
LF:27
LH:8
BRDA:41,0,0,0
BRDA:41,0,1,0
BRDA:47,1,0,0
BRDA:47,1,1,0
BRDA:50,2,0,0
BRDA:50,2,1,0
BRDA:121,3,0,0
BRDA:121,3,1,0
BRDA:121,4,0,0
BRDA:121,4,1,0
BRDA:147,5,0,0
BRDA:147,5,1,0
BRDA:148,6,0,0
BRDA:148,6,1,0
BRDA:154,7,0,0
BRDA:154,7,1,0
BRDA:155,8,0,0
BRDA:155,8,1,0
BRDA:161,9,0,0
BRDA:161,9,1,0
BRDA:162,10,0,0
BRDA:162,10,1,0
BRDA:168,11,0,0
BRDA:168,11,1,0
BRDA:169,12,0,0
BRDA:169,12,1,0
BRF:26
BRH:0
end_of_record
TN:
SF:src/components/modules/KnowledgeBaseModule.tsx
FN:67,(anonymous_10)
FN:71,(anonymous_11)
FN:76,(anonymous_12)
FN:78,(anonymous_13)
FN:79,(anonymous_14)
FN:86,(anonymous_15)
FN:89,(anonymous_16)
FN:101,(anonymous_17)
FN:106,(anonymous_18)
FNF:9
FNH:0
FNDA:0,(anonymous_10)
FNDA:0,(anonymous_11)
FNDA:0,(anonymous_12)
FNDA:0,(anonymous_13)
FNDA:0,(anonymous_14)
FNDA:0,(anonymous_15)
FNDA:0,(anonymous_16)
FNDA:0,(anonymous_17)
FNDA:0,(anonymous_18)
DA:3,0
DA:4,0
DA:5,0
DA:6,0
DA:7,0
DA:10,0
DA:11,0
DA:12,0
DA:13,0
DA:14,0
DA:15,0
DA:17,0
DA:18,0
DA:20,0
DA:21,0
DA:23,0
DA:24,0
DA:25,0
DA:36,0
DA:60,0
DA:67,0
DA:68,0
DA:69,0
DA:71,0
DA:72,0
DA:73,0
DA:76,0
DA:78,0
DA:79,0
DA:82,0
DA:87,0
DA:89,0
DA:102,0
DA:103,0
DA:106,0
DA:135,0
LF:36
LH:0
BRDA:79,0,0,0
BRDA:79,0,1,0
BRDA:90,1,0,0
BRDA:90,1,1,0
BRDA:107,2,0,0
BRDA:107,2,1,0
BRDA:122,3,0,0
BRDA:122,3,1,0
BRF:8
BRH:0
end_of_record
TN:
SF:src/components/modules/MarketplaceModule.tsx
FN:76,(anonymous_10)
FN:80,(anonymous_11)
FN:85,(anonymous_12)
FN:87,(anonymous_13)
FN:88,(anonymous_14)
FN:94,(anonymous_15)
FN:97,(anonymous_16)
FN:108,(anonymous_17)
FN:113,(anonymous_18)
FNF:9
FNH:0
FNDA:0,(anonymous_10)
FNDA:0,(anonymous_11)
FNDA:0,(anonymous_12)
FNDA:0,(anonymous_13)
FNDA:0,(anonymous_14)
FNDA:0,(anonymous_15)
FNDA:0,(anonymous_16)
FNDA:0,(anonymous_17)
FNDA:0,(anonymous_18)
DA:3,0
DA:4,0
DA:5,0
DA:6,0
DA:7,0
DA:10,0
DA:11,0
DA:12,0
DA:13,0
DA:14,0
DA:16,0
DA:17,0
DA:19,0
DA:20,0
DA:21,0
DA:23,0
DA:24,0
DA:26,0
DA:27,0
DA:28,0
DA:40,0
DA:68,0
DA:76,0
DA:77,0
DA:78,0
DA:80,0
DA:81,0
DA:82,0
DA:85,0
DA:87,0
DA:88,0
DA:91,0
DA:95,0
DA:97,0
DA:109,0
DA:110,0
DA:113,0
DA:141,0
LF:38
LH:0
BRDA:88,0,0,0
BRDA:88,0,1,0
BRDA:98,1,0,0
BRDA:98,1,1,0
BRDA:114,2,0,0
BRDA:114,2,1,0
BRDA:128,3,0,0
BRDA:128,3,1,0
BRF:8
BRH:0
end_of_record
TN:
SF:src/components/modules/PlaceholderModule.tsx
FN:10,(anonymous_1)
FNF:1
FNH:0
FNDA:0,(anonymous_1)
DA:1,0
DA:2,0
DA:3,0
DA:10,0
DA:11,0
DA:24,0
LF:6
LH:0
BRF:0
BRH:0
end_of_record
TN:
SF:src/components/modules/SchoolHubModule.tsx
FN:9,(anonymous_10)
FN:13,(anonymous_11)
FN:18,(anonymous_12)
FN:20,(anonymous_13)
FN:21,(anonymous_14)
FN:28,(anonymous_15)
FN:31,(anonymous_16)
FN:43,(anonymous_17)
FN:48,(anonymous_18)
FNF:9
FNH:0
FNDA:0,(anonymous_10)
FNDA:0,(anonymous_11)
FNDA:0,(anonymous_12)
FNDA:0,(anonymous_13)
FNDA:0,(anonymous_14)
FNDA:0,(anonymous_15)
FNDA:0,(anonymous_16)
FNDA:0,(anonymous_17)
FNDA:0,(anonymous_18)
DA:2,0
DA:4,0
DA:5,0
DA:6,0
DA:7,0
DA:9,0
DA:10,0
DA:11,0
DA:13,0
DA:14,0
DA:15,0
DA:18,0
DA:20,0
DA:21,0
DA:24,0
DA:29,0
DA:31,0
DA:44,0
DA:45,0
DA:48,0
DA:77,0
LF:21
LH:0
BRDA:21,0,0,0
BRDA:21,0,1,0
BRDA:32,1,0,0
BRDA:32,1,1,0
BRDA:49,2,0,0
BRDA:49,2,1,0
BRDA:64,3,0,0
BRDA:64,3,1,0
BRF:8
BRH:0
end_of_record
TN:
SF:src/components/modules/SystemSettingsModule.tsx
FN:82,(anonymous_10)
FN:86,(anonymous_11)
FN:91,(anonymous_12)
FN:93,(anonymous_13)
FN:94,(anonymous_14)
FN:101,(anonymous_15)
FN:104,(anonymous_16)
FN:116,(anonymous_17)
FN:121,(anonymous_18)
FNF:9
FNH:0
FNDA:0,(anonymous_10)
FNDA:0,(anonymous_11)
FNDA:0,(anonymous_12)
FNDA:0,(anonymous_13)
FNDA:0,(anonymous_14)
FNDA:0,(anonymous_15)
FNDA:0,(anonymous_16)
FNDA:0,(anonymous_17)
FNDA:0,(anonymous_18)
DA:2,0
DA:3,0
DA:4,0
DA:5,0
DA:6,0
DA:9,0
DA:10,0
DA:11,0
DA:12,0
DA:13,0
DA:14,0
DA:15,0
DA:16,0
DA:17,0
DA:18,0
DA:19,0
DA:20,0
DA:21,0
DA:22,0
DA:23,0
DA:24,0
DA:25,0
DA:26,0
DA:27,0
DA:39,0
DA:73,0
DA:82,0
DA:83,0
DA:84,0
DA:86,0
DA:87,0
DA:88,0
DA:91,0
DA:93,0
DA:94,0
DA:97,0
DA:102,0
DA:104,0
DA:117,0
DA:118,0
DA:121,0
DA:150,0
LF:42
LH:0
BRDA:94,0,0,0
BRDA:94,0,1,0
BRDA:105,1,0,0
BRDA:105,1,1,0
BRDA:122,2,0,0
BRDA:122,2,1,0
BRDA:137,3,0,0
BRDA:137,3,1,0
BRF:8
BRH:0
end_of_record
TN:
SF:src/components/modules/analytics/finance/ExpensesByCategory.tsx
FN:14,(anonymous_1)
FN:33,(anonymous_2)
FN:48,(anonymous_3)
FNF:3
FNH:0
FNDA:0,(anonymous_1)
FNDA:0,(anonymous_2)
FNDA:0,(anonymous_3)
DA:1,1
DA:2,1
DA:3,1
DA:4,1
DA:6,1
DA:14,1
DA:15,0
DA:34,0
DA:49,0
DA:66,1
LF:10
LH:7
BRF:0
BRH:0
end_of_record
TN:
SF:src/components/modules/analytics/finance/PnLStatement.tsx
FN:11,(anonymous_1)
FN:12,(anonymous_2)
FNF:2
FNH:0
FNDA:0,(anonymous_1)
FNDA:0,(anonymous_2)
DA:1,1
DA:2,1
DA:3,1
DA:4,1
DA:6,1
DA:11,1
DA:12,0
DA:13,0
DA:14,0
DA:15,0
DA:16,0
DA:19,0
DA:20,0
DA:22,0
DA:60,1
LF:15
LH:7
BRF:0
BRH:0
end_of_record
TN:
SF:src/components/modules/analytics/finance/RevenueSummary.tsx
FN:20,(anonymous_1)
FN:21,(anonymous_2)
FN:40,(anonymous_3)
FN:52,(anonymous_4)
FNF:4
FNH:0
FNDA:0,(anonymous_1)
FNDA:0,(anonymous_2)
FNDA:0,(anonymous_3)
FNDA:0,(anonymous_4)
DA:1,0
DA:2,0
DA:3,0
DA:4,0
DA:6,0
DA:13,0
DA:20,0
DA:21,0
DA:22,0
DA:40,0
DA:53,0
DA:68,0
LF:12
LH:0
BRF:0
BRH:0
end_of_record
TN:
SF:src/components/modules/analytics/marketing/CampaignPerformance.tsx
FN:13,(anonymous_1)
FN:35,(anonymous_2)
FNF:2
FNH:0
FNDA:0,(anonymous_1)
FNDA:0,(anonymous_2)
DA:1,0
DA:2,0
DA:3,0
DA:4,0
DA:6,0
DA:13,0
DA:14,0
DA:36,0
DA:52,0
LF:9
LH:0
BRF:0
BRH:0
end_of_record
TN:
SF:src/components/modules/analytics/marketing/SEOQueries.tsx
FN:13,(anonymous_1)
FN:29,(anonymous_2)
FNF:2
FNH:0
FNDA:0,(anonymous_1)
FNDA:0,(anonymous_2)
DA:1,1
DA:2,1
DA:3,1
DA:5,1
DA:13,1
DA:14,0
DA:30,0
DA:45,1
LF:8
LH:6
BRF:0
BRH:0
end_of_record
TN:
SF:src/components/modules/analytics/marketing/SocialOverview.tsx
FN:16,(anonymous_1)
FNF:1
FNH:0
FNDA:0,(anonymous_1)
DA:1,1
DA:2,1
DA:3,1
DA:4,1
DA:5,1
DA:7,1
DA:16,1
DA:17,0
DA:42,1
LF:9
LH:8
BRF:0
BRH:0
end_of_record
TN:
SF:src/components/modules/analytics/overview/AllTraffic.tsx
FN:15,(anonymous_9)
FN:20,(anonymous_10)
FN:24,(anonymous_11)
FN:213,(anonymous_12)
FNF:4
FNH:0
FNDA:0,(anonymous_9)
FNDA:0,(anonymous_10)
FNDA:0,(anonymous_11)
FNDA:0,(anonymous_12)
DA:1,2
DA:2,2
DA:3,2
DA:5,2
DA:15,2
DA:16,0
DA:17,0
DA:18,0
DA:20,0
DA:21,0
DA:24,0
DA:25,0
DA:26,0
DA:27,0
DA:30,0
DA:31,0
DA:32,0
DA:35,0
DA:56,0
DA:59,0
DA:81,0
DA:82,0
DA:85,0
DA:106,0
DA:110,0
DA:111,0
DA:120,0
DA:121,0
DA:137,0
DA:214,0
DA:234,2
LF:31
LH:6
BRDA:31,0,0,0
BRDA:31,0,1,0
BRDA:42,1,0,0
BRDA:42,1,1,0
BRDA:46,2,0,0
BRDA:46,2,1,0
BRDA:110,3,0,0
BRDA:110,3,1,0
BRDA:120,4,0,0
BRDA:120,4,1,0
BRDA:120,5,0,0
BRDA:120,5,1,0
BRDA:125,6,0,0
BRDA:125,6,1,0
BRDA:153,7,0,0
BRDA:153,7,1,0
BRDA:220,8,0,0
BRDA:220,8,1,0
BRDA:222,9,0,0
BRDA:222,9,1,0
BRF:20
BRH:0
end_of_record
TN:
SF:src/components/modules/analytics/overview/Behavior.tsx
FN:41,(anonymous_10)
FN:46,(anonymous_11)
FN:50,(anonymous_12)
FN:339,(anonymous_13)
FN:376,(anonymous_14)
FN:404,(anonymous_15)
FNF:6
FNH:0
FNDA:0,(anonymous_10)
FNDA:0,(anonymous_11)
FNDA:0,(anonymous_12)
FNDA:0,(anonymous_13)
FNDA:0,(anonymous_14)
FNDA:0,(anonymous_15)
DA:1,3
DA:2,3
DA:3,3
DA:4,3
DA:41,3
DA:42,0
DA:43,0
DA:44,0
DA:46,0
DA:47,0
DA:50,0
DA:51,0
DA:52,0
DA:53,0
DA:56,0
DA:57,0
DA:58,0
DA:61,0
DA:166,0
DA:169,0
DA:204,0
DA:205,0
DA:208,0
DA:233,0
DA:237,0
DA:238,0
DA:247,0
DA:248,0
DA:264,0
DA:340,0
DA:377,0
DA:405,0
DA:425,3
LF:33
LH:6
BRDA:57,0,0,0
BRDA:57,0,1,0
BRDA:74,1,0,0
BRDA:74,1,1,0
BRDA:237,2,0,0
BRDA:237,2,1,0
BRDA:247,3,0,0
BRDA:247,3,1,0
BRDA:247,4,0,0
BRDA:247,4,1,0
BRDA:252,5,0,0
BRDA:252,5,1,0
BRDA:280,6,0,0
BRDA:280,6,1,0
BRDA:291,7,0,0
BRDA:291,7,1,0
BRDA:298,8,0,0
BRDA:298,8,1,0
BRDA:305,9,0,0
BRDA:305,9,1,0
BRDA:344,10,0,0
BRDA:344,10,1,0
BRDA:345,11,0,0
BRDA:345,11,1,0
BRDA:346,12,0,0
BRDA:346,12,1,0
BRDA:347,13,0,0
BRDA:347,13,1,0
BRDA:381,14,0,0
BRDA:381,14,1,0
BRDA:382,15,0,0
BRDA:382,15,1,0
BRDA:383,16,0,0
BRDA:383,16,1,0
BRDA:384,17,0,0
BRDA:384,17,1,0
BRDA:411,18,0,0
BRDA:411,18,1,0
BRF:38
BRH:0
end_of_record
TN:
SF:src/components/modules/analytics/overview/Demographics.tsx
FN:15,(anonymous_9)
FN:20,(anonymous_10)
FN:24,(anonymous_11)
FN:151,(anonymous_12)
FN:165,(anonymous_13)
FN:171,(anonymous_14)
FNF:6
FNH:0
FNDA:0,(anonymous_9)
FNDA:0,(anonymous_10)
FNDA:0,(anonymous_11)
FNDA:0,(anonymous_12)
FNDA:0,(anonymous_13)
FNDA:0,(anonymous_14)
DA:1,3
DA:2,3
DA:3,3
DA:5,3
DA:15,3
DA:16,0
DA:17,0
DA:18,0
DA:20,0
DA:21,0
DA:24,0
DA:25,0
DA:26,0
DA:27,0
DA:30,0
DA:31,0
DA:32,0
DA:35,0
DA:58,0
DA:61,0
DA:85,0
DA:86,0
DA:89,0
DA:112,0
DA:116,0
DA:117,0
DA:126,0
DA:127,0
DA:143,0
DA:151,0
DA:165,0
DA:172,0
DA:183,3
LF:33
LH:6
BRDA:31,0,0,0
BRDA:31,0,1,0
BRDA:37,1,0,0
BRDA:37,1,1,0
BRDA:49,2,0,0
BRDA:49,2,1,0
BRDA:50,3,0,0
BRDA:50,3,1,0
BRDA:51,4,0,0
BRDA:51,4,1,0
BRDA:54,5,0,0
BRDA:54,5,1,0
BRDA:116,6,0,0
BRDA:116,6,1,0
BRDA:126,7,0,0
BRDA:126,7,1,0
BRDA:126,8,0,0
BRDA:126,8,1,0
BRDA:131,9,0,0
BRDA:131,9,1,0
BRF:20
BRH:0
end_of_record
TN:
SF:src/components/modules/analytics/overview/Events.tsx
FN:22,(anonymous_9)
FN:27,(anonymous_10)
FN:31,(anonymous_11)
FN:138,(anonymous_12)
FNF:4
FNH:0
FNDA:0,(anonymous_9)
FNDA:0,(anonymous_10)
FNDA:0,(anonymous_11)
FNDA:0,(anonymous_12)
DA:1,2
DA:2,2
DA:3,2
DA:5,2
DA:22,2
DA:23,0
DA:24,0
DA:25,0
DA:27,0
DA:28,0
DA:31,0
DA:32,0
DA:33,0
DA:34,0
DA:37,0
DA:38,0
DA:39,0
DA:42,0
DA:56,0
DA:59,0
DA:74,0
DA:75,0
DA:78,0
DA:92,0
DA:96,0
DA:97,0
DA:106,0
DA:107,0
DA:123,0
DA:139,0
DA:168,2
LF:31
LH:6
BRDA:38,0,0,0
BRDA:38,0,1,0
BRDA:44,1,0,0
BRDA:44,1,1,0
BRDA:45,2,0,0
BRDA:45,2,1,0
BRDA:47,3,0,0
BRDA:47,3,1,0
BRDA:96,4,0,0
BRDA:96,4,1,0
BRDA:106,5,0,0
BRDA:106,5,1,0
BRDA:106,6,0,0
BRDA:106,6,1,0
BRDA:111,7,0,0
BRDA:111,7,1,0
BRF:16
BRH:0
end_of_record
TN:
SF:src/components/modules/analytics/overview/Geo.tsx
FN:32,(anonymous_9)
FN:38,(anonymous_10)
FN:42,(anonymous_11)
FN:344,(anonymous_12)
FN:363,(anonymous_13)
FNF:5
FNH:0
FNDA:0,(anonymous_9)
FNDA:0,(anonymous_10)
FNDA:0,(anonymous_11)
FNDA:0,(anonymous_12)
FNDA:0,(anonymous_13)
DA:1,2
DA:2,2
DA:3,2
DA:4,2
DA:32,2
DA:33,0
DA:34,0
DA:35,0
DA:36,0
DA:38,0
DA:39,0
DA:42,0
DA:43,0
DA:44,0
DA:45,0
DA:48,0
DA:49,0
DA:50,0
DA:53,0
DA:247,0
DA:250,0
DA:285,0
DA:286,0
DA:289,0
DA:312,0
DA:316,0
DA:317,0
DA:326,0
DA:327,0
DA:344,0
DA:345,0
DA:346,0
DA:347,0
DA:348,0
DA:349,0
DA:352,0
DA:364,0
DA:390,2
LF:38
LH:6
BRDA:49,0,0,0
BRDA:49,0,1,0
BRDA:57,1,0,0
BRDA:57,1,1,0
BRDA:316,2,0,0
BRDA:316,2,1,0
BRDA:326,3,0,0
BRDA:326,3,1,0
BRDA:326,4,0,0
BRDA:326,4,1,0
BRDA:331,5,0,0
BRDA:331,5,1,0
BRDA:345,6,0,0
BRDA:345,6,1,0
BRDA:345,6,2,0
BRDA:345,6,3,0
BRF:16
BRH:0
end_of_record
TN:
SF:src/components/modules/analytics/overview/GoogleAds.tsx
FN:33,(anonymous_10)
FN:38,(anonymous_11)
FN:42,(anonymous_12)
FN:347,(anonymous_13)
FNF:4
FNH:0
FNDA:0,(anonymous_10)
FNDA:0,(anonymous_11)
FNDA:0,(anonymous_12)
FNDA:0,(anonymous_13)
DA:1,2
DA:2,2
DA:3,2
DA:4,2
DA:33,2
DA:34,0
DA:35,0
DA:36,0
DA:38,0
DA:39,0
DA:42,0
DA:43,0
DA:44,0
DA:45,0
DA:48,0
DA:49,0
DA:50,0
DA:53,0
DA:123,0
DA:126,0
DA:197,0
DA:198,0
DA:201,0
DA:238,0
DA:242,0
DA:243,0
DA:252,0
DA:253,0
DA:269,0
DA:348,0
DA:384,2
LF:31
LH:6
BRDA:49,0,0,0
BRDA:49,0,1,0
BRDA:68,1,0,0
BRDA:68,1,1,0
BRDA:242,2,0,0
BRDA:242,2,1,0
BRDA:252,3,0,0
BRDA:252,3,1,0
BRDA:252,4,0,0
BRDA:252,4,1,0
BRDA:257,5,0,0
BRDA:257,5,1,0
BRDA:285,6,0,0
BRDA:285,6,1,0
BRDA:296,7,0,0
BRDA:296,7,1,0
BRDA:303,8,0,0
BRDA:303,8,1,0
BRDA:310,9,0,0
BRDA:310,9,1,0
BRDA:317,10,0,0
BRDA:317,10,1,0
BRDA:352,11,0,0
BRDA:352,11,1,0
BRDA:353,12,0,0
BRDA:353,12,1,0
BRDA:361,13,0,0
BRDA:361,13,1,0
BRDA:362,14,0,0
BRDA:362,14,1,0
BRF:30
BRH:0
end_of_record
TN:
SF:src/components/modules/analytics/overview/LiveUsers.tsx
FN:8,(anonymous_9)
FN:13,(anonymous_10)
FN:17,(anonymous_11)
FN:21,(anonymous_12)
FN:24,(anonymous_13)
FN:106,(anonymous_14)
FN:138,(anonymous_15)
FNF:7
FNH:0
FNDA:0,(anonymous_9)
FNDA:0,(anonymous_10)
FNDA:0,(anonymous_11)
FNDA:0,(anonymous_12)
FNDA:0,(anonymous_13)
FNDA:0,(anonymous_14)
FNDA:0,(anonymous_15)
DA:1,2
DA:2,2
DA:3,2
DA:4,2
DA:5,2
DA:6,2
DA:8,2
DA:9,0
DA:10,0
DA:11,0
DA:13,0
DA:14,0
DA:17,0
DA:18,0
DA:21,0
DA:24,0
DA:25,0
DA:26,0
DA:27,0
DA:28,0
DA:29,0
DA:31,0
DA:32,0
DA:34,0
DA:38,0
DA:39,0
DA:48,0
DA:49,0
DA:66,0
DA:68,0
DA:107,0
DA:139,0
DA:154,2
LF:33
LH:8
BRDA:38,0,0,0
BRDA:38,0,1,0
BRDA:38,1,0,0
BRDA:38,1,1,0
BRDA:48,2,0,0
BRDA:48,2,1,0
BRDA:66,3,0,0
BRDA:66,3,1,0
BRDA:84,4,0,0
BRDA:84,4,1,0
BRF:10
BRH:0
end_of_record
TN:
SF:src/components/modules/analytics/overview/Referrals.tsx
FN:26,(anonymous_9)
FN:31,(anonymous_10)
FN:35,(anonymous_11)
FN:321,(anonymous_12)
FNF:4
FNH:0
FNDA:0,(anonymous_9)
FNDA:0,(anonymous_10)
FNDA:0,(anonymous_11)
FNDA:0,(anonymous_12)
DA:1,2
DA:2,2
DA:3,2
DA:26,2
DA:27,0
DA:28,0
DA:29,0
DA:31,0
DA:32,0
DA:35,0
DA:36,0
DA:37,0
DA:38,0
DA:41,0
DA:42,0
DA:43,0
DA:46,0
DA:136,0
DA:139,0
DA:190,0
DA:191,0
DA:194,0
DA:224,0
DA:228,0
DA:229,0
DA:238,0
DA:239,0
DA:255,0
DA:322,0
DA:356,2
LF:30
LH:5
BRDA:42,0,0,0
BRDA:42,0,1,0
BRDA:60,1,0,0
BRDA:60,1,1,0
BRDA:228,2,0,0
BRDA:228,2,1,0
BRDA:238,3,0,0
BRDA:238,3,1,0
BRDA:238,4,0,0
BRDA:238,4,1,0
BRDA:243,5,0,0
BRDA:243,5,1,0
BRDA:271,6,0,0
BRDA:271,6,1,0
BRDA:326,7,0,0
BRDA:326,7,1,0
BRDA:327,8,0,0
BRDA:327,8,1,0
BRDA:328,9,0,0
BRDA:328,9,1,0
BRDA:329,10,0,0
BRDA:329,10,1,0
BRDA:330,11,0,0
BRDA:330,11,1,0
BRDA:342,12,0,0
BRDA:342,12,1,0
BRDA:344,13,0,0
BRDA:344,13,1,0
BRF:28
BRH:0
end_of_record
TN:
SF:src/components/modules/analytics/overview/TrafficSources.tsx
FN:7,(anonymous_9)
FN:12,(anonymous_10)
FN:16,(anonymous_11)
FN:91,(anonymous_12)
FN:93,(anonymous_13)
FN:115,(anonymous_14)
FNF:6
FNH:0
FNDA:0,(anonymous_9)
FNDA:0,(anonymous_10)
FNDA:0,(anonymous_11)
FNDA:0,(anonymous_12)
FNDA:0,(anonymous_13)
FNDA:0,(anonymous_14)
DA:1,1
DA:2,1
DA:3,1
DA:4,1
DA:5,1
DA:7,1
DA:8,0
DA:9,0
DA:10,0
DA:12,0
DA:13,0
DA:16,0
DA:17,0
DA:18,0
DA:19,0
DA:20,0
DA:21,0
DA:23,0
DA:24,0
DA:26,0
DA:30,0
DA:31,0
DA:40,0
DA:41,0
DA:57,0
DA:91,0
DA:94,0
DA:116,0
DA:135,1
LF:29
LH:7
BRDA:30,0,0,0
BRDA:30,0,1,0
BRDA:40,1,0,0
BRDA:40,1,1,0
BRDA:40,2,0,0
BRDA:40,2,1,0
BRDA:45,3,0,0
BRDA:45,3,1,0
BRDA:73,4,0,0
BRDA:73,4,1,0
BRDA:120,5,0,0
BRDA:120,5,1,0
BRF:12
BRH:0
end_of_record
TN:
SF:src/components/modules/analytics/services/analyticsDataService.ts
FN:103,(anonymous_0)
FN:108,(anonymous_1)
FN:131,(anonymous_2)
FN:177,(anonymous_3)
FN:225,(anonymous_4)
FN:258,(anonymous_5)
FN:291,(anonymous_6)
FN:323,(anonymous_7)
FN:353,(anonymous_8)
FN:370,(anonymous_9)
FN:393,(anonymous_10)
FN:419,(anonymous_11)
FN:442,(anonymous_12)
FNF:13
FNH:1
FNDA:6,(anonymous_0)
FNDA:0,(anonymous_1)
FNDA:0,(anonymous_2)
FNDA:0,(anonymous_3)
FNDA:0,(anonymous_4)
FNDA:0,(anonymous_5)
FNDA:0,(anonymous_6)
FNDA:0,(anonymous_7)
FNDA:0,(anonymous_8)
FNDA:0,(anonymous_9)
FNDA:0,(anonymous_10)
FNDA:0,(anonymous_11)
FNDA:0,(anonymous_12)
DA:104,6
DA:105,6
DA:106,6
DA:109,0
DA:110,0
DA:112,0
DA:113,0
DA:116,0
DA:117,0
DA:118,0
DA:119,0
DA:122,0
DA:123,0
DA:124,0
DA:126,0
DA:127,0
DA:132,0
DA:133,0
DA:136,0
DA:139,0
DA:140,0
DA:141,0
DA:142,0
DA:143,0
DA:150,0
DA:157,0
DA:165,0
DA:173,0
DA:178,0
DA:179,0
DA:181,0
DA:212,0
DA:219,0
DA:221,0
DA:226,0
DA:227,0
DA:229,0
DA:231,0
DA:238,0
DA:244,0
DA:252,0
DA:254,0
DA:259,0
DA:260,0
DA:262,0
DA:274,0
DA:285,0
DA:287,0
DA:292,0
DA:293,0
DA:295,0
DA:302,0
DA:309,0
DA:316,0
DA:318,0
DA:324,0
DA:325,0
DA:326,0
DA:327,0
DA:328,0
DA:329,0
DA:335,0
DA:354,0
DA:371,0
DA:394,0
DA:420,0
DA:443,0
DA:447,6
LF:68
LH:4
BRDA:112,0,0,0
BRDA:112,0,1,0
BRDA:112,1,0,0
BRDA:112,1,1,0
BRDA:118,2,0,0
BRDA:118,2,1,0
BRDA:136,3,0,0
BRDA:136,3,1,0
BRDA:184,4,0,0
BRDA:184,4,1,0
BRDA:185,5,0,0
BRDA:185,5,1,0
BRDA:191,6,0,0
BRDA:191,6,1,0
BRDA:192,7,0,0
BRDA:192,7,1,0
BRDA:198,8,0,0
BRDA:198,8,1,0
BRDA:199,9,0,0
BRDA:199,9,1,0
BRDA:205,10,0,0
BRDA:205,10,1,0
BRDA:206,11,0,0
BRDA:206,11,1,0
BRDA:229,12,0,0
BRDA:229,12,1,0
BRF:26
BRH:0
end_of_record
TN:
SF:src/components/modules/concierge-ai/AdminPrompts.tsx
FN:6,(anonymous_1)
FNF:1
FNH:0
FNDA:0,(anonymous_1)
DA:2,2
DA:3,2
DA:4,2
DA:6,2
DA:7,0
DA:15,2
LF:6
LH:5
BRF:0
BRH:0
end_of_record
TN:
SF:src/components/modules/concierge-ai/AuraConcierge.tsx
FN:13,(anonymous_9)
FN:14,(anonymous_10)
FN:16,(anonymous_11)
FN:28,(anonymous_12)
FN:34,(anonymous_13)
FN:41,(anonymous_14)
FN:50,(anonymous_15)
FN:61,(anonymous_16)
FN:88,(anonymous_17)
FNF:9
FNH:0
FNDA:0,(anonymous_9)
FNDA:0,(anonymous_10)
FNDA:0,(anonymous_11)
FNDA:0,(anonymous_12)
FNDA:0,(anonymous_13)
FNDA:0,(anonymous_14)
FNDA:0,(anonymous_15)
FNDA:0,(anonymous_16)
FNDA:0,(anonymous_17)
DA:2,3
DA:3,3
DA:4,3
DA:5,3
DA:13,3
DA:14,3
DA:16,3
DA:17,0
DA:18,0
DA:28,3
DA:29,0
DA:30,0
DA:31,0
DA:32,0
DA:34,0
DA:36,0
DA:37,0
DA:41,0
DA:42,0
DA:44,0
DA:45,0
DA:46,0
DA:50,0
DA:51,0
DA:52,0
DA:53,0
DA:54,0
DA:55,0
DA:56,0
DA:61,0
DA:62,0
DA:63,0
DA:64,0
DA:68,0
DA:89,0
DA:121,3
LF:36
LH:9
BRDA:19,0,0,0
BRDA:19,0,1,0
BRDA:20,1,0,0
BRDA:20,1,1,0
BRDA:36,2,0,0
BRDA:36,2,1,0
BRDA:44,3,0,0
BRDA:44,3,1,0
BRDA:52,4,0,0
BRDA:52,4,1,0
BRDA:52,5,0,0
BRDA:52,5,1,0
BRDA:55,6,0,0
BRDA:55,6,1,0
BRDA:62,7,0,0
BRDA:62,7,1,0
BRDA:62,8,0,0
BRDA:62,8,1,0
BRDA:79,9,0,0
BRDA:79,9,1,0
BRDA:82,10,0,0
BRDA:82,10,1,0
BRDA:91,11,0,0
BRDA:91,11,1,0
BRDA:91,11,2,0
BRDA:112,12,0,0
BRDA:112,12,1,0
BRF:27
BRH:0
end_of_record
TN:
SF:src/components/modules/concierge-ai/ChatHistory.tsx
FN:6,(anonymous_1)
FNF:1
FNH:0
FNDA:0,(anonymous_1)
DA:2,1
DA:3,1
DA:4,1
DA:6,1
DA:7,0
DA:15,1
LF:6
LH:5
BRF:0
BRH:0
end_of_record
TN:
SF:src/components/modules/concierge-ai/ConciergeContentPlaceholder.tsx
FN:10,(anonymous_1)
FNF:1
FNH:0
FNDA:0,(anonymous_1)
DA:2,4
DA:3,4
DA:10,4
DA:11,0
DA:27,4
LF:5
LH:4
BRF:0
BRH:0
end_of_record
TN:
SF:src/components/modules/concierge-ai/ContentGenerator.tsx
FN:6,(anonymous_1)
FNF:1
FNH:0
FNDA:0,(anonymous_1)
DA:2,2
DA:3,2
DA:4,2
DA:6,2
DA:7,0
DA:15,2
LF:6
LH:5
BRF:0
BRH:0
end_of_record
TN:
SF:src/components/modules/concierge-ai/EducationPrompts.tsx
FN:6,(anonymous_1)
FNF:1
FNH:0
FNDA:0,(anonymous_1)
DA:2,2
DA:3,2
DA:4,2
DA:6,2
DA:7,0
DA:15,2
LF:6
LH:5
BRF:0
BRH:0
end_of_record
TN:
SF:src/components/modules/concierge-ai/EnhancedAuraConcierge.tsx
FN:14,(anonymous_9)
FN:39,(anonymous_10)
FN:46,(anonymous_11)
FN:52,(anonymous_12)
FN:61,(anonymous_13)
FN:68,(anonymous_14)
FN:72,(anonymous_15)
FN:118,(anonymous_16)
FN:147,(anonymous_17)
FN:166,(anonymous_18)
FN:170,(anonymous_19)
FN:186,(anonymous_20)
FN:219,(anonymous_21)
FNF:13
FNH:0
FNDA:0,(anonymous_9)
FNDA:0,(anonymous_10)
FNDA:0,(anonymous_11)
FNDA:0,(anonymous_12)
FNDA:0,(anonymous_13)
FNDA:0,(anonymous_14)
FNDA:0,(anonymous_15)
FNDA:0,(anonymous_16)
FNDA:0,(anonymous_17)
FNDA:0,(anonymous_18)
FNDA:0,(anonymous_19)
FNDA:0,(anonymous_20)
FNDA:0,(anonymous_21)
DA:1,0
DA:2,0
DA:3,0
DA:4,0
DA:5,0
DA:14,0
DA:23,0
DA:33,0
DA:34,0
DA:35,0
DA:36,0
DA:39,0
DA:40,0
DA:41,0
DA:46,0
DA:47,0
DA:48,0
DA:52,0
DA:53,0
DA:54,0
DA:56,0
DA:57,0
DA:58,0
DA:61,0
DA:62,0
DA:63,0
DA:64,0
DA:68,0
DA:69,0
DA:72,0
DA:73,0
DA:74,0
DA:75,0
DA:79,0
DA:106,0
DA:113,0
DA:114,0
DA:118,0
DA:128,0
DA:147,0
DA:167,0
DA:171,0
DA:172,0
DA:186,0
DA:219,0
DA:257,0
LF:46
LH:0
BRDA:40,0,0,0
BRDA:40,0,1,0
BRDA:47,1,0,0
BRDA:47,1,1,0
BRDA:47,2,0,0
BRDA:47,2,1,0
BRDA:54,3,0,0
BRDA:54,3,1,0
BRDA:54,4,0,0
BRDA:54,4,1,0
BRDA:54,4,2,0
BRDA:62,5,0,0
BRDA:62,5,1,0
BRDA:62,6,0,0
BRDA:62,6,1,0
BRDA:74,7,0,0
BRDA:74,7,1,0
BRDA:75,8,0,0
BRDA:75,8,1,0
BRDA:75,9,0,0
BRDA:75,9,1,0
BRDA:80,10,0,0
BRDA:80,10,1,0
BRDA:82,11,0,0
BRDA:82,11,1,0
BRDA:91,12,0,0
BRDA:91,12,1,0
BRDA:91,12,2,0
BRDA:97,13,0,0
BRDA:97,13,1,0
BRDA:97,13,2,0
BRDA:113,14,0,0
BRDA:113,14,1,0
BRDA:122,15,0,0
BRDA:122,15,1,0
BRDA:139,16,0,0
BRDA:139,16,1,0
BRDA:142,17,0,0
BRDA:142,17,1,0
BRDA:155,18,0,0
BRDA:155,18,1,0
BRDA:188,19,0,0
BRDA:188,19,1,0
BRDA:188,19,2,0
BRDA:200,20,0,0
BRDA:200,20,1,0
BRDA:221,21,0,0
BRDA:221,21,1,0
BRDA:227,22,0,0
BRDA:227,22,1,0
BRDA:227,22,2,0
BRDA:231,23,0,0
BRDA:231,23,1,0
BRDA:240,24,0,0
BRDA:240,24,1,0
BRF:55
BRH:0
end_of_record
TN:
SF:src/components/modules/concierge-ai/EnhancedAuraConciergeWrapper.tsx
FN:29,(anonymous_9)
FN:30,(anonymous_10)
FN:32,(anonymous_11)
FN:62,(anonymous_12)
FN:89,(anonymous_13)
FN:118,(anonymous_14)
FN:140,(anonymous_15)
FN:147,(anonymous_16)
FN:156,(anonymous_17)
FN:170,(anonymous_18)
FN:186,(anonymous_19)
FN:193,(anonymous_20)
FN:203,(anonymous_21)
FN:260,(anonymous_22)
FNF:14
FNH:0
FNDA:0,(anonymous_9)
FNDA:0,(anonymous_10)
FNDA:0,(anonymous_11)
FNDA:0,(anonymous_12)
FNDA:0,(anonymous_13)
FNDA:0,(anonymous_14)
FNDA:0,(anonymous_15)
FNDA:0,(anonymous_16)
FNDA:0,(anonymous_17)
FNDA:0,(anonymous_18)
FNDA:0,(anonymous_19)
FNDA:0,(anonymous_20)
FNDA:0,(anonymous_21)
FNDA:0,(anonymous_22)
DA:6,1
DA:7,1
DA:8,1
DA:9,1
DA:10,1
DA:11,1
DA:29,1
DA:30,1
DA:32,1
DA:33,0
DA:34,0
DA:36,0
DA:62,0
DA:90,0
DA:118,1
DA:119,0
DA:120,0
DA:123,0
DA:124,0
DA:126,0
DA:127,0
DA:128,0
DA:129,0
DA:130,0
DA:133,0
DA:136,0
DA:137,0
DA:138,0
DA:140,0
DA:142,0
DA:143,0
DA:147,0
DA:148,0
DA:150,0
DA:151,0
DA:152,0
DA:156,0
DA:157,0
DA:158,0
DA:160,0
DA:161,0
DA:163,0
DA:164,0
DA:167,0
DA:169,0
DA:170,0
DA:171,0
DA:173,0
DA:174,0
DA:179,0
DA:186,0
DA:188,0
DA:189,0
DA:193,0
DA:195,0
DA:199,0
DA:203,0
DA:204,0
DA:205,0
DA:206,0
DA:210,0
DA:261,0
DA:305,1
LF:63
LH:11
BRDA:37,0,0,0
BRDA:37,0,1,0
BRDA:38,1,0,0
BRDA:38,1,1,0
BRDA:43,2,0,0
BRDA:43,2,1,0
BRDA:43,2,2,0
BRDA:52,3,0,0
BRDA:52,3,1,0
BRDA:60,4,0,0
BRDA:60,4,1,0
BRDA:80,5,0,0
BRDA:80,5,1,0
BRDA:80,5,2,0
BRDA:80,5,3,0
BRDA:102,6,0,0
BRDA:102,6,1,0
BRDA:104,7,0,0
BRDA:104,7,1,0
BRDA:105,8,0,0
BRDA:105,8,1,0
BRDA:106,9,0,0
BRDA:106,9,1,0
BRDA:133,10,0,0
BRDA:133,10,1,0
BRDA:136,11,0,0
BRDA:136,11,1,0
BRDA:137,12,0,0
BRDA:137,12,1,0
BRDA:138,13,0,0
BRDA:138,13,1,0
BRDA:142,14,0,0
BRDA:142,14,1,0
BRDA:150,15,0,0
BRDA:150,15,1,0
BRDA:158,16,0,0
BRDA:158,16,1,0
BRDA:158,17,0,0
BRDA:158,17,1,0
BRDA:163,18,0,0
BRDA:163,18,1,0
BRDA:167,19,0,0
BRDA:167,19,1,0
BRDA:204,20,0,0
BRDA:204,20,1,0
BRDA:204,21,0,0
BRDA:204,21,1,0
BRDA:216,22,0,0
BRDA:216,22,1,0
BRDA:230,23,0,0
BRDA:230,23,1,0
BRDA:231,24,0,0
BRDA:231,24,1,0
BRDA:233,25,0,0
BRDA:233,25,1,0
BRDA:233,25,2,0
BRDA:247,26,0,0
BRDA:247,26,1,0
BRDA:252,27,0,0
BRDA:252,27,1,0
BRDA:264,28,0,0
BRDA:264,28,1,0
BRDA:283,29,0,0
BRDA:283,29,1,0
BRDA:294,30,0,0
BRDA:294,30,1,0
BRF:66
BRH:0
end_of_record
TN:
SF:src/components/modules/concierge-ai/ProductivityPrompts.tsx
FN:6,(anonymous_1)
FNF:1
FNH:0
FNDA:0,(anonymous_1)
DA:2,2
DA:3,2
DA:4,2
DA:6,2
DA:7,0
DA:15,2
LF:6
LH:5
BRF:0
BRH:0
end_of_record
TN:
SF:src/components/modules/concierge-ai/Summarizer.tsx
FN:6,(anonymous_1)
FNF:1
FNH:0
FNDA:0,(anonymous_1)
DA:2,2
DA:3,2
DA:4,2
DA:6,2
DA:7,0
DA:15,2
LF:6
LH:5
BRF:0
BRH:0
end_of_record
TN:
SF:src/components/modules/concierge-ai/Translator.tsx
FN:6,(anonymous_1)
FNF:1
FNH:0
FNDA:0,(anonymous_1)
DA:2,2
DA:3,2
DA:4,2
DA:6,2
DA:7,0
DA:15,2
LF:6
LH:5
BRF:0
BRH:0
end_of_record
TN:
SF:src/components/modules/concierge-ai/settings/AIDataPrivacy.tsx
FN:6,(anonymous_1)
FNF:1
FNH:0
FNDA:0,(anonymous_1)
DA:2,2
DA:3,2
DA:4,2
DA:6,2
DA:7,0
DA:15,2
LF:6
LH:5
BRF:0
BRH:0
end_of_record
TN:
SF:src/components/modules/concierge-ai/settings/AIModel.tsx
FN:6,(anonymous_1)
FNF:1
FNH:0
FNDA:0,(anonymous_1)
DA:2,2
DA:3,2
DA:4,2
DA:6,2
DA:7,0
DA:15,2
LF:6
LH:5
BRF:0
BRH:0
end_of_record
TN:
SF:src/components/modules/concierge-ai/settings/AIPersona.tsx
FN:6,(anonymous_1)
FNF:1
FNH:0
FNDA:0,(anonymous_1)
DA:2,2
DA:3,2
DA:4,2
DA:6,2
DA:7,0
DA:15,2
LF:6
LH:5
BRF:0
BRH:0
end_of_record
TN:
SF:src/components/modules/concierge-ai/settings/AIUsage.tsx
FN:6,(anonymous_1)
FNF:1
FNH:0
FNDA:0,(anonymous_1)
DA:2,2
DA:3,2
DA:4,2
DA:6,2
DA:7,0
DA:15,2
LF:6
LH:5
BRF:0
BRH:0
end_of_record
TN:
SF:src/components/modules/crm/AIMonitoring.tsx
FN:13,(anonymous_10)
FN:20,(anonymous_11)
FN:21,(anonymous_12)
FN:47,(anonymous_13)
FN:50,(anonymous_14)
FN:51,(anonymous_15)
FN:79,(anonymous_16)
FN:101,(anonymous_17)
FN:141,(anonymous_18)
FN:163,(anonymous_19)
FN:227,(anonymous_20)
FN:238,(anonymous_21)
FN:290,(anonymous_22)
FN:329,(anonymous_23)
FN:369,(anonymous_24)
FN:372,(anonymous_25)
FN:408,(anonymous_26)
FN:414,(anonymous_27)
FN:462,(anonymous_28)
FN:469,(anonymous_29)
FNF:20
FNH:0
FNDA:0,(anonymous_10)
FNDA:0,(anonymous_11)
FNDA:0,(anonymous_12)
FNDA:0,(anonymous_13)
FNDA:0,(anonymous_14)
FNDA:0,(anonymous_15)
FNDA:0,(anonymous_16)
FNDA:0,(anonymous_17)
FNDA:0,(anonymous_18)
FNDA:0,(anonymous_19)
FNDA:0,(anonymous_20)
FNDA:0,(anonymous_21)
FNDA:0,(anonymous_22)
FNDA:0,(anonymous_23)
FNDA:0,(anonymous_24)
FNDA:0,(anonymous_25)
FNDA:0,(anonymous_26)
FNDA:0,(anonymous_27)
FNDA:0,(anonymous_28)
FNDA:0,(anonymous_29)
DA:1,0
DA:2,0
DA:3,0
DA:13,0
DA:14,0
DA:15,0
DA:16,0
DA:17,0
DA:20,0
DA:21,0
DA:22,0
DA:23,0
DA:24,0
DA:25,0
DA:26,0
DA:27,0
DA:28,0
DA:30,0
DA:31,0
DA:33,0
DA:37,0
DA:41,0
DA:47,0
DA:50,0
DA:51,0
DA:52,0
DA:54,0
DA:80,0
DA:102,0
DA:142,0
DA:164,0
DA:228,0
DA:239,0
DA:291,0
DA:330,0
DA:370,0
DA:373,0
DA:409,0
DA:415,0
DA:456,0
DA:463,0
DA:464,0
DA:466,0
DA:469,0
DA:503,0
LF:45
LH:0
BRDA:25,0,0,0
BRDA:25,0,1,0
BRDA:30,1,0,0
BRDA:30,1,1,0
BRDA:44,2,0,0
BRDA:44,2,1,0
BRDA:45,3,0,0
BRDA:45,3,1,0
BRDA:47,4,0,0
BRDA:47,4,1,0
BRDA:52,5,0,0
BRDA:52,5,1,0
BRDA:61,6,0,0
BRDA:61,6,1,0
BRDA:67,7,0,0
BRDA:67,7,1,0
BRDA:103,8,0,0
BRDA:103,8,1,0
BRDA:110,9,0,0
BRDA:110,9,1,0
BRDA:112,10,0,0
BRDA:112,10,1,0
BRDA:130,11,0,0
BRDA:130,11,1,0
BRDA:184,12,0,0
BRDA:184,12,1,0
BRDA:242,13,0,0
BRDA:242,13,1,0
BRDA:266,14,0,0
BRDA:266,14,1,0
BRDA:338,15,0,0
BRDA:338,15,1,0
BRDA:351,16,0,0
BRDA:351,16,1,0
BRDA:418,17,0,0
BRDA:418,17,1,0
BRDA:437,18,0,0
BRDA:437,18,1,0
BRDA:471,19,0,0
BRDA:471,19,1,0
BRDA:478,20,0,0
BRDA:478,20,1,0
BRDA:479,21,0,0
BRDA:479,21,1,0
BRDA:483,22,0,0
BRDA:483,22,1,0
BRF:46
BRH:0
end_of_record
TN:
SF:src/components/modules/crm/CRMDashboard.tsx
FN:48,(anonymous_10)
FN:54,(anonymous_11)
FN:55,(anonymous_12)
FN:185,(anonymous_13)
FN:196,(anonymous_14)
FN:206,(anonymous_15)
FN:215,(anonymous_16)
FN:238,(anonymous_17)
FN:383,(anonymous_18)
FN:408,(anonymous_19)
FN:429,(anonymous_20)
FNF:11
FNH:0
FNDA:0,(anonymous_10)
FNDA:0,(anonymous_11)
FNDA:0,(anonymous_12)
FNDA:0,(anonymous_13)
FNDA:0,(anonymous_14)
FNDA:0,(anonymous_15)
FNDA:0,(anonymous_16)
FNDA:0,(anonymous_17)
FNDA:0,(anonymous_18)
FNDA:0,(anonymous_19)
FNDA:0,(anonymous_20)
DA:1,0
DA:2,0
DA:3,0
DA:48,0
DA:49,0
DA:50,0
DA:51,0
DA:54,0
DA:55,0
DA:56,0
DA:57,0
DA:58,0
DA:59,0
DA:60,0
DA:61,0
DA:62,0
DA:64,0
DA:65,0
DA:67,0
DA:178,0
DA:182,0
DA:185,0
DA:186,0
DA:187,0
DA:188,0
DA:189,0
DA:190,0
DA:191,0
DA:192,0
DA:196,0
DA:197,0
DA:198,0
DA:199,0
DA:200,0
DA:201,0
DA:202,0
DA:206,0
DA:207,0
DA:208,0
DA:209,0
DA:210,0
DA:211,0
DA:215,0
DA:216,0
DA:222,0
DA:223,0
DA:231,0
DA:232,0
DA:238,0
DA:248,0
DA:384,0
DA:385,0
DA:409,0
DA:430,0
DA:449,0
LF:55
LH:0
BRDA:59,0,0,0
BRDA:59,0,1,0
BRDA:64,1,0,0
BRDA:64,1,1,0
BRDA:186,2,0,0
BRDA:186,2,1,0
BRDA:186,2,2,0
BRDA:186,2,3,0
BRDA:186,2,4,0
BRDA:186,2,5,0
BRDA:197,3,0,0
BRDA:197,3,1,0
BRDA:197,3,2,0
BRDA:197,3,3,0
BRDA:197,3,4,0
BRDA:207,4,0,0
BRDA:207,4,1,0
BRDA:207,4,2,0
BRDA:207,4,3,0
BRDA:222,5,0,0
BRDA:222,5,1,0
BRDA:231,6,0,0
BRDA:231,6,1,0
BRDA:231,7,0,0
BRDA:231,7,1,0
BRDA:292,8,0,0
BRDA:292,8,1,0
BRDA:370,9,0,0
BRDA:370,9,1,0
BRDA:412,10,0,0
BRDA:412,10,1,0
BRF:31
BRH:0
end_of_record
TN:
SF:src/components/modules/crm/CommunicationCenter.tsx
FN:49,(anonymous_10)
FN:56,(anonymous_11)
FN:57,(anonymous_12)
FN:204,(anonymous_13)
FN:218,(anonymous_14)
FN:227,(anonymous_15)
FN:237,(anonymous_16)
FN:254,(anonymous_17)
FN:316,(anonymous_18)
FN:378,(anonymous_19)
FN:422,(anonymous_20)
FN:509,(anonymous_21)
FN:516,(anonymous_22)
FNF:13
FNH:0
FNDA:0,(anonymous_10)
FNDA:0,(anonymous_11)
FNDA:0,(anonymous_12)
FNDA:0,(anonymous_13)
FNDA:0,(anonymous_14)
FNDA:0,(anonymous_15)
FNDA:0,(anonymous_16)
FNDA:0,(anonymous_17)
FNDA:0,(anonymous_18)
FNDA:0,(anonymous_19)
FNDA:0,(anonymous_20)
FNDA:0,(anonymous_21)
FNDA:0,(anonymous_22)
DA:1,1
DA:2,1
DA:3,1
DA:49,1
DA:50,0
DA:51,0
DA:52,0
DA:53,0
DA:56,0
DA:57,0
DA:58,0
DA:59,0
DA:60,0
DA:61,0
DA:62,0
DA:63,0
DA:64,0
DA:66,0
DA:67,0
DA:69,0
DA:187,0
DA:191,0
DA:195,0
DA:204,0
DA:205,0
DA:206,0
DA:207,0
DA:208,0
DA:209,0
DA:210,0
DA:211,0
DA:212,0
DA:213,0
DA:214,0
DA:218,0
DA:219,0
DA:220,0
DA:221,0
DA:222,0
DA:223,0
DA:227,0
DA:228,0
DA:229,0
DA:230,0
DA:231,0
DA:232,0
DA:233,0
DA:237,0
DA:238,0
DA:239,0
DA:247,0
DA:248,0
DA:254,0
DA:264,0
DA:266,0
DA:317,0
DA:318,0
DA:366,0
DA:379,0
DA:410,0
DA:423,0
DA:485,0
DA:495,0
DA:510,0
DA:511,0
DA:513,0
DA:516,0
DA:544,1
LF:68
LH:5
BRDA:61,0,0,0
BRDA:61,0,1,0
BRDA:66,1,0,0
BRDA:66,1,1,0
BRDA:196,2,0,0
BRDA:196,2,1,0
BRDA:197,3,0,0
BRDA:197,3,1,0
BRDA:198,4,0,0
BRDA:198,4,1,0
BRDA:205,5,0,0
BRDA:205,5,1,0
BRDA:205,5,2,0
BRDA:205,5,3,0
BRDA:205,5,4,0
BRDA:205,5,5,0
BRDA:205,5,6,0
BRDA:205,5,7,0
BRDA:205,5,8,0
BRDA:219,6,0,0
BRDA:219,6,1,0
BRDA:219,6,2,0
BRDA:219,6,3,0
BRDA:228,7,0,0
BRDA:228,7,1,0
BRDA:228,7,2,0
BRDA:228,7,3,0
BRDA:228,7,4,0
BRDA:238,8,0,0
BRDA:238,8,1,0
BRDA:247,9,0,0
BRDA:247,9,1,0
BRDA:247,10,0,0
BRDA:247,10,1,0
BRDA:264,11,0,0
BRDA:264,11,1,0
BRDA:264,11,2,0
BRDA:264,11,3,0
BRDA:471,12,0,0
BRDA:471,12,1,0
BRDA:518,13,0,0
BRDA:518,13,1,0
BRDA:523,14,0,0
BRDA:523,14,1,0
BRDA:525,15,0,0
BRDA:525,15,1,0
BRF:46
BRH:0
end_of_record
TN:
SF:src/components/modules/crm/ContentManagement.tsx
FN:30,(anonymous_10)
FN:37,(anonymous_11)
FN:38,(anonymous_12)
FN:67,(anonymous_13)
FN:81,(anonymous_14)
FN:97,(anonymous_15)
FN:98,(anonymous_16)
FN:118,(anonymous_17)
FN:154,(anonymous_18)
FN:166,(anonymous_19)
FN:173,(anonymous_20)
FN:204,(anonymous_21)
FN:252,(anonymous_22)
FN:283,(anonymous_23)
FN:337,(anonymous_24)
FN:344,(anonymous_25)
FNF:16
FNH:0
FNDA:0,(anonymous_10)
FNDA:0,(anonymous_11)
FNDA:0,(anonymous_12)
FNDA:0,(anonymous_13)
FNDA:0,(anonymous_14)
FNDA:0,(anonymous_15)
FNDA:0,(anonymous_16)
FNDA:0,(anonymous_17)
FNDA:0,(anonymous_18)
FNDA:0,(anonymous_19)
FNDA:0,(anonymous_20)
FNDA:0,(anonymous_21)
FNDA:0,(anonymous_22)
FNDA:0,(anonymous_23)
FNDA:0,(anonymous_24)
FNDA:0,(anonymous_25)
DA:1,0
DA:2,0
DA:3,0
DA:30,0
DA:31,0
DA:32,0
DA:33,0
DA:34,0
DA:37,0
DA:38,0
DA:39,0
DA:40,0
DA:41,0
DA:42,0
DA:43,0
DA:44,0
DA:45,0
DA:47,0
DA:48,0
DA:50,0
DA:54,0
DA:58,0
DA:67,0
DA:68,0
DA:69,0
DA:72,0
DA:74,0
DA:77,0
DA:81,0
DA:82,0
DA:83,0
DA:88,0
DA:90,0
DA:93,0
DA:97,0
DA:98,0
DA:99,0
DA:101,0
DA:102,0
DA:112,0
DA:113,0
DA:118,0
DA:128,0
DA:130,0
DA:155,0
DA:166,0
DA:173,0
DA:205,0
DA:253,0
DA:284,0
DA:331,0
DA:338,0
DA:339,0
DA:341,0
DA:344,0
DA:378,0
LF:56
LH:0
BRDA:42,0,0,0
BRDA:42,0,1,0
BRDA:47,1,0,0
BRDA:47,1,1,0
BRDA:59,2,0,0
BRDA:59,2,1,0
BRDA:60,3,0,0
BRDA:60,3,1,0
BRDA:61,4,0,0
BRDA:61,4,1,0
BRDA:62,5,0,0
BRDA:62,5,1,0
BRDA:72,6,0,0
BRDA:72,6,1,0
BRDA:81,7,0,0
BRDA:88,8,0,0
BRDA:88,8,1,0
BRDA:99,9,0,0
BRDA:99,9,1,0
BRDA:101,10,0,0
BRDA:101,10,1,0
BRDA:112,11,0,0
BRDA:112,11,1,0
BRDA:128,12,0,0
BRDA:128,12,1,0
BRDA:137,13,0,0
BRDA:137,13,1,0
BRDA:143,14,0,0
BRDA:143,14,1,0
BRDA:153,15,0,0
BRDA:153,15,1,0
BRDA:193,16,0,0
BRDA:193,16,1,0
BRDA:203,17,0,0
BRDA:203,17,1,0
BRDA:228,18,0,0
BRDA:228,18,1,0
BRDA:239,19,0,0
BRDA:239,19,1,0
BRDA:271,20,0,0
BRDA:271,20,1,0
BRDA:282,21,0,0
BRDA:282,21,1,0
BRDA:312,22,0,0
BRDA:312,22,1,0
BRDA:312,22,2,0
BRDA:346,23,0,0
BRDA:346,23,1,0
BRDA:353,24,0,0
BRDA:353,24,1,0
BRDA:354,25,0,0
BRDA:354,25,1,0
BRDA:358,26,0,0
BRDA:358,26,1,0
BRF:54
BRH:0
end_of_record
TN:
SF:src/components/modules/crm/FinancialManagement.tsx
FN:53,(anonymous_10)
FN:60,(anonymous_11)
FN:61,(anonymous_12)
FN:204,(anonymous_13)
FN:214,(anonymous_14)
FN:223,(anonymous_15)
FN:232,(anonymous_16)
FN:239,(anonymous_17)
FN:256,(anonymous_18)
FN:328,(anonymous_19)
FN:368,(anonymous_20)
FN:426,(anonymous_21)
FN:433,(anonymous_22)
FNF:13
FNH:0
FNDA:0,(anonymous_10)
FNDA:0,(anonymous_11)
FNDA:0,(anonymous_12)
FNDA:0,(anonymous_13)
FNDA:0,(anonymous_14)
FNDA:0,(anonymous_15)
FNDA:0,(anonymous_16)
FNDA:0,(anonymous_17)
FNDA:0,(anonymous_18)
FNDA:0,(anonymous_19)
FNDA:0,(anonymous_20)
FNDA:0,(anonymous_21)
FNDA:0,(anonymous_22)
DA:1,1
DA:2,1
DA:3,1
DA:53,1
DA:54,0
DA:55,0
DA:56,0
DA:57,0
DA:60,0
DA:61,0
DA:62,0
DA:63,0
DA:64,0
DA:65,0
DA:66,0
DA:67,0
DA:68,0
DA:70,0
DA:71,0
DA:73,0
DA:187,0
DA:191,0
DA:195,0
DA:204,0
DA:205,0
DA:206,0
DA:207,0
DA:208,0
DA:209,0
DA:210,0
DA:214,0
DA:215,0
DA:216,0
DA:217,0
DA:218,0
DA:219,0
DA:223,0
DA:224,0
DA:225,0
DA:226,0
DA:227,0
DA:228,0
DA:232,0
DA:233,0
DA:239,0
DA:240,0
DA:241,0
DA:249,0
DA:250,0
DA:256,0
DA:266,0
DA:268,0
DA:329,0
DA:363,0
DA:369,0
DA:402,0
DA:412,0
DA:427,0
DA:428,0
DA:430,0
DA:433,0
DA:461,1
LF:62
LH:5
BRDA:65,0,0,0
BRDA:65,0,1,0
BRDA:70,1,0,0
BRDA:70,1,1,0
BRDA:196,2,0,0
BRDA:196,2,1,0
BRDA:197,3,0,0
BRDA:197,3,1,0
BRDA:198,4,0,0
BRDA:198,4,1,0
BRDA:205,5,0,0
BRDA:205,5,1,0
BRDA:205,5,2,0
BRDA:205,5,3,0
BRDA:205,5,4,0
BRDA:215,6,0,0
BRDA:215,6,1,0
BRDA:215,6,2,0
BRDA:215,6,3,0
BRDA:224,7,0,0
BRDA:224,7,1,0
BRDA:224,7,2,0
BRDA:224,7,3,0
BRDA:240,8,0,0
BRDA:240,8,1,0
BRDA:249,9,0,0
BRDA:249,9,1,0
BRDA:249,10,0,0
BRDA:249,10,1,0
BRDA:266,11,0,0
BRDA:266,11,1,0
BRDA:266,11,2,0
BRDA:273,12,0,0
BRDA:273,12,1,0
BRDA:277,13,0,0
BRDA:277,13,1,0
BRDA:281,14,0,0
BRDA:281,14,1,0
BRDA:435,15,0,0
BRDA:435,15,1,0
BRDA:440,16,0,0
BRDA:440,16,1,0
BRDA:442,17,0,0
BRDA:442,17,1,0
BRF:44
BRH:0
end_of_record
TN:
SF:src/components/modules/crm/ParentPortal.tsx
FN:44,(anonymous_10)
FN:51,(anonymous_11)
FN:52,(anonymous_12)
FN:197,(anonymous_13)
FN:206,(anonymous_14)
FN:216,(anonymous_15)
FN:227,(anonymous_16)
FN:244,(anonymous_17)
FN:312,(anonymous_18)
FN:319,(anonymous_19)
FN:400,(anonymous_20)
FN:440,(anonymous_21)
FN:483,(anonymous_22)
FN:490,(anonymous_23)
FNF:14
FNH:0
FNDA:0,(anonymous_10)
FNDA:0,(anonymous_11)
FNDA:0,(anonymous_12)
FNDA:0,(anonymous_13)
FNDA:0,(anonymous_14)
FNDA:0,(anonymous_15)
FNDA:0,(anonymous_16)
FNDA:0,(anonymous_17)
FNDA:0,(anonymous_18)
FNDA:0,(anonymous_19)
FNDA:0,(anonymous_20)
FNDA:0,(anonymous_21)
FNDA:0,(anonymous_22)
FNDA:0,(anonymous_23)
DA:1,1
DA:2,1
DA:3,1
DA:44,1
DA:45,0
DA:46,0
DA:47,0
DA:48,0
DA:51,0
DA:52,0
DA:53,0
DA:54,0
DA:55,0
DA:56,0
DA:57,0
DA:58,0
DA:59,0
DA:61,0
DA:62,0
DA:64,0
DA:180,0
DA:184,0
DA:188,0
DA:197,0
DA:198,0
DA:199,0
DA:200,0
DA:201,0
DA:202,0
DA:206,0
DA:207,0
DA:208,0
DA:209,0
DA:210,0
DA:211,0
DA:212,0
DA:216,0
DA:217,0
DA:218,0
DA:219,0
DA:220,0
DA:221,0
DA:222,0
DA:223,0
DA:227,0
DA:228,0
DA:229,0
DA:237,0
DA:238,0
DA:244,0
DA:254,0
DA:256,0
DA:313,0
DA:320,0
DA:376,0
DA:401,0
DA:435,0
DA:441,0
DA:442,0
DA:459,0
DA:469,0
DA:484,0
DA:485,0
DA:487,0
DA:490,0
DA:518,1
LF:66
LH:5
BRDA:56,0,0,0
BRDA:56,0,1,0
BRDA:61,1,0,0
BRDA:61,1,1,0
BRDA:189,2,0,0
BRDA:189,2,1,0
BRDA:190,3,0,0
BRDA:190,3,1,0
BRDA:192,4,0,0
BRDA:192,4,1,0
BRDA:198,5,0,0
BRDA:198,5,1,0
BRDA:198,5,2,0
BRDA:198,5,3,0
BRDA:207,6,0,0
BRDA:207,6,1,0
BRDA:207,6,2,0
BRDA:207,6,3,0
BRDA:207,6,4,0
BRDA:217,7,0,0
BRDA:217,7,1,0
BRDA:217,7,2,0
BRDA:217,7,3,0
BRDA:217,7,4,0
BRDA:217,7,5,0
BRDA:228,8,0,0
BRDA:228,8,1,0
BRDA:237,9,0,0
BRDA:237,9,1,0
BRDA:237,10,0,0
BRDA:237,10,1,0
BRDA:254,11,0,0
BRDA:254,11,1,0
BRDA:254,11,2,0
BRDA:254,11,3,0
BRDA:492,12,0,0
BRDA:492,12,1,0
BRDA:497,13,0,0
BRDA:497,13,1,0
BRDA:499,14,0,0
BRDA:499,14,1,0
BRF:41
BRH:0
end_of_record
TN:
SF:src/components/modules/crm/SchoolAnalytics.tsx
FN:5,(anonymous_10)
FN:18,(anonymous_11)
FN:19,(anonymous_12)
FN:47,(anonymous_13)
FN:70,(anonymous_14)
FN:137,(anonymous_15)
FN:182,(anonymous_16)
FN:218,(anonymous_17)
FN:241,(anonymous_18)
FN:277,(anonymous_19)
FN:302,(anonymous_20)
FN:331,(anonymous_21)
FN:393,(anonymous_22)
FN:471,(anonymous_23)
FN:510,(anonymous_24)
FN:517,(anonymous_25)
FNF:16
FNH:0
FNDA:0,(anonymous_10)
FNDA:0,(anonymous_11)
FNDA:0,(anonymous_12)
FNDA:0,(anonymous_13)
FNDA:0,(anonymous_14)
FNDA:0,(anonymous_15)
FNDA:0,(anonymous_16)
FNDA:0,(anonymous_17)
FNDA:0,(anonymous_18)
FNDA:0,(anonymous_19)
FNDA:0,(anonymous_20)
FNDA:0,(anonymous_21)
FNDA:0,(anonymous_22)
FNDA:0,(anonymous_23)
FNDA:0,(anonymous_24)
FNDA:0,(anonymous_25)
DA:1,0
DA:2,0
DA:3,0
DA:5,0
DA:6,0
DA:9,0
DA:18,0
DA:19,0
DA:20,0
DA:22,0
DA:48,0
DA:71,0
DA:138,0
DA:183,0
DA:219,0
DA:242,0
DA:278,0
DA:279,0
DA:303,0
DA:332,0
DA:394,0
DA:472,0
DA:504,0
DA:511,0
DA:512,0
DA:514,0
DA:517,0
DA:551,0
LF:28
LH:0
BRDA:20,0,0,0
BRDA:20,0,1,0
BRDA:29,1,0,0
BRDA:29,1,1,0
BRDA:35,2,0,0
BRDA:35,2,1,0
BRDA:93,3,0,0
BRDA:93,3,1,0
BRDA:151,4,0,0
BRDA:151,4,1,0
BRDA:207,5,0,0
BRDA:207,5,1,0
BRDA:268,6,0,0
BRDA:268,6,1,0
BRDA:352,7,0,0
BRDA:352,7,1,0
BRDA:403,8,0,0
BRDA:403,8,1,0
BRDA:409,9,0,0
BRDA:409,9,1,0
BRDA:423,10,0,0
BRDA:423,10,1,0
BRDA:475,11,0,0
BRDA:475,11,1,0
BRDA:519,12,0,0
BRDA:519,12,1,0
BRDA:526,13,0,0
BRDA:526,13,1,0
BRDA:527,14,0,0
BRDA:527,14,1,0
BRDA:531,15,0,0
BRDA:531,15,1,0
BRF:32
BRH:0
end_of_record
TN:
SF:src/components/modules/crm/StudentEnrollment.tsx
FN:33,(anonymous_10)
FN:40,(anonymous_11)
FN:41,(anonymous_12)
FN:135,(anonymous_13)
FN:145,(anonymous_14)
FN:154,(anonymous_15)
FN:171,(anonymous_16)
FN:233,(anonymous_17)
FN:294,(anonymous_18)
FN:323,(anonymous_19)
FN:370,(anonymous_20)
FN:377,(anonymous_21)
FNF:12
FNH:0
FNDA:0,(anonymous_10)
FNDA:0,(anonymous_11)
FNDA:0,(anonymous_12)
FNDA:0,(anonymous_13)
FNDA:0,(anonymous_14)
FNDA:0,(anonymous_15)
FNDA:0,(anonymous_16)
FNDA:0,(anonymous_17)
FNDA:0,(anonymous_18)
FNDA:0,(anonymous_19)
FNDA:0,(anonymous_20)
FNDA:0,(anonymous_21)
DA:1,2
DA:2,2
DA:3,2
DA:33,2
DA:34,0
DA:35,0
DA:36,0
DA:37,0
DA:40,0
DA:41,0
DA:42,0
DA:43,0
DA:44,0
DA:45,0
DA:46,0
DA:47,0
DA:48,0
DA:50,0
DA:51,0
DA:53,0
DA:118,0
DA:122,0
DA:126,0
DA:135,0
DA:136,0
DA:137,0
DA:138,0
DA:139,0
DA:140,0
DA:141,0
DA:145,0
DA:146,0
DA:147,0
DA:148,0
DA:149,0
DA:150,0
DA:154,0
DA:155,0
DA:156,0
DA:164,0
DA:165,0
DA:171,0
DA:181,0
DA:183,0
DA:234,0
DA:289,0
DA:295,0
DA:324,0
DA:346,0
DA:356,0
DA:371,0
DA:372,0
DA:374,0
DA:377,0
DA:405,2
LF:55
LH:5
BRDA:45,0,0,0
BRDA:45,0,1,0
BRDA:50,1,0,0
BRDA:50,1,1,0
BRDA:127,2,0,0
BRDA:127,2,1,0
BRDA:136,3,0,0
BRDA:136,3,1,0
BRDA:136,3,2,0
BRDA:136,3,3,0
BRDA:136,3,4,0
BRDA:146,4,0,0
BRDA:146,4,1,0
BRDA:146,4,2,0
BRDA:146,4,3,0
BRDA:155,5,0,0
BRDA:155,5,1,0
BRDA:164,6,0,0
BRDA:164,6,1,0
BRDA:164,7,0,0
BRDA:164,7,1,0
BRDA:181,8,0,0
BRDA:181,8,1,0
BRDA:181,8,2,0
BRDA:249,9,0,0
BRDA:249,9,1,0
BRDA:379,10,0,0
BRDA:379,10,1,0
BRDA:384,11,0,0
BRDA:384,11,1,0
BRDA:386,12,0,0
BRDA:386,12,1,0
BRF:32
BRH:0
end_of_record
TN:
[...]
DA:438,0
DA:439,0
DA:441,0
DA:442,0
DA:443,0
DA:444,0
DA:447,0
DA:456,0
DA:465,0
DA:466,0
DA:473,0
DA:474,0
DA:481,0
DA:482,0
DA:489,0
DA:490,0
DA:491,0
DA:492,0
DA:493,0
DA:494,0
DA:495,0
DA:496,0
DA:500,2
LF:156
LH:3
BRDA:58,0,0,2
BRDA:58,0,1,2
BRDA:78,1,0,0
BRDA:78,1,1,0
BRDA:84,2,0,0
BRDA:84,2,1,0
BRDA:84,2,2,0
BRDA:84,2,3,0
BRDA:84,2,4,0
BRDA:86,3,0,0
BRDA:86,3,1,0
BRDA:89,4,0,0
BRDA:89,4,1,0
BRDA:96,5,0,0
BRDA:96,5,1,0
BRDA:123,6,0,0
BRDA:123,6,1,0
BRDA:129,7,0,0
BRDA:129,7,1,0
BRDA:129,7,2,0
BRDA:129,7,3,0
BRDA:131,8,0,0
BRDA:131,8,1,0
BRDA:134,9,0,0
BRDA:134,9,1,0
BRDA:141,10,0,0
BRDA:141,10,1,0
BRDA:166,11,0,0
BRDA:166,11,1,0
BRDA:172,12,0,0
BRDA:172,12,1,0
BRDA:172,12,2,0
BRDA:172,12,3,0
BRDA:174,13,0,0
BRDA:174,13,1,0
BRDA:177,14,0,0
BRDA:177,14,1,0
BRDA:184,15,0,0
BRDA:184,15,1,0
BRDA:197,16,0,0
BRDA:197,16,1,0
BRDA:208,17,0,0
BRDA:208,17,1,0
BRDA:208,18,0,0
BRDA:208,18,1,0
BRDA:208,18,2,0
BRDA:228,19,0,0
BRDA:228,19,1,0
BRDA:229,20,0,0
BRDA:229,20,1,0
BRDA:291,21,0,0
BRDA:291,21,1,0
BRDA:292,22,0,0
BRDA:292,22,1,0
BRDA:293,23,0,0
BRDA:293,23,1,0
BRDA:321,24,0,0
BRDA:321,24,1,0
BRDA:322,25,0,0
BRDA:322,25,1,0
BRDA:323,26,0,0
BRDA:323,26,1,0
BRDA:401,27,0,0
BRDA:401,27,1,0
BRF:64
BRH:2
end_of_record
TN:
SF:src/services/enhancedAIProvider.ts
FN:50,(anonymous_0)
FN:59,(anonymous_1)
FN:89,(anonymous_2)
FN:153,(anonymous_3)
FN:197,(anonymous_4)
FN:234,(anonymous_5)
FN:257,(anonymous_6)
FN:280,(anonymous_7)
FN:303,(anonymous_8)
FN:326,(anonymous_9)
FN:340,(anonymous_10)
FN:354,(anonymous_11)
FN:385,(anonymous_12)
FN:420,(anonymous_13)
FNF:14
FNH:2
FNDA:2,(anonymous_0)
FNDA:2,(anonymous_1)
FNDA:0,(anonymous_2)
FNDA:0,(anonymous_3)
FNDA:0,(anonymous_4)
FNDA:0,(anonymous_5)
FNDA:0,(anonymous_6)
FNDA:0,(anonymous_7)
FNDA:0,(anonymous_8)
FNDA:0,(anonymous_9)
FNDA:0,(anonymous_10)
FNDA:0,(anonymous_11)
FNDA:0,(anonymous_12)
FNDA:0,(anonymous_13)
DA:6,2
DA:7,2
DA:43,2
DA:46,2
DA:47,2
DA:48,2
DA:51,2
DA:52,2
DA:53,2
DA:60,2
DA:63,2
DA:64,0
DA:67,2
DA:69,2
DA:70,2
DA:71,2
DA:73,0
DA:77,0
DA:78,0
DA:80,0
DA:82,0
DA:93,0
DA:100,0
DA:102,0
DA:103,0
DA:104,0
DA:107,0
DA:108,0
DA:109,0
DA:115,0
DA:116,0
DA:117,0
DA:118,0
DA:121,0
DA:127,0
DA:128,0
DA:133,0
DA:135,0
DA:145,0
DA:146,0
DA:165,0
DA:167,0
DA:170,0
DA:171,0
DA:172,0
DA:177,0
DA:178,0
DA:181,0
DA:186,0
DA:202,0
DA:207,0
DA:211,0
DA:213,0
DA:214,0
DA:216,0
DA:217,0
DA:219,0
DA:220,0
DA:222,0
DA:223,0
DA:225,0
DA:228,0
DA:243,0
DA:245,0
DA:247,0
DA:266,0
DA:268,0
DA:270,0
DA:289,0
DA:291,0
DA:293,0
DA:312,0
DA:314,0
DA:316,0
DA:327,0
DA:341,0
DA:348,0
DA:364,0
DA:365,0
DA:371,0
DA:372,0
DA:373,0
DA:375,0
DA:397,0
DA:398,0
DA:401,0
DA:402,0
DA:407,0
DA:412,0
DA:413,0
DA:425,0
DA:426,0
DA:429,0
DA:430,0
DA:431,0
DA:432,0
DA:434,0
DA:437,0
DA:446,2
DA:448,2
LF:100
LH:17
BRDA:51,0,0,0
BRDA:51,0,1,2
BRDA:63,1,0,0
BRDA:63,1,1,2
BRDA:71,2,0,0
BRDA:71,2,1,2
BRDA:77,3,0,0
BRDA:77,3,1,0
BRDA:91,4,0,0
BRDA:95,5,0,0
BRDA:96,6,0,0
BRDA:97,7,0,0
BRDA:98,8,0,0
BRDA:107,9,0,0
BRDA:107,9,1,0
BRDA:107,10,0,0
BRDA:107,10,1,0
BRDA:115,11,0,0
BRDA:115,11,1,0
BRDA:137,12,0,0
BRDA:137,12,1,0
BRDA:146,13,0,0
BRDA:146,13,1,0
BRDA:155,14,0,0
BRDA:158,15,0,0
BRDA:159,16,0,0
BRDA:160,17,0,0
BRDA:170,18,0,0
BRDA:170,18,1,0
BRDA:170,19,0,0
BRDA:170,19,1,0
BRDA:177,20,0,0
BRDA:177,20,1,0
BRDA:200,21,0,0
BRDA:202,22,0,0
BRDA:207,23,0,0
BRDA:207,23,1,0
BRDA:211,24,0,0
BRDA:211,24,1,0
BRDA:211,24,2,0
BRDA:211,24,3,0
BRDA:211,24,4,0
BRDA:241,25,0,0
BRDA:264,26,0,0
BRDA:266,27,0,0
BRDA:268,28,0,0
BRDA:268,28,1,0
BRDA:287,29,0,0
BRDA:310,30,0,0
BRDA:312,31,0,0
BRDA:348,32,0,0
BRDA:348,32,1,0
BRDA:356,33,0,0
BRDA:364,34,0,0
BRDA:364,34,1,0
BRDA:377,35,0,0
BRDA:377,35,1,0
BRDA:387,36,0,0
BRDA:388,37,0,0
BRDA:397,38,0,0
BRDA:397,38,1,0
BRDA:429,39,0,0
BRDA:429,39,1,0
BRDA:429,40,0,0
BRDA:429,40,1,0
BRDA:431,41,0,0
BRDA:431,41,1,0
BRDA:431,42,0,0
BRDA:431,42,1,0
BRF:69
BRH:3
end_of_record
TN:
SF:src/services/enhancedAIService.ts
FN:22,(anonymous_0)
FN:27,(anonymous_1)
FN:65,(anonymous_2)
FN:89,(anonymous_3)
FN:122,(anonymous_4)
FN:154,(anonymous_5)
FN:174,(anonymous_6)
FN:211,(anonymous_7)
FN:229,(anonymous_8)
FN:267,(anonymous_9)
FN:277,(anonymous_10)
FN:281,(anonymous_11)
FNF:12
FNH:1
FNDA:3,(anonymous_0)
FNDA:0,(anonymous_1)
FNDA:0,(anonymous_2)
FNDA:0,(anonymous_3)
FNDA:0,(anonymous_4)
FNDA:0,(anonymous_5)
FNDA:0,(anonymous_6)
FNDA:0,(anonymous_7)
FNDA:0,(anonymous_8)
FNDA:0,(anonymous_9)
FNDA:0,(anonymous_10)
FNDA:0,(anonymous_11)
DA:1,2
DA:2,2
DA:3,2
DA:19,2
DA:23,3
DA:35,0
DA:36,0
DA:38,0
DA:39,0
DA:47,0
DA:49,0
DA:50,0
DA:51,0
DA:54,0
DA:55,0
DA:58,0
DA:59,0
DA:60,0
DA:74,0
DA:75,0
DA:77,0
DA:85,0
DA:96,0
DA:114,0
DA:116,0
DA:129,0
DA:146,0
DA:148,0
DA:161,0
DA:163,0
DA:181,0
DA:203,0
DA:205,0
DA:219,0
DA:221,0
DA:230,0
DA:232,0
DA:243,0
DA:245,0
DA:246,0
DA:247,0
DA:249,0
DA:250,0
DA:252,0
DA:253,0
DA:255,0
DA:256,0
DA:258,0
DA:259,0
DA:263,0
DA:268,0
DA:269,0
DA:270,0
DA:272,0
DA:278,0
DA:279,0
DA:280,0
DA:281,0
DA:283,0
DA:289,2
LF:60
LH:6
BRDA:22,0,0,3
BRDA:29,1,0,0
BRDA:35,2,0,0
BRDA:35,2,1,0
BRDA:36,3,0,0
BRDA:36,3,1,0
BRDA:68,4,0,0
BRDA:74,5,0,0
BRDA:74,5,1,0
BRDA:75,6,0,0
BRDA:75,6,1,0
BRDA:94,7,0,0
BRDA:126,8,0,0
BRDA:127,9,0,0
BRDA:159,10,0,0
BRDA:179,11,0,0
BRDA:217,12,0,0
BRDA:243,13,0,0
BRDA:243,13,1,0
BRDA:243,14,0,0
BRDA:243,14,1,0
BRDA:245,15,0,0
BRDA:245,15,1,0
BRDA:246,16,0,0
BRDA:246,16,1,0
BRDA:249,17,0,0
BRDA:249,17,1,0
BRDA:252,18,0,0
BRDA:252,18,1,0
BRDA:255,19,0,0
BRDA:255,19,1,0
BRDA:258,20,0,0
BRDA:258,20,1,0
BRDA:258,21,0,0
BRDA:258,21,1,0
BRDA:281,22,0,0
BRDA:281,22,1,0
BRF:37
BRH:1
end_of_record
TN:
SF:src/services/ollamaService.ts
FN:28,(anonymous_0)
FN:36,(anonymous_1)
FN:49,(anonymous_2)
FN:56,(anonymous_3)
FN:66,(anonymous_4)
FN:120,(anonymous_5)
FN:153,(anonymous_6)
FN:184,(anonymous_7)
FN:206,(anonymous_8)
FN:240,(anonymous_9)
FN:267,(anonymous_10)
FN:295,(anonymous_11)
FNF:12
FNH:1
FNDA:1,(anonymous_0)
FNDA:0,(anonymous_1)
FNDA:0,(anonymous_2)
FNDA:0,(anonymous_3)
FNDA:0,(anonymous_4)
FNDA:0,(anonymous_5)
FNDA:0,(anonymous_6)
FNDA:0,(anonymous_7)
FNDA:0,(anonymous_8)
FNDA:0,(anonymous_9)
FNDA:0,(anonymous_10)
FNDA:0,(anonymous_11)
DA:29,1
DA:30,1
DA:37,0
DA:38,0
DA:39,0
DA:41,0
DA:42,0
DA:50,0
DA:51,0
DA:52,0
DA:53,0
DA:55,0
DA:56,0
DA:58,0
DA:59,0
DA:70,0
DA:72,0
DA:73,0
DA:76,0
DA:77,0
DA:81,0
DA:83,0
DA:99,0
DA:100,0
DA:103,0
DA:105,0
DA:112,0
DA:113,0
DA:125,0
DA:127,0
DA:128,0
DA:134,0
DA:135,0
DA:138,0
DA:139,0
DA:140,0
DA:142,0
DA:145,0
DA:146,0
DA:159,0
DA:169,0
DA:176,0
DA:190,0
DA:196,0
DA:200,0
DA:211,0
DA:230,0
DA:234,0
DA:244,0
DA:257,0
DA:261,0
DA:272,0
DA:285,0
DA:289,0
DA:300,0
DA:306,0
DA:310,0
DA:315,1
DA:318,1
LF:59
LH:4
BRDA:28,0,0,1
BRDA:28,1,0,1
BRDA:52,2,0,0
BRDA:52,2,1,0
BRDA:56,3,0,0
BRDA:56,3,1,0
BRDA:68,4,0,0
BRDA:70,5,0,0
BRDA:70,5,1,0
BRDA:76,6,0,0
BRDA:76,6,1,0
BRDA:93,7,0,0
BRDA:93,7,1,0
BRDA:94,8,0,0
BRDA:94,8,1,0
BRDA:99,9,0,0
BRDA:99,9,1,0
BRDA:123,10,0,0
BRDA:125,11,0,0
BRDA:125,11,1,0
BRDA:139,12,0,0
BRDA:139,12,1,0
BRDA:192,13,0,0
BRDA:192,13,1,0
BRDA:219,14,0,0
BRDA:219,14,1,0
BRDA:274,15,0,0
BRDA:274,15,1,0
BRDA:298,16,0,0
BRDA:300,17,0,0
BRDA:300,17,1,0
BRF:31
BRH:2
end_of_record
TN:
SF:src/services/vectorDBBridge.ts
FN:42,(anonymous_0)
FN:50,(anonymous_1)
FN:53,(anonymous_2)
FN:76,(anonymous_3)
FN:83,(anonymous_4)
FN:115,(anonymous_5)
FN:126,(anonymous_6)
FN:133,(anonymous_7)
FN:162,(anonymous_8)
FN:165,(anonymous_9)
FN:187,(anonymous_10)
FN:200,(anonymous_11)
FN:224,(anonymous_12)
FN:234,(anonymous_13)
FN:247,(anonymous_14)
FN:279,(anonymous_15)
FNF:16
FNH:2
FNDA:3,(anonymous_0)
FNDA:2,(anonymous_1)
FNDA:0,(anonymous_2)
FNDA:0,(anonymous_3)
FNDA:0,(anonymous_4)
FNDA:0,(anonymous_5)
FNDA:0,(anonymous_6)
FNDA:0,(anonymous_7)
FNDA:0,(anonymous_8)
FNDA:0,(anonymous_9)
FNDA:0,(anonymous_10)
FNDA:0,(anonymous_11)
FNDA:0,(anonymous_12)
FNDA:0,(anonymous_13)
FNDA:0,(anonymous_14)
FNDA:0,(anonymous_15)
DA:38,3
DA:43,3
DA:44,3
DA:51,2
DA:52,2
DA:53,2
DA:55,2
DA:62,2
DA:63,2
DA:66,2
DA:67,0
DA:69,2
DA:81,0
DA:82,0
DA:83,0
DA:85,0
DA:98,0
DA:100,0
DA:101,0
DA:104,0
DA:105,0
DA:107,0
DA:108,0
DA:120,0
DA:121,0
DA:122,0
DA:123,0
DA:126,0
DA:127,0
DA:128,0
DA:132,0
DA:133,0
DA:135,0
DA:141,0
DA:143,0
DA:145,0
DA:146,0
DA:149,0
DA:151,0
DA:152,0
DA:163,0
DA:164,0
DA:165,0
DA:167,0
DA:171,0
DA:173,0
DA:174,0
DA:177,0
DA:179,0
DA:180,0
DA:188,0
DA:189,0
DA:190,0
DA:192,0
DA:193,0
DA:215,0
DA:217,0
DA:218,0
DA:220,0
DA:221,0
DA:224,0
DA:233,0
DA:234,0
DA:237,0
DA:239,0
DA:240,0
DA:253,0
DA:255,0
DA:256,0
DA:258,0
DA:259,0
DA:260,0
DA:262,0
DA:263,0
DA:266,0
DA:273,0
DA:288,0
DA:289,0
DA:291,0
DA:292,0
DA:303,0
DA:305,0
DA:315,0
DA:329,3
DA:333,3
LF:85
LH:13
BRDA:42,0,0,0
BRDA:42,1,0,3
BRDA:66,2,0,0
BRDA:66,2,1,2
BRDA:78,3,0,0
BRDA:79,4,0,0
BRDA:100,5,0,0
BRDA:100,5,1,0
BRDA:108,6,0,0
BRDA:108,6,1,0
BRDA:117,7,0,0
BRDA:118,8,0,0
BRDA:127,9,0,0
BRDA:127,9,1,0
BRDA:127,10,0,0
BRDA:127,10,1,0
BRDA:145,11,0,0
BRDA:145,11,1,0
BRDA:146,12,0,0
BRDA:146,12,1,0
BRDA:154,13,0,0
BRDA:154,13,1,0
BRDA:173,14,0,0
BRDA:173,14,1,0
BRDA:190,15,0,0
BRDA:190,15,1,0
BRDA:202,16,0,0
BRDA:212,17,0,0
BRDA:213,18,0,0
BRDA:214,19,0,0
BRDA:220,20,0,0
BRDA:220,20,1,0
BRDA:220,21,0,0
BRDA:220,21,1,0
BRDA:226,22,0,0
BRDA:226,22,1,0
BRDA:226,22,2,0
BRDA:227,23,0,0
BRDA:227,23,1,0
BRDA:249,24,0,0
BRDA:250,25,0,0
BRDA:262,26,0,0
BRDA:262,26,1,0
BRDA:268,27,0,0
BRDA:268,27,1,0
BRDA:291,28,0,0
BRDA:291,28,1,0
BRDA:310,29,0,0
BRDA:310,29,1,0
BRDA:311,30,0,0
BRDA:311,30,1,0
BRDA:330,31,0,3
BRDA:330,31,1,3
BRF:53
BRH:4
end_of_record
TN:
SF:src/services/vercelAIOllamaProvider.ts
FN:17,(anonymous_0)
FN:25,(anonymous_1)
FN:60,(anonymous_2)
FN:84,(anonymous_3)
FN:138,(anonymous_4)
FN:139,(anonymous_5)
FN:147,createOllama
FN:148,(anonymous_7)
FN:167,getOptimalModel
FNF:9
FNH:1
FNDA:0,(anonymous_0)
FNDA:0,(anonymous_1)
FNDA:0,(anonymous_2)
FNDA:0,(anonymous_3)
FNDA:0,(anonymous_4)
FNDA:0,(anonymous_5)
FNDA:2,createOllama
FNDA:0,(anonymous_7)
FNDA:0,getOptimalModel
DA:10,2
DA:11,0
DA:12,0
DA:15,0
DA:21,0
DA:22,0
DA:26,0
DA:28,0
DA:38,0
DA:44,0
DA:45,0
DA:48,0
DA:50,0
DA:61,0
DA:63,0
DA:73,0
DA:79,0
DA:80,0
DA:83,0
DA:85,0
DA:86,0
DA:87,0
DA:88,0
DA:91,0
DA:92,0
DA:94,0
DA:95,0
DA:96,0
DA:97,0
DA:99,0
DA:100,0
DA:101,0
DA:103,0
DA:104,0
DA:105,0
DA:106,0
DA:107,0
DA:108,0
DA:113,0
DA:114,0
DA:130,0
DA:132,0
DA:139,0
DA:147,2
DA:148,2
DA:152,2
DA:157,2
DA:167,2
DA:168,0
DA:179,0
LF:50
LH:6
BRDA:19,0,0,0
BRDA:22,1,0,0
BRDA:22,1,1,0
BRDA:30,2,0,0
BRDA:30,2,1,0
BRDA:33,3,0,0
BRDA:33,3,1,0
BRDA:34,4,0,0
BRDA:34,4,1,0
BRDA:44,5,0,0
BRDA:44,5,1,0
BRDA:51,6,0,0
BRDA:51,6,1,0
BRDA:54,7,0,0
BRDA:54,7,1,0
BRDA:55,8,0,0
BRDA:55,8,1,0
BRDA:65,9,0,0
BRDA:65,9,1,0
BRDA:68,10,0,0
BRDA:68,10,1,0
BRDA:69,11,0,0
BRDA:69,11,1,0
BRDA:79,12,0,0
BRDA:79,12,1,0
BRDA:86,13,0,0
BRDA:86,13,1,0
BRDA:97,14,0,0
BRDA:97,14,1,0
BRDA:101,15,0,0
BRDA:101,15,1,0
BRDA:104,16,0,0
BRDA:104,16,1,0
BRDA:107,17,0,0
BRDA:107,17,1,0
BRDA:113,18,0,0
BRDA:113,18,1,0
BRDA:118,19,0,0
BRDA:118,19,1,0
BRDA:119,20,0,0
BRDA:119,20,1,0
BRDA:140,21,0,0
BRDA:140,21,1,0
BRDA:141,22,0,0
BRDA:141,22,1,0
BRDA:147,23,0,0
BRDA:153,24,0,2
BRDA:153,24,1,2
BRDA:179,25,0,0
BRDA:179,25,1,0
BRF:50
BRH:2
end_of_record
TN:
SF:src/utils/apiInterceptor.ts
FN:36,(anonymous_0)
FN:38,(anonymous_1)
FN:48,(anonymous_2)
FN:55,(anonymous_3)
FN:62,(anonymous_4)
FN:75,(anonymous_5)
FN:185,(anonymous_6)
FN:189,(anonymous_7)
FN:193,(anonymous_8)
FN:197,(anonymous_9)
FN:201,(anonymous_10)
FN:208,(anonymous_11)
FN:209,(anonymous_12)
FN:220,(anonymous_13)
FN:229,(anonymous_14)
FN:236,(anonymous_15)
FN:240,(anonymous_16)
FN:242,(anonymous_17)
FN:248,(anonymous_18)
FN:260,(anonymous_19)
FN:292,(anonymous_20)
FN:315,(anonymous_21)
FN:338,(anonymous_22)
FN:366,(anonymous_23)
FN:370,(anonymous_24)
FN:374,(anonymous_25)
FN:378,(anonymous_26)
FN:382,(anonymous_27)
FNF:28
FNH:0
FNDA:0,(anonymous_0)
FNDA:0,(anonymous_1)
FNDA:0,(anonymous_2)
FNDA:0,(anonymous_3)
FNDA:0,(anonymous_4)
FNDA:0,(anonymous_5)
FNDA:0,(anonymous_6)
FNDA:0,(anonymous_7)
FNDA:0,(anonymous_8)
FNDA:0,(anonymous_9)
FNDA:0,(anonymous_10)
FNDA:0,(anonymous_11)
FNDA:0,(anonymous_12)
FNDA:0,(anonymous_13)
FNDA:0,(anonymous_14)
FNDA:0,(anonymous_15)
FNDA:0,(anonymous_16)
FNDA:0,(anonymous_17)
FNDA:0,(anonymous_18)
FNDA:0,(anonymous_19)
FNDA:0,(anonymous_20)
FNDA:0,(anonymous_21)
FNDA:0,(anonymous_22)
FNDA:0,(anonymous_23)
FNDA:0,(anonymous_24)
FNDA:0,(anonymous_25)
FNDA:0,(anonymous_26)
FNDA:0,(anonymous_27)
DA:6,0
DA:7,0
DA:27,0
DA:29,0
DA:30,0
DA:33,0
DA:34,0
DA:39,0
DA:40,0
DA:42,0
DA:49,0
DA:56,0
DA:63,0
DA:64,0
DA:65,0
DA:68,0
DA:71,0
DA:72,0
DA:75,0
DA:76,0
DA:79,0
DA:81,0
DA:89,0
DA:99,0
DA:100,0
DA:106,0
DA:107,0
DA:108,0
DA:109,0
DA:112,0
DA:116,0
DA:118,0
DA:119,0
DA:120,0
DA:121,0
DA:125,0
DA:129,0
DA:136,0
DA:137,0
DA:141,0
DA:148,0
DA:149,0
DA:153,0
DA:155,0
DA:159,0
DA:162,0
DA:165,0
DA:166,0
DA:167,0
DA:170,0
DA:174,0
DA:178,0
DA:186,0
DA:190,0
DA:194,0
DA:198,0
DA:202,0
DA:209,0
DA:210,0
DA:212,0
DA:214,0
DA:221,0
DA:222,0
DA:223,0
DA:224,0
DA:225,0
DA:230,0
DA:231,0
DA:233,0
DA:237,0
DA:241,0
DA:242,0
DA:243,0
DA:245,0
DA:249,0
DA:250,0
DA:253,0
DA:254,0
DA:257,0
DA:261,0
DA:262,0
DA:265,0
DA:266,0
DA:267,0
DA:268,0
DA:269,0
DA:270,0
DA:271,0
DA:272,0
DA:275,0
DA:293,0
DA:308,0
DA:316,0
DA:331,0
DA:339,0
DA:354,0
DA:363,0
DA:366,0
DA:367,0
DA:370,0
DA:371,0
DA:374,0
DA:375,0
DA:378,0
DA:379,0
DA:382,0
DA:383,0
LF:107
LH:0
BRDA:39,0,0,0
BRDA:39,0,1,0
BRDA:65,1,0,0
BRDA:65,1,1,0
BRDA:77,2,0,0
BRDA:77,2,1,0
BRDA:99,3,0,0
BRDA:99,3,1,0
BRDA:99,4,0,0
BRDA:99,4,1,0
BRDA:100,5,0,0
BRDA:100,5,1,0
BRDA:120,6,0,0
BRDA:120,6,1,0
BRDA:136,7,0,0
BRDA:136,7,1,0
BRDA:148,8,0,0
BRDA:148,8,1,0
BRDA:165,9,0,0
BRDA:165,9,1,0
BRDA:166,10,0,0
BRDA:166,10,1,0
BRDA:222,11,0,0
BRDA:222,11,1,0
BRDA:230,12,0,0
BRDA:230,12,1,0
BRDA:230,13,0,0
BRDA:230,13,1,0
BRDA:233,14,0,0
BRDA:233,14,1,0
BRDA:249,15,0,0
BRDA:249,15,1,0
BRDA:253,16,0,0
BRDA:253,16,1,0
BRDA:253,17,0,0
BRDA:253,17,1,0
BRDA:254,18,0,0
BRDA:254,18,1,0
BRDA:254,18,2,0
BRDA:254,18,3,0
BRDA:265,19,0,0
BRDA:265,19,1,0
BRDA:267,20,0,0
BRDA:267,20,1,0
BRDA:267,21,0,0
BRDA:267,21,1,0
BRDA:270,22,0,0
BRDA:270,22,1,0
BRF:48
BRH:0
end_of_record
TN:
SF:src/utils/errorHandler.ts
FN:6,(anonymous_0)
FN:13,(anonymous_1)
FN:52,(anonymous_2)
FN:54,(anonymous_3)
FN:64,(anonymous_4)
FN:105,(anonymous_5)
FN:136,(anonymous_6)
FN:146,(anonymous_7)
FN:147,(anonymous_8)
FN:150,(anonymous_9)
FN:169,(anonymous_10)
FN:177,(anonymous_11)
FN:181,(anonymous_12)
FN:185,(anonymous_13)
FN:234,(anonymous_14)
FN:252,(anonymous_15)
FN:266,(anonymous_16)
FN:275,(anonymous_17)
FN:286,(anonymous_18)
FN:287,(anonymous_19)
FN:295,(anonymous_20)
FN:305,(anonymous_21)
FNF:22
FNH:4
FNDA:1,(anonymous_0)
FNDA:1,(anonymous_1)
FNDA:1,(anonymous_2)
FNDA:1,(anonymous_3)
FNDA:0,(anonymous_4)
FNDA:0,(anonymous_5)
FNDA:0,(anonymous_6)
FNDA:0,(anonymous_7)
FNDA:0,(anonymous_8)
FNDA:0,(anonymous_9)
FNDA:0,(anonymous_10)
FNDA:0,(anonymous_11)
FNDA:0,(anonymous_12)
FNDA:0,(anonymous_13)
FNDA:0,(anonymous_14)
FNDA:0,(anonymous_15)
FNDA:0,(anonymous_16)
FNDA:0,(anonymous_17)
FNDA:0,(anonymous_18)
FNDA:0,(anonymous_19)
FNDA:0,(anonymous_20)
FNDA:0,(anonymous_21)
DA:6,1
DA:7,1
DA:8,1
DA:9,1
DA:10,1
DA:13,1
DA:14,1
DA:15,1
DA:16,1
DA:17,1
DA:18,1
DA:19,1
DA:20,1
DA:46,1
DA:48,1
DA:49,1
DA:50,1
DA:55,1
DA:56,1
DA:58,1
DA:71,0
DA:89,0
DA:92,0
DA:95,0
DA:96,0
DA:99,0
DA:111,0
DA:113,0
DA:114,0
DA:117,0
DA:118,0
DA:119,0
DA:120,0
DA:122,0
DA:124,0
DA:125,0
DA:126,0
DA:128,0
DA:142,0
DA:143,0
DA:146,0
DA:147,0
DA:150,0
DA:151,0
DA:152,0
DA:156,0
DA:158,0
DA:170,0
DA:171,0
DA:178,0
DA:182,0
DA:186,0
DA:231,0
DA:236,0
DA:239,0
DA:240,0
DA:244,0
DA:245,0
DA:253,0
DA:255,0
DA:257,0
DA:260,0
DA:262,0
DA:269,0
DA:277,0
DA:287,0
DA:292,1
DA:295,1
DA:302,0
DA:305,1
DA:311,0
LF:71
LH:23
BRDA:6,0,0,1
BRDA:6,0,1,1
BRDA:13,1,0,1
BRDA:13,1,1,1
BRDA:55,2,0,1
BRDA:55,2,1,0
BRDA:67,3,0,0
BRDA:68,4,0,0
BRDA:69,5,0,0
BRDA:73,6,0,0
BRDA:73,6,1,0
BRDA:82,7,0,0
BRDA:82,7,1,0
BRDA:83,8,0,0
BRDA:83,8,1,0
BRDA:95,9,0,0
BRDA:95,9,1,0
BRDA:108,10,0,0
BRDA:109,11,0,0
BRDA:111,12,0,0
BRDA:111,12,1,0
BRDA:113,13,0,0
BRDA:113,13,1,0
BRDA:124,14,0,0
BRDA:124,14,1,0
BRDA:231,15,0,0
BRDA:231,15,1,0
BRDA:239,16,0,0
BRDA:239,16,1,0
BRDA:253,17,0,0
BRDA:253,17,1,0
BRDA:253,17,2,0
BRDA:253,17,3,0
BRDA:253,17,4,0
BRDA:269,18,0,0
BRDA:269,18,1,0
BRDA:298,19,0,0
BRDA:299,20,0,0
BRDA:300,21,0,0
BRDA:308,22,0,0
BRDA:309,23,0,0
BRF:41
BRH:5
end_of_record
TN:
SF:src/utils/logger.ts
FN:6,(anonymous_0)
FN:14,(anonymous_1)
FN:57,(anonymous_2)
FN:62,(anonymous_3)
FN:72,(anonymous_4)
FN:79,(anonymous_5)
FN:86,(anonymous_6)
FN:93,(anonymous_7)
FN:100,(anonymous_8)
FN:107,(anonymous_9)
FN:114,(anonymous_10)
FN:125,(anonymous_11)
FN:145,(anonymous_12)
FN:165,(anonymous_13)
FN:193,(anonymous_14)
FN:204,(anonymous_15)
FN:216,(anonymous_16)
FN:219,(anonymous_17)
FN:228,(anonymous_18)
FN:243,(anonymous_19)
FN:246,(anonymous_20)
FN:249,(anonymous_21)
FN:256,(anonymous_22)
FN:260,(anonymous_23)
FN:262,(anonymous_24)
FN:266,(anonymous_25)
FN:285,(anonymous_26)
FN:289,(anonymous_27)
FN:303,(anonymous_28)
FN:308,(anonymous_29)
FN:352,(anonymous_30)
FN:374,(anonymous_31)
FN:382,(anonymous_32)
FN:383,(anonymous_33)
FN:393,(anonymous_34)
FN:401,(anonymous_35)
FN:405,(anonymous_36)
FN:409,(anonymous_37)
FN:419,(anonymous_38)
FN:423,(anonymous_39)
FN:427,(anonymous_40)
FN:431,(anonymous_41)
FNF:42
FNH:6
FNDA:1,(anonymous_0)
FNDA:1,(anonymous_1)
FNDA:1,(anonymous_2)
FNDA:1,(anonymous_3)
FNDA:0,(anonymous_4)
FNDA:0,(anonymous_5)
FNDA:0,(anonymous_6)
FNDA:0,(anonymous_7)
FNDA:0,(anonymous_8)
FNDA:0,(anonymous_9)
FNDA:0,(anonymous_10)
FNDA:0,(anonymous_11)
FNDA:0,(anonymous_12)
FNDA:0,(anonymous_13)
FNDA:0,(anonymous_14)
FNDA:0,(anonymous_15)
FNDA:0,(anonymous_16)
FNDA:0,(anonymous_17)
FNDA:0,(anonymous_18)
FNDA:0,(anonymous_19)
FNDA:0,(anonymous_20)
FNDA:0,(anonymous_21)
FNDA:0,(anonymous_22)
FNDA:0,(anonymous_23)
FNDA:0,(anonymous_24)
FNDA:0,(anonymous_25)
FNDA:0,(anonymous_26)
FNDA:0,(anonymous_27)
FNDA:0,(anonymous_28)
FNDA:0,(anonymous_29)
FNDA:0,(anonymous_30)
FNDA:0,(anonymous_31)
FNDA:1,(anonymous_32)
FNDA:0,(anonymous_33)
FNDA:0,(anonymous_34)
FNDA:0,(anonymous_35)
FNDA:1,(anonymous_36)
FNDA:0,(anonymous_37)
FNDA:0,(anonymous_38)
FNDA:0,(anonymous_39)
FNDA:0,(anonymous_40)
FNDA:0,(anonymous_41)
DA:6,1
DA:7,1
DA:8,1
DA:9,1
DA:10,1
DA:11,1
DA:14,1
DA:15,1
DA:16,1
DA:17,1
DA:18,1
DA:19,1
DA:20,1
DA:21,1
DA:22,1
DA:49,1
DA:51,1
DA:52,1
DA:53,1
DA:54,1
DA:58,1
DA:59,1
DA:63,1
DA:64,1
DA:66,1
DA:73,0
DA:80,0
DA:87,0
DA:94,0
DA:101,0
DA:108,0
DA:115,0
DA:132,0
DA:133,0
DA:152,0
DA:153,0
DA:166,0
DA:167,0
DA:175,0
DA:185,0
DA:186,0
DA:194,0
DA:205,0
DA:206,0
DA:217,0
DA:219,0
DA:220,0
DA:221,0
DA:239,0
DA:240,0
DA:243,0
DA:244,0
DA:246,0
DA:249,0
DA:250,0
DA:251,0
DA:255,0
DA:256,0
DA:260,0
DA:261,0
DA:262,0
DA:265,0
DA:266,0
DA:269,0
DA:286,0
DA:288,0
DA:289,0
DA:290,0
DA:291,0
DA:292,0
DA:293,0
DA:297,0
DA:304,0
DA:305,0
DA:317,0
DA:319,0
DA:338,0
DA:341,0
DA:342,0
DA:346,0
DA:349,0
DA:353,0
DA:354,0
DA:355,0
DA:357,0
DA:359,0
DA:360,0
DA:362,0
DA:363,0
DA:365,0
DA:366,0
DA:369,0
DA:370,0
DA:376,0
DA:383,1
DA:384,0
DA:393,1
DA:394,0
DA:402,0
DA:406,1
DA:411,0
DA:416,1
DA:419,1
DA:420,0
DA:423,1
DA:424,0
DA:427,1
DA:428,0
DA:431,1
DA:432,0
LF:110
LH:33
BRDA:6,0,0,1
BRDA:6,0,1,1
BRDA:14,1,0,1
BRDA:14,1,1,1
BRDA:63,2,0,1
BRDA:63,2,1,0
BRDA:132,3,0,0
BRDA:132,3,1,0
BRDA:152,4,0,0
BRDA:152,4,1,0
BRDA:166,5,0,0
BRDA:166,5,1,0
BRDA:185,6,0,0
BRDA:185,6,1,0
BRDA:205,7,0,0
BRDA:205,7,1,0
BRDA:205,8,0,0
BRDA:205,8,1,0
BRDA:244,9,0,0
BRDA:244,9,1,0
BRDA:261,10,0,0
BRDA:261,10,1,0
BRDA:262,11,0,0
BRDA:262,11,1,0
BRDA:266,12,0,0
BRDA:266,12,1,0
BRDA:288,13,0,0
BRDA:288,13,1,0
BRDA:290,14,0,0
BRDA:290,14,1,0
BRDA:290,15,0,0
BRDA:290,15,1,0
BRDA:291,16,0,0
BRDA:291,16,1,0
BRDA:291,17,0,0
BRDA:291,17,1,0
BRDA:292,18,0,0
BRDA:292,18,1,0
BRDA:292,19,0,0
BRDA:292,19,1,0
BRDA:317,20,0,0
BRDA:317,20,1,0
BRDA:341,21,0,0
BRDA:341,21,1,0
BRDA:357,22,0,0
BRDA:357,22,1,0
BRDA:357,22,2,0
BRDA:357,22,3,0
BRDA:357,22,4,0
BRDA:376,23,0,0
BRDA:376,23,1,0
BRDA:376,24,0,0
BRDA:376,24,1,0
BRF:53
BRH:5
end_of_record
